22453 5872 335 16777216
22510 4792 53 16777216
22575 5218 53 16777216
22506 5116 62 16777216
23055 6130 69 16777216
22982 4707 55 16777216
22983 5117 56 16777216
71223 5030 59 16777216
24214 5801 71 16777216
22905 5098 53 16777216
22594 5305 57 16777216
22508 5134 60 16777216
23041 6107 62 16777216
22758 4743 56 16777216
22702 5194 56 16777216
22566 5040 60 16777216
22796 6443 74 16777216
22614 4660 47 16777216
71185 5201 49 16777216
22626 5084 59 16777216
23875 5950 54 16777216
23098 5444 46 16777216
23102 4853 52 16777216
22889 5529 57 16777216
23031 5555 58 16777216
22833 5381 51 16777216
22818 4822 52 16777216
22614 5337 58 16777216
22704 6264 76 16777216
22759 4950 53 16777216
22767 5430 57 16777216
22463 5056 56 16777216
22841 5826 64 16777216
22791 4647 69 16777216
71361 5200 56 16777216
22448 5183 60 16777216
23376 6283 67 16777216
22504 4822 58 16777216
22560 5357 52 16777216
23007 5121 64 16777216
22703 5946 69 16777216
22563 4875 51 16777216
22848 5230 59 16777216
22554 5079 58 16777216
23177 5238 58 16777216
22764 5520 52 16777216
22723 4862 55 16777216
22699 5381 58 16777216
22918 5172 64 16777216
23863 5378 57 16777216
22698 4826 52 16777216
22376 5458 56 16777216
22799 5802 65 16777216
22534 5103 57 16777216
71387 5399 60 16777216
22471 5067 58 16777216
37498 8954 68 16777216
37100 9606 67 16777216
37286 8432 60 16777216
22579 5737 57 16777216
31770 7686 63 16777216
30807 8134 57 16777216
30147 6841 56 16777216
22761 5673 60 16777216
22625 5796 62 16777216
22781 4805 45 16777216
22634 5304 56 16777216
22552 5051 60 16777216
26273 5802 83 16777216
22661 5327 47 16777216
22440 4769 55 16777216
22288 5383 50 16777216
22877 6046 73 16777216
71496 5033 65 16777216
23042 5462 65 16777216
22665 5167 62 16777216
23312 6566 112 16777216
22751 4688 76 16777216
22820 5261 61 16777216
23889 5057 50 16777216
23178 5686 69 16777216
27056 5851 59 16777216
22659 5370 54 16777216
22801 5078 54 16777216
22873 5638 61 16777216
22710 5520 47 16777216
22679 4849 45 16777216
22392 5531 57 16777216
22499 5792 72 16777216
22848 5151 61 16777216
22867 5525 58 16777216
22605 5174 59 16777216
22873 6230 73 16777216
23072 5070 60 16777216
22898 5496 56 16777216
22527 5199 54 16777216
23132 5820 59 16777216
22852 5429 47 16777216
29782 4863 57 16777216
22705 4752 58 16777216
23311 5914 72 16777216
22710 5439 54 16777216
22773 5509 59 16777216
22787 5479 60 16777216
23880 5959 60 16777216
23273 4796 51 16777216
23212 4872 50 16777216
22995 4738 48 16777216
23239 5868 64 16777216
23158 5267 53 16777216
23153 5447 53 16777216
22881 5487 58 16777216
22990 5998 71 16777216
22965 5436 55 16777216
23003 5459 55 16777216
22877 5449 59 16777216
25364 5876 65 16777216
23126 5267 62 16777216
22987 5515 63 16777216
22855 5671 66 16777216
23031 5858 70 16777216
22999 5341 48 16777216
23568 5486 63 16777216
22930 5631 59 16777216
23199 5843 71 16777216
22961 5310 54 16777216
22916 5329 54 16777216
22772 5416 57 16777216
23373 5700 60 16777216
23148 5249 54 16777216
23216 5238 51 16777216
22957 5405 53 16777216
22998 5686 71 16777216
22683 5233 58 16777216
22757 5359 51 16777216
22630 5467 58 16777216
23065 6145 68 16777216
22664 5319 50 16777216
23119 5373 53 16777216
22726 5561 67 16777216
24583 5903 63 16777216
23015 5491 63 16777216
29251 5543 63 16777216
23929 4864 110 16777216
22546 5899 71 16777216
22825 5355 53 16777216
22902 5486 61 16777216
22706 5563 59 16777216
23180 5989 65 16777216
22801 5543 56 16777216
22967 5589 57 16777216
22711 5534 58 16777216
23097 6486 68 16777216
23034 5475 62 16777216
22992 5556 61 16777216
22554 5463 59 16777216
23476 6158 75 16777216
23374 5464 52 16777216
23414 5480 54 16777216
23089 5555 56 16777216
22934 5460 57 16777216
22916 5503 60 16777216
22970 5598 56 16777216
22768 5671 62 16777216
23232 5568 61 16777216
22807 5563 57 16777216
23090 5515 57 16777216
22542 5526 58 16777216
23436 4723 75 16777216
27816 5848 74 16777216
33066 7256 77 16777216
22453 5588 70 16777216
70090 5588 68 16777216
22556 5504 58 16777216
22415 5477 56 16777216
22226 5663 60 16777216
23085 4739 71 16777216
22752 4774 56 16777216