1298 591 383 2097152
2885 442 28 2097152
2859 432 21 2097152
2839 442 23 2097152
2868 422 21 2097152
2791 475 18 2097152
2831 430 18 2097152
2827 448 19 2097152
2906 417 17 2097152
2796 453 18 2097152
2908 420 19 2097152
3074 445 19 2097152
2963 417 19 2097152
2868 1169 19 2097152
2821 429 19 2097152
2798 431 17 2097152
2897 421 18 2097152
2741 432 17 2097152
2805 404 16 2097152
2842 419 16 2097152
2795 430 16 2097152
2834 422 15 2097152
2854 398 18 2097152
2836 753 16 2097152
2834 632 18 2097152
2828 767 16 2097152
2835 643 22 2097152
2872 779 23 2097152
2869 644 23 2097152
2877 784 23 2097152
2895 642 22 2097152
2821 783 19 2097152
3012 974 30 2097152
2873 440 23 2097152
2867 418 23 2097152
2880 436 24 2097152
2859 426 23 2097152
2821 437 17 2097152
2875 418 22 2097152
2870 433 20 2097152
2903 425 18 2097152
2815 453 17 2097152
2831 447 17 2097152
2813 451 16 2097152
2818 439 17 2097152
2841 451 17 2097152
2863 410 16 2097152
2874 430 17 2097152
2934 428 17 2097152
2780 437 16 2097152
2813 425 16 2097152
2865 448 18 2097152
2863 427 16 2097152
2795 488 17 2097152
2965 423 21 2097152
2876 434 16 2097152
2860 403 17 2097152
2831 441 16 2097152
2847 399 17 2097152
2843 433 16 2097152
2848 411 16 2097152
2872 432 16 2097152
2824 446 16 2097152
2853 410 16 2097152
2981 1033 36 2097152
2895 430 22 2097152
2872 436 23 2097152
2839 447 17 2097152
2864 447 16 2097152
2820 456 17 2097152
2877 406 17 2097152
2881 400 16 2097152
2878 446 17 2097152
2810 433 16 2097152
2832 427 16 2097152
2917 457 20 2097152
2983 444 21 2097152
2979 470 20 2097152
2975 460 19 2097152
2993 456 20 2097152
3028 455 20 2097152
2831 426 19 2097152
2854 389 15 2097152
2850 460 16 2097152
2879 407 16 2097152
2879 440 16 2097152
2883 402 15 2097152
2884 422 16 2097152
2835 436 17 2097152
2856 425 17 2097152
2816 424 16 2097152
2863 425 16 2097152
2876 404 16 2097152
2872 426 16 2097152
2836 428 18 2097152
2819 417 16 2097152
3044 1032 36 2097152
2914 432 23 2097152
2903 419 16 2097152
2847 430 17 2097152
2864 418 17 2097152
2848 589 19 2097152
2891 402 17 2097152
2865 430 16 2097152
2904 453 16 2097152
2832 441 15 2097152
2864 401 15 2097152
2873 435 16 2097152
2877 429 16 2097152
2871 431 16 2097152
2848 432 16 2097152
2875 457 15 2097152
2951 431 15 2097152
2817 419 16 2097152
5781 449 21 2097152
2908 423 15 2097152
2868 415 15 2097152
2870 432 16 2097152
2857 420 15 2097152
2896 427 16 2097152
2902 403 15 2097152
2895 437 24 2097152
2838 432 16 2097152
2868 447 15 2097152
2864 415 15 2097152
2877 427 15 2097152
2865 421 15 2097152
2882 433 16 2097152
3086 1614 32 2097152
2916 928 19 2097152
2870 753 17 2097152
2837 955 23 2097152
2889 735 19 2097152
2856 932 17 2097152
2863 749 16 2097152
2848 903 16 2097152
2902 758 16 2097152
2842 927 15 2097152
2844 743 16 2097152
2879 869 16 2097152
2850 738 15 2097152
2842 955 16 2097152
2858 739 16 2097152
2888 906 15 2097152
2945 718 16 2097152
2797 939 16 2097152
2922 737 18 2097152
2895 919 16 2097152
2864 731 16 2097152
2827 970 16 2097152
2885 720 16 2097152
2836 940 16 2097152
2877 716 16 2097152
2831 923 16 2097152
2875 720 17 2097152
2897 909 16 2097152
2858 719 16 2097152
2873 951 17 2097152
2861 735 21 2097152
2894 924 17 2097152
3066 1579 35 2097152
2961 508 23 2097152
3000 455 25 2097152
2945 498 24 2097152
2990 439 27 2097152
2924 967 24 2097152
2985 757 24 2097152
2956 920 25 2097152
2994 756 24 2097152
2922 939 24 2097152
2950 767 25 2097152
2959 913 24 2097152
2952 753 25 2097152
2953 946 22 2097152
2957 772 25 2097152
2954 943 25 2097152
3014 749 25 2097152
2870 913 25 2097152
2957 739 25 2097152
2989 938 24 2097152
2943 771 24 2097152
2959 955 25 2097152
2942 386 33 2097152
2861 422 22 2097152
2815 440 23 2097152
2871 427 23 2097152
2853 413 17 2097152
2859 409 23 2097152
2892 406 22 2097152
2849 422 18 2097152
2900 435 23 2097152
2881 430 17 2097152
2980 1671 28 2097152
2847 964 23 2097152
2849 729 16 2097152
2850 920 17 2097152
2895 737 23 2097152
2872 920 23 2097152
2892 724 18 2097152
2901 907 23 2097152
2958 743 23 2097152
2878 940 23 2097152
2843 785 22 2097152
2884 921 23 2097152
2899 741 23 2097152
2897 917 23 2097152
2942 720 23 2097152
2875 838 23 2097152
2991 734 23 2097152
2825 905 22 2097152
2872 741 23 2097152
2912 916 23 2097152
2887 743 23 2097152
2995 926 25 2097152
2902 715 22 2097152
2885 930 23 2097152
2931 735 22 2097152
2839 880 23 2097152
2875 784 22 2097152
2913 933 23 2097152
2880 744 23 2097152
2937 906 22 2097152
2846 727 22 2097152
2862 914 23 2097152
2893 1515 37 2097152
2862 916 17 2097152
2874 723 17 2097152
2857 909 16 2097152
2861 751 28 2097152
2868 925 22 2097152
2907 758 25 2097152
2877 896 17 2097152
2889 771 23 2097152
2886 904 23 2097152
2843 767 22 2097152
2936 861 23 2097152
2880 718 23 2097152
2911 869 23 2097152
2948 797 25 2097152
2940 880 23 2097152
2995 727 23 2097152
2827 907 23 2097152
2905 733 23 2097152
2885 921 24 2097152
2923 738 23 2097152
2916 966 23 2097152
2849 775 23 2097152
2857 977 23 2097152
2848 708 23 2097152
2889 905 23 2097152
2905 725 23 2097152
2915 921 22 2097152
2931 748 23 2097152
2919 912 24 2097152
2901 781 23 2097152
2807 923 22 2097152
2992 1199 39 2097152
2843 455 19 2097152
2855 444 16 2097152
2848 449 17 2097152
2876 447 22 2097152
2856 445 18 2097152
2856 417 17 2097152
2837 456 16 2097152
2908 432 16 2097152
2803 451 16 2097152
2863 426 16 2097152
2852 444 15 2097152
2849 447 16 2097152
2869 431 15 2097152
2859 417 15 2097152
2846 451 15 2097152
2933 446 17 2097152
2782 442 15 2097152
2849 434 16 2097152
2837 449 15 2097152
2870 419 16 2097152
2883 420 22 2097152
2862 403 16 2097152
2850 440 16 2097152
2826 448 17 2097152
2865 434 16 2097152
2867 429 16 2097152
2846 449 16 2097152
2882 425 15 2097152
2871 421 15 2097152
2849 437 16 2097152
2848 440 16 2097152
2973 1221 29 2097152
2911 442 17 2097152
3066 419 18 2097152
2973 442 18 2097152
2892 429 16 2097152
2841 436 16 2097152
2869 413 16 2097152
2834 440 16 2097152
2926 418 16 2097152
2786 445 15 2097152
2845 432 17 2097152
2837 442 16 2097152
2833 430 16 2097152
2876 415 16 2097152
2807 453 16 2097152
2826 440 15 2097152
2925 423 17 2097152
3682 816 33 2097152
2921 745 25 2097152
2858 459 22 2097152
2859 422 22 2097152
2862 450 24 2097152
2871 453 22 2097152
2855 483 23 2097152
2864 449 19 2097152
2852 439 16 2097152
2853 429 16 2097152
2851 475 15 2097152
2834 465 15 2097152
2869 432 15 2097152
2855 436 16 2097152
2864 417 16 2097152
3026 49710 36 2097152
2884 445 20 2097152
2886 423 17 2097152
2849 440 17 2097152
2842 459 17 2097152
2886 422 17 2097152
2895 414 16 2097152
2860 421 15 2097152
2917 409 16 2097152
2810 446 19 2097152
2843 425 16 2097152
2843 436 15 2097152
2823 431 16 2097152
2850 452 16 2097152
2845 428 16 2097152
2872 430 32 2097152
2918 418 16 2097152
2808 559 20 2097152
2851 410 15 2097152
2853 436 15 2097152
2865 413 16 2097152
2849 434 15 2097152
2821 427 15 2097152
2840 433 15 2097152
2825 457 17 2097152
2904 410 16 2097152
2838 444 17 2097152
2864 458 17 2097152
2845 431 17 2097152
2830 440 16 2097152
2863 420 16 2097152
2814 442 16 2097152
2950 1026 40 2097152
2859 443 22 2097152
2858 435 15 2097152
2831 424 14 2097152
2867 416 15 2097152
2853 431 17 2097152
2868 420 22 2097152
2859 438 23 2097152
2881 428 17 2097152
2829 429 16 2097152
2822 432 16 2097152
2890 423 17 2097152
2831 430 15 2097152
2827 445 15 2097152
2883 416 15 2097152
2843 422 15 2097152
2917 416 15 2097152
2743 449 16 2097152
2873 406 16 2097152
2841 438 16 2097152
2830 436 16 2097152
2857 424 16 2097152
2832 430 15 2097152
2842 437 16 2097152
2802 431 17 2097152
2843 470 16 2097152
2859 427 16 2097152
2895 425 15 2097152
2884 416 16 2097152
2847 434 16 2097152
2853 427 15 2097152
2850 417 16 2097152
3023 828 31 2097152
2846 427 17 2097152
2822 428 16 2097152
2834 441 22 2097152
2874 422 18 2097152
2843 429 16 2097152
2840 423 17 2097152
2875 443 18 2097152
2876 417 16 2097152
2794 438 16 2097152
2825 433 17 2097152
2881 425 19 2097152
2856 433 16 2097152
2886 439 19 2097152
2839 416 16 2097152
2856 428 23 2097152
2947 443 16 2097152
2789 435 15 2097152
2845 423 15 2097152
2852 428 17 2097152
2850 426 15 2097152
2878 417 14 2097152
2861 415 17 2097152
2828 449 16 2097152
2840 436 15 2097152
2862 434 17 2097152
2880 420 16 2097152
2842 419 16 2097152
2865 424 16 2097152
2834 448 16 2097152
2825 443 16 2097152
2861 421 16 2097152
2972 1192 37 2097152
2838 940 17 2097152
2850 715 17 2097152
2813 956 16 2097152
2883 733 23 2097152
2831 929 18 2097152
2884 716 23 2097152
2854 925 22 2097152
2885 710 23 2097152
2873 433 28 2097152
2895 419 18 2097152
2865 443 17 2097152
2870 440 21 2097152
2823 455 15 2097152
2870 422 15 2097152
2808 456 17 2097152
2959 403 16 2097152
2787 402 15 2097152
2808 428 16 2097152
2849 423 16 2097152
2846 422 16 2097152
2823 444 16 2097152
2849 420 15 2097152
2870 435 17 2097152
2810 424 16 2097152
2831 442 16 2097152
2892 416 16 2097152
2872 451 16 2097152
2834 420 16 2097152
2838 422 15 2097152
2849 415 16 2097152
2797 457 16 2097152
3004 1252 32 2097152
2880 432 24 2097152
2867 428 17 2097152
2867 427 17 2097152
2876 421 16 2097152
2870 440 17 2097152
2854 479 23 2097152
2863 436 18 2097152
2897 441 17 2097152
2848 431 18 2097152
2871 425 17 2097152
2839 434 23 2097152
2894 425 17 2097152
2866 447 16 2097152
2855 424 16 2097152
2841 440 15 2097152
2950 426 16 2097152
2768 446 15 2097152
2877 422 18 2097152
2860 432 16 2097152
2890 424 16 2097152
2876 436 17 2097152
2850 438 15 2097152
2798 463 15 2097152
2896 392 15 2097152
2823 457 16 2097152
2885 424 17 2097152
2885 415 17 2097152
2880 401 16 2097152
2916 391 16 2097152
2893 414 23 2097152
2860 420 22 2097152
3045 695 36 2097152
2889 426 19 2097152
2835 407 17 2097152
2848 430 17 2097152
2863 429 17 2097152
2837 429 17 2097152
51410 428 16 2097152
2827 441 16 2097152
2892 407 16 2097152
2818 402 17 2097152
2802 434 17 2097152
2845 423 16 2097152
2826 391 15 2097152
2908 380 24 2097152
2812 415 22 2097152
3002 433 24 2097152
2932 432 23 2097152
2782 439 23 2097152
4109 406 27 2097152
2866 438 23 2097152
2831 429 16 2097152
2825 431 22 2097152
2876 414 23 2097152
2807 439 22 2097152
2873 405 22 2097152
2852 409 23 2097152
2858 400 22 2097152
2864 452 23 2097152
2856 421 23 2097152
2871 439 23 2097152
2897 389 23 2097152
2838 432 23 2097152
2956 1039 37 2097152
2913 439 18 2097152
2872 425 22 2097152
2859 409 23 2097152
2912 392 22 2097152
2822 463 23 2097152
2870 396 24 2097152
2882 415 23 2097152
2873 428 23 2097152
2837 431 22 2097152
2867 392 16 2097152
2866 419 22 2097152
2895 400 23 2097152
2884 471 22 2097152
2846 406 22 2097152
2849 447 23 2097152
2952 414 22 2097152
2805 431 22 2097152
2852 398 16 2097152
2861 448 24 2097152
2841 408 21 2097152
2886 412 22 2097152
2811 401 22 2097152
2884 399 22 2097152
2820 400 22 2097152
3020 438 25 2097152
2848 388 15 2097152
2846 435 22 2097152
2836 389 22 2097152
2850 437 22 2097152
2890 382 22 2097152
2881 412 22 2097152
3042 1380 34 2097152
2879 457 25 2097152
2866 437 22 2097152
2831 495 23 2097152
2896 482 22 2097152
2818 494 22 2097152
2851 445 18 2097152
2805 472 16 2097152
2899 434 17 2097152
2823 471 16 2097152
2844 441 16 2097152
2842 445 15 2097152
2828 425 15 2097152
2852 451 16 2097152
2842 418 16 2097152
2855 431 16 2097152
2920 440 17 2097152
2759 453 16 2097152
2826 436 16 2097152
2818 453 15 2097152
2836 434 16 2097152
2876 432 16 2097152
2852 403 16 2097152
2845 462 16 2097152
2843 444 16 2097152
2822 456 16 2097152
2837 429 16 2097152
2841 455 16 2097152
2831 413 16 2097152
2877 414 15 2097152
2839 431 16 2097152
2805 430 16 2097152
3119 1302 36 2097152
2943 456 24 2097152
2930 414 22 2097152
2842 443 22 2097152
2880 463 23 2097152
2846 433 23 2097152
2856 458 22 2097152
2885 484 23 2097152
2921 452 23 2097152
2854 456 26 2097152
2841 438 17 2097152
2856 454 16 2097152
2829 440 16 2097152
2852 418 16 2097152
2835 424 15 2097152
2848 417 16 2097152
2905 460 16 2097152
2748 452 15 2097152
2843 439 15 2097152
3002 734 29 2097152
2919 650 22 2097152
2864 735 22 2097152
2791 678 22 2097152
2888 721 22 2097152
2849 669 23 2097152
2927 687 23 2097152
2868 653 18 2097152
2894 733 16 2097152
2864 654 16 2097152
2865 752 16 2097152
2849 649 16 2097152
2882 760 16 2097152
3022 1651 35 2097152
2841 493 23 2097152
2862 420 22 2097152
2853 463 23 2097152
2895 436 24 2097152
2854 476 22 2097152
2848 461 19 2097152
2837 575 16 2097152
2887 742 19 2097152
2846 909 16 2097152
2833 745 16 2097152
2825 836 16 2097152
2866 711 16 2097152
2853 877 17 2097152
5596 869 148 2097152
2964 822 19 2097152
3261 509 44 2097152
5217 537 26 2097152
2915 447 17 2097152
3405 451 19 2097152
2819 441 16 2097152
2888 439 16 2097152
2952 397 18 2097152
2890 448 16 2097152
2943 429 16 2097152
2929 450 17 2097152
2970 414 18 2097152
3892 688 28 2097152
2999 417 17 2097152
2865 454 17 2097152
2837 417 16 2097152
2820 451 16 2097152
3006 1728 39 2097152
2863 457 24 2097152
2900 421 23 2097152
3743 878 39 2097152
2878 712 23 2097152
2691 875 23 2097152
2858 705 23 2097152
2836 880 22 2097152
2858 738 22 2097152
2779 877 23 2097152
2809 721 22 2097152
2862 839 23 2097152
2826 732 17 2097152
2856 864 16 2097152
2833 741 21 2097152
2823 890 16 2097152
2938 708 16 2097152
2789 882 17 2097152
2839 716 16 2097152
2835 863 16 2097152
2828 723 16 2097152
2783 903 16 2097152
2861 718 16 2097152
2930 892 15 2097152
2931 723 16 2097152
2890 858 17 2097152
2832 719 15 2097152
2848 863 16 2097152
2827 708 15 2097152
2849 877 16 2097152
2816 729 15 2097152
2875 859 16 2097152
2951 1306 36 2097152
2921 899 18 2097152
3080 748 20 2097152
2860 932 16 2097152
2893 740 16 2097152
2836 938 16 2097152
2869 718 15 2097152
2860 876 16 2097152
2913 716 16 2097152
2833 882 16 2097152
2883 741 17 2097152
2854 908 15 2097152
2846 745 15 2097152
2855 950 16 2097152
2825 754 15 2097152
2844 895 15 2097152
2936 729 17 2097152
2799 940 16 2097152
2840 721 15 2097152
2848 851 16 2097152
2826 733 16 2097152
2893 849 17 2097152
2855 754 16 2097152
2866 931 15 2097152
2866 727 16 2097152
2894 839 16 2097152
2872 740 16 2097152
2904 921 16 2097152
2872 749 15 2097152
2888 921 16 2097152
3300 765 27 2097152
2912 921 17 2097152
2990 1617 29 2097152
2853 841 18 2097152
2857 731 17 2097152
2838 945 17 2097152
2866 725 17 2097152
2822 946 17 2097152
2833 727 16 2097152
2831 918 16 2097152
2859 753 16 2097152
2789 918 16 2097152
2840 735 16 2097152
2870 909 16 2097152
2836 741 15 2097152
2880 890 16 2097152
2857 730 15 2097152
2811 968 16 2097152
2959 720 15 2097152
2768 935 16 2097152
2852 730 16 2097152
2847 931 16 2097152
2858 729 15 2097152
2801 936 29 2097152
2841 736 15 2097152
2830 917 16 2097152
2860 707 15 2097152
2856 892 16 2097152
2837 731 15 2097152
2836 929 15 2097152
2839 738 16 2097152
2889 885 16 2097152
2812 739 16 2097152
2888 987 21 2097152
3008 1443 44 2097152
2938 729 23 2097152
2915 636 23 2097152
2919 726 23 2097152
2922 644 22 2097152
2867 742 17 2097152
3446 715 21 2097152
2910 429 17 2097152
2908 429 16 2097152
2843 476 16 2097152
2870 433 16 2097152
2885 449 17 2097152
2869 446 22 2097152
2887 460 23 2097152
2846 433 17 2097152
2871 471 17 2097152
2969 430 17 2097152
2793 437 16 2097152
2860 431 16 2097152
2862 444 17 2097152
2879 411 16 2097152
2886 441 17 2097152
2855 416 16 2097152
2898 433 16 2097152
2861 409 17 2097152
2850 446 16 2097152
2846 435 16 2097152
2885 440 17 2097152
2849 421 16 2097152
2887 407 16 2097152
2848 420 16 2097152
2855 414 16 2097152
3033 1193 36 2097152
2873 909 22 2097152
2859 723 22 2097152
2829 954 23 2097152
2868 719 17 2097152
2863 911 22 2097152
2851 744 22 2097152
2836 937 18 2097152
2874 748 17 2097152
2966 932 19 2097152
2893 715 19 2097152
2857 934 15 2097152
2806 722 15 2097152
2817 924 15 2097152
2859 726 22 2097152
2875 848 17 2097152
2926 714 17 2097152
2783 928 17 2097152
2882 710 22 2097152
2843 921 22 2097152
2842 754 23 2097152
2907 915 18 2097152
2847 756 17 2097152
2841 908 16 2097152
2832 748 17 2097152
2850 920 16 2097152
2847 738 16 2097152
2853 845 16 2097152
2865 727 16 2097152
3699 916 19 2097152
2846 745 17 2097152
2926 902 19 2097152
2904 1441 30 2097152
2890 811 22 2097152
2869 723 18 2097152
3264 950 30 2097152
4383 775 20 2097152
2993 932 16 2097152
2881 729 18 2097152
2824 934 15 2097152
2886 725 16 2097152
2818 927 23 2097152
2873 714 22 2097152
3110 954 24 2097152
2938 713 24 2097152
2874 927 17 2097152
2885 709 16 2097152
2826 961 16 2097152
2904 727 17 2097152
2766 923 17 2097152
2853 734 22 2097152
2823 927 18 2097152
2828 725 17 2097152
2854 920 16 2097152
2827 734 16 2097152
2829 910 15 2097152
2864 722 15 2097152
2868 934 16 2097152
2855 706 15 2097152
2830 945 16 2097152
2851 715 15 2097152
2849 960 16 2097152
2825 698 15 2097152
2842 932 15 2097152
2978 1260 36 2097152
2872 928 17 2097152
2891 710 23 2097152
2884 902 22 2097152
2903 736 22 2097152
2889 914 23 2097152
2866 754 22 2097152
2869 953 23 2097152
2909 719 22 2097152
2836 926 22 2097152
2826 739 17 2097152
2864 904 16 2097152
2834 747 16 2097152
2823 938 15 2097152
2883 740 16 2097152
2885 919 17 2097152
2948 719 16 2097152
2775 903 15 2097152
2862 729 16 2097152
2831 903 16 2097152
2809 742 16 2097152
2860 910 16 2097152
2862 723 15 2097152
2847 931 16 2097152
2835 754 16 2097152
2858 944 16 2097152
2859 727 16 2097152
2806 983 16 2097152
2862 731 16 2097152
2878 872 15 2097152
3731 794 27 2097152
2906 904 17 2097152
3020 871 46 2097152
2859 442 18 2097152
2849 441 23 2097152
3019 448 27 2097152
2932 419 23 2097152
2865 444 18 2097152
2860 418 17 2097152
2845 433 16 2097152
2893 429 17 2097152
2837 439 24 2097152
2849 439 23 2097152
3224 451 20 2097152
3616 449 20 2097152
3289 464 18 2097152
3122 426 19 2097152
3499 461 19 2097152
2929 426 16 2097152
2840 446 20 2097152
2853 421 16 2097152
3073 443 18 2097152
2836 448 15 2097152
2872 435 17 2097152
2821 442 17 2097152
2868 452 15 2097152
2860 419 16 2097152
2842 462 16 2097152
2867 442 16 2097152
2827 431 16 2097152
2861 442 16 2097152
2868 429 19 2097152
2849 427 17 2097152
2950 435 21 2097152
2930 825 26 2097152
2871 437 18 2097152
2827 436 17 2097152
2858 441 17 2097152
2866 437 16 2097152
2851 451 16 2097152
4149 462 21 2097152
3883 472 19 2097152
4043 452 19 2097152
2934 436 19 2097152
2866 428 15 2097152
2859 445 16 2097152
2857 403 15 2097152
2847 465 16 2097152
2856 421 16 2097152
2855 420 16 2097152
2944 426 16 2097152
2788 435 16 2097152
2821 440 15 2097152
2773 470 16 2097152
2869 404 15 2097152
2866 440 15 2097152
2929 418 20 2097152
2870 427 16 2097152
2841 439 15 2097152
2843 441 16 2097152
2885 405 15 2097152
2836 442 16 2097152
2869 408 16 2097152
2835 452 16 2097152
2837 428 16 2097152
2794 424 15 2097152
2976 1336 35 2097152
2885 489 24 2097152
2873 435 23 2097152
2868 470 22 2097152
2869 479 22 2097152
2851 504 22 2097152
2848 458 23 2097152
2842 453 22 2097152
2920 430 21 2097152
2805 463 17 2097152
2889 447 16 2097152
2911 446 15 2097152
2872 436 16 2097152
2835 452 16 2097152
2851 447 15 2097152
2851 436 15 2097152
2918 453 16 2097152
2776 451 16 2097152
2868 425 15 2097152
2847 473 16 2097152
2871 421 15 2097152
2959 444 20 2097152
2831 444 15 2097152
2827 463 16 2097152
2855 418 15 2097152
2834 457 15 2097152
2903 395 15 2097152
2848 458 15 2097152
2815 434 15 2097152
2845 463 15 2097152
2863 417 16 2097152
2859 410 16 2097152
3071 973 34 2097152
2849 442 17 2097152
2870 427 16 2097152
2878 457 17 2097152
2870 430 16 2097152
3625 920 49 2097152
4565 710 20 2097152
2975 912 23 2097152
2938 719 18 2097152
2818 938 21 2097152
2870 730 22 2097152
2828 948 18 2097152
2861 723 22 2097152
2871 919 22 2097152
2900 728 22 2097152
2844 924 17 2097152
2936 725 22 2097152
2785 885 17 2097152
2857 720 17 2097152
2813 932 23 2097152
2801 717 37 2097152
2833 926 17 2097152
3039 619 36 2097152
2922 419 18 2097152
2881 411 16 2097152
2877 433 16 2097152
2895 404 18 2097152
2852 462 17 2097152
2842 431 29 2097152
2831 445 16 2097152
2810 450 17 2097152
2874 427 21 2097152
3257 1149 37 2097152
2892 889 18 2097152
2840 737 17 2097152
2862 962 23 2097152
2909 708 22 2097152
2845 945 23 2097152
2860 724 23 2097152
2857 949 22 2097152
2911 732 23 2097152
2835 946 22 2097152
2841 751 22 2097152
2893 914 17 2097152
2841 735 16 2097152
2875 936 16 2097152
2878 721 15 2097152
2846 936 23 2097152
2886 757 62 2097152
2773 941 17 2097152
2803 729 16 2097152
2856 929 22 2097152
2935 711 18 2097152
2856 946 17 2097152
2858 731 16 2097152
2842 940 15 2097152
2869 723 16 2097152
2865 927 16 2097152
2948 720 20 2097152
2874 932 17 2097152
2847 730 16 2097152
2818 957 17 2097152
2873 722 19 2097152
2903 908 17 2097152
2979 1353 37 2097152
2864 917 23 2097152
2838 718 16 2097152
2866 846 17 2097152
2874 703 17 2097152
2836 958 22 2097152
2865 728 22 2097152
2845 900 17 2097152
2879 721 23 2097152
2799 896 18 2097152
2851 729 17 2097152
2840 880 16 2097152
2836 727 17 2097152
2859 920 22 2097152
2838 756 17 2097152
2826 959 16 2097152
2915 736 16 2097152
2789 911 16 2097152
2853 728 16 2097152
2863 932 21 2097152
2863 742 22 2097152
2858 942 17 2097152
2863 722 16 2097152
2890 836 17 2097152
2862 716 16 2097152
2844 870 17 2097152
2850 726 15 2097152
2840 946 15 2097152
2851 711 15 2097152
2832 948 15 2097152
2861 734 15 2097152
2853 947 16 2097152
3025 1029 28 2097152
2875 880 17 2097152
2857 715 17 2097152
2851 924 17 2097152
3797 750 26 2097152
2946 922 21 2097152
2876 726 18 2097152
2830 944 22 2097152
2872 741 22 2097152
2825 931 22 2097152
2849 759 22 2097152
2854 928 18 2097152
2898 723 22 2097152
2833 934 17 2097152
2991 781 22 2097152
2909 910 23 2097152
2921 769 23 2097152
2772 923 17 2097152
2823 740 17 2097152
2876 921 19 2097152
2820 733 17 2097152
2796 936 17 2097152
2806 726 16 2097152
2838 921 16 2097152
2879 733 17 2097152
2838 931 16 2097152
2831 734 15 2097152
2822 920 15 2097152
2837 719 15 2097152
2807 939 16 2097152
2847 735 16 2097152
2941 901 16 2097152
2934 973 48 2097152
2867 417 16 2097152
2868 414 15 2097152
2843 440 15 2097152
2904 432 18 2097152
2871 460 18 2097152
2873 440 17 2097152
2873 460 17 2097152
2900 445 17 2097152
2804 460 15 2097152
2860 416 16 2097152
2846 467 15 2097152
2860 424 16 2097152
2827 467 17 2097152
2868 437 17 2097152
2932 413 17 2097152
2981 401 25 2097152
2758 439 22 2097152
2808 420 17 2097152
2851 426 23 2097152
2885 415 22 2097152
2848 415 16 2097152
2892 402 23 2097152
2827 423 17 2097152
2874 416 23 2097152
51424 421 16 2097152
2846 431 22 2097152
2844 421 17 2097152
2861 428 23 2097152
2852 429 16 2097152
2883 410 23 2097152
2818 424 17 2097152
2914 1361 42 2097152
2671 502 22 2097152
2839 446 17 2097152
2835 962 22 2097152
2869 724 18 2097152
2824 939 17 2097152
2851 727 16 2097152
2846 940 17 2097152
2878 740 24 2097152
2796 930 23 2097152
2841 722 23 2097152
2895 947 24 2097152
2835 716 22 2097152
2862 942 22 2097152
2856 721 22 2097152
2869 932 22 2097152
2942 417 27 2097152
2721 460 23 2097152
2852 417 22 2097152
2864 393 21 2097152
2830 393 22 2097152
2823 438 22 2097152
2848 397 22 2097152
2838 405 22 2097152
2871 370 22 2097152
2855 381 22 2097152
2816 423 22 2097152
2848 407 22 2097152
2852 400 22 2097152
2875 390 21 2097152
2831 400 21 2097152
2856 430 22 2097152
3001 1602 28 2097152
3857 922 27 2097152
2872 722 22 2097152
2816 956 21 2097152
2879 716 22 2097152
2838 926 17 2097152
2835 728 22 2097152
2824 945 17 2097152
2901 722 22 2097152
2782 953 22 2097152
2818 709 22 2097152
2824 948 22 2097152
2855 729 22 2097152
2849 916 22 2097152
2895 687 22 2097152
2832 920 22 2097152
2971 745 25 2097152
2758 931 23 2097152
2877 696 23 2097152
2853 950 23 2097152
2865 717 22 2097152
2882 905 22 2097152
2874 698 23 2097152
2827 944 22 2097152
2830 706 22 2097152
2842 937 16 2097152
3177 735 26 2097152
4612 1001 30 2097152
2855 503 22 2097152
2862 461 21 2097152
2819 445 40 2097152
2837 451 22 2097152
4085 1588 37 2097152
3325 708 20 2097152
3949 810 26 2097152
5531 546 69 2097152
4255 700 20 2097152
3987 813 20 2097152
3510 1181 19 2097152
3853 1056 21 2097152
3776 711 19 2097152
3766 960 18 2097152
3647 739 18 2097152
3532 1239 19 2097152
3809 740 17 2097152
3739 901 24 2097152
3817 784 23 2097152
3410 919 24 2097152
3362 533 21 2097152
3214 539 21 2097152
3279 490 19 2097152
3322 550 21 2097152
3328 500 20 2097152
3300 503 19 2097152
4908 504 20 2097152
3327 544 19 2097152
3289 529 20 2097152
3359 544 20 2097152
3350 497 20 2097152
3061 478 20 2097152
3290 484 20 2097152
3303 528 20 2097152
3036 469 18 2097152
3138 446 22 2097152
3001 1298 36 2097152
2849 733 24 2097152
2868 728 16 2097152
2835 932 17 2097152
2881 748 16 2097152
2859 937 17 2097152
2837 758 22 2097152
2855 942 18 2097152
2908 732 17 2097152
2812 929 17 2097152
2857 720 15 2097152
2843 953 22 2097152
2869 726 23 2097152
2823 975 22 2097152
2896 731 22 2097152
2808 954 18 2097152
2923 747 17 2097152
2731 944 17 2097152
2841 718 22 2097152
2824 933 22 2097152
2846 731 17 2097152
2842 927 17 2097152
2832 745 16 2097152
2850 914 15 2097152
2830 748 15 2097152
2832 930 15 2097152
2855 710 16 2097152
2993 915 19 2097152
2850 735 16 2097152
2883 896 16 2097152
2872 716 17 2097152
2877 952 23 2097152
3028 1701 46 2097152
2878 426 16 2097152
2899 421 18 2097152
2858 451 17 2097152
2864 437 16 2097152
2838 462 17 2097152
2883 403 17 2097152
2839 456 16 2097152
2901 448 16 2097152
2853 430 18 2097152
2846 430 16 2097152
2836 454 16 2097152
2876 422 15 2097152
2884 425 24 2097152
2843 456 16 2097152
2835 455 16 2097152
2947 433 17 2097152
2779 441 20 2097152
2860 428 16 2097152
2901 428 16 2097152
2849 436 16 2097152
2892 419 16 2097152
2863 435 15 2097152
2854 424 16 2097152
2846 421 15 2097152
2896 426 16 2097152
2898 418 16 2097152
2876 434 16 2097152
2900 413 17 2097152
2872 434 23 2097152
2869 409 18 2097152
2899 428 16 2097152
2923 722 32 2097152
2873 934 22 2097152
2902 712 16 2097152
2884 908 16 2097152
2900 727 17 2097152
2870 910 17 2097152
2893 723 22 2097152
2861 954 23 2097152
2931 728 22 2097152
2829 937 23 2097152
2898 736 24 2097152
2899 922 22 2097152
2905 740 23 2097152
2860 936 17 2097152
4483 712 20 2097152
2880 922 16 2097152
2907 731 17 2097152
2770 940 16 2097152
2826 744 16 2097152
2868 929 16 2097152
2856 730 15 2097152
2841 914 16 2097152
2857 720 16 2097152
2898 894 19 2097152
2827 732 17 2097152
2860 903 16 2097152
2836 721 15 2097152
2840 934 15 2097152
2872 714 15 2097152
2857 926 15 2097152
2828 726 15 2097152
2867 924 15 2097152
4788 450 33 2097152
2856 449 17 2097152
3146 466 21 2097152
2870 442 16 2097152
2872 444 16 2097152
2840 458 15 2097152
2819 439 16 2097152
2835 454 16 2097152
2911 428 16 2097152
2814 449 16 2097152
2852 418 15 2097152
2873 418 16 2097152
2837 423 15 2097152
2883 419 30 2097152
2838 437 16 2097152
2827 455 15 2097152
2888 424 17 2097152
2781 464 16 2097152
2845 410 17 2097152
2894 455 16 2097152
2891 425 16 2097152
2979 456 22 2097152
2890 423 17 2097152
2878 446 15 2097152
2902 411 16 2097152
2827 447 16 2097152
2842 438 17 2097152
2859 427 16 2097152
2860 429 16 2097152
2881 434 15 2097152
2864 405 16 2097152
2848 415 16 2097152
3025 768 34 2097152
2937 954 23 2097152
2975 750 23 2097152
2938 853 21 2097152
2960 742 24 2097152
2960 858 25 2097152
2929 737 22 2097152
2938 928 24 2097152
3064 781 25 2097152
2926 901 24 2097152
2978 769 24 2097152
2991 859 25 2097152
2960 732 24 2097152
2995 927 24 2097152
2980 769 25 2097152
2995 886 24 2097152
3039 777 25 2097152
2921 953 24 2097152
2990 750 24 2097152
2909 987 25 2097152
2987 733 24 2097152
2955 937 25 2097152
2984 751 24 2097152
2956 910 25 2097152
2954 738 24 2097152
2957 906 24 2097152
2908 777 24 2097152
2940 939 24 2097152
2918 757 24 2097152
4648 945 26 2097152
3366 783 25 2097152
5402 554 33 2097152
3600 500 37 2097152
3470 450 21 2097152
3198 470 20 2097152
2909 446 17 2097152
3088 439 18 2097152
3206 421 19 2097152
2963 413 19 2097152
4222 455 20 2097152
2913 421 17 2097152
3587 451 20 2097152
3037 486 19 2097152
3948 475 19 2097152
5013 538 19 2097152
5004 1360 37 2097152
2964 735 20 2097152
2835 925 17 2097152
3049 747 19 2097152
2790 946 17 2097152
2830 741 17 2097152
2854 921 16 2097152
2825 735 16 2097152
2885 951 16 2097152
2840 734 16 2097152
2863 931 15 2097152
2836 717 15 2097152
2824 934 16 2097152
2849 705 16 2097152
2845 922 16 2097152
2820 738 16 2097152
2833 959 16 2097152
2820 772 18 2097152
2835 953 17 2097152
3992 761 27 2097152
2841 934 19 2097152
2858 754 17 2097152
6070 544 97 2097152
4199 462 21 2097152
3894 904 20 2097152
4130 974 20 2097152
3634 865 17 2097152
11803 903 19 2097152
3488 1239 23 2097152
3648 859 19 2097152
3496 1228 23 2097152
3881 713 23 2097152
3345 1073 23 2097152
3893 764 22 2097152
3756 1008 24 2097152
3763 737 23 2097152
3568 1026 23 2097152
3662 737 23 2097152
3712 1050 20 2097152
4211 960 81 2097152
3729 1032 19 2097152
3809 778 22 2097152
3661 868 23 2097152
4020 768 24 2097152
4058 909 23 2097152
3491 926 28 2097152
3470 1214 25 2097152
3597 841 33 2097152
3265 1289 22 2097152
2912 654 23 2097152
2934 785 23 2097152
2791 726 31 2097152
2827 889 18 2097152
2842 756 34 2097152
2827 927 16 2097152
2856 747 17 2097152
2842 913 17 2097152
2859 747 22 2097152
2876 926 22 2097152
2897 751 22 2097152
2836 939 21 2097152
2892 751 24 2097152
2893 895 17 2097152
2867 743 22 2097152
2891 932 22 2097152
2846 734 17 2097152
2973 1078 25 2097152
2919 785 25 2097152
2761 957 18 2097152
2854 737 22 2097152
2873 921 17 2097152
2856 740 23 2097152
2862 913 22 2097152
2849 740 17 2097152
2863 927 23 2097152
2859 757 22 2097152
2878 909 23 2097152
2818 759 17 2097152
2833 967 22 2097152
2864 755 22 2097152
2864 927 22 2097152
2848 759 22 2097152
2925 900 24 2097152
2903 429 97 2097152
2884 432 23 2097152
2901 424 23 2097152
2858 467 23 2097152
2912 414 22 2097152
2883 433 23 2097152
2906 419 22 2097152
2918 457 22 2097152
2942 442 21 2097152
2877 467 20 2097152
2968 421 19 2097152
2849 448 16 2097152
2834 449 16 2097152
2895 418 16 2097152
2886 429 20 2097152
2807 448 16 2097152
2955 446 20 2097152
2786 447 16 2097152
2880 390 16 2097152
2910 433 17 2097152
2865 416 15 2097152
2847 440 16 2097152
2830 433 16 2097152
2843 447 15 2097152
2885 405 16 2097152
2861 454 16 2097152
2872 413 15 2097152
2887 432 15 2097152
2800 450 16 2097152
2886 431 16 2097152
2867 434 16 2097152
2815 439 15 2097152
3014 714 38 2097152
2939 913 22 2097152
2921 710 23 2097152
2911 889 23 2097152
2923 743 19 2097152
2902 896 17 2097152
2917 743 22 2097152
2902 895 19 2097152
2941 708 17 2097152
2899 883 23 2097152
2858 734 18 2097152
2862 954 22 2097152
2885 732 22 2097152
2903 916 21 2097152
2853 742 22 2097152
2840 966 21 2097152
2967 721 22 2097152
2820 939 22 2097152
2866 737 22 2097152
2852 914 17 2097152
2884 695 22 2097152
2845 918 22 2097152
2868 720 17 2097152
2877 876 17 2097152
2879 735 22 2097152
2859 951 22 2097152
2886 725 22 2097152
2888 881 22 2097152
2881 732 22 2097152
2877 937 22 2097152
2867 725 22 2097152
2913 960 23 2097152
4449 682 35 2097152
3792 595 25 2097152
3996 624 23 2097152
3945 657 22 2097152
3962 672 22 2097152
3999 669 22 2097152
3943 635 22 2097152
3912 640 24 2097152
3956 635 22 2097152
3976 642 22 2097152
3960 617 23 2097152
3950 635 23 2097152
3927 612 23 2097152
3996 648 22 2097152
3860 594 22 2097152
3977 636 22 2097152
4000 616 22 2097152
3890 656 22 2097152
3828 602 29 2097152
3969 626 22 2097152
4014 628 21 2097152
3857 630 22 2097152
3894 606 22 2097152
3944 623 21 2097152
3935 632 22 2097152
3868 646 21 2097152
4004 638 22 2097152
3919 641 22 2097152
3857 612 22 2097152
4437 660 49 2097152
3748 595 23 2097152
3164 462 23 2097152
2803 741 27 2097152
2682 928 17 2097152
2912 718 17 2097152
2880 928 22 2097152
2895 725 23 2097152
2861 925 22 2097152
2888 711 22 2097152
2908 935 22 2097152
2969 736 22 2097152
2890 943 22 2097152
2901 711 18 2097152
2918 934 22 2097152
2956 741 22 2097152
3158 941 23 2097152
2837 758 18 2097152
2875 943 16 2097152
2940 732 17 2097152
2791 926 16 2097152
2855 715 16 2097152
2911 921 15 2097152
2905 724 16 2097152
2912 905 17 2097152
2901 743 16 2097152
2890 951 15 2097152
2879 735 16 2097152
2878 947 16 2097152
2856 743 22 2097152
2903 936 23 2097152
2890 731 17 2097152
2954 903 23 2097152
2929 707 22 2097152
2904 934 22 2097152
3011 397 43 2097152
2875 428 16 2097152
2910 424 23 2097152
2838 461 17 2097152
2929 435 22 2097152
2867 457 19 2097152
2875 430 16 2097152
2845 457 16 2097152
2923 433 17 2097152
2853 451 16 2097152
2843 433 16 2097152
2863 449 15 2097152
2882 419 16 2097152
2815 472 16 2097152
2845 423 16 2097152
2866 457 16 2097152
2924 453 16 2097152
2789 444 16 2097152
2863 446 16 2097152
2936 467 20 2097152
2913 445 20 2097152
2898 449 19 2097152
2979 428 19 2097152
2914 487 20 2097152
2899 407 16 2097152
2851 456 16 2097152
2880 423 16 2097152
2924 422 20 2097152
2875 431 17 2097152
2879 452 20 2097152
2876 420 17 2097152
2864 417 16 2097152
2940 733 32 2097152
2895 941 22 2097152
2838 746 17 2097152
2871 938 22 2097152
2892 737 23 2097152
2878 928 22 2097152
2837 725 18 2097152
2825 965 16 2097152
3303 742 19 2097152
2830 932 16 2097152
2843 738 16 2097152
2862 920 16 2097152
2872 719 16 2097152
2822 936 16 2097152
2852 736 15 2097152
2932 922 25 2097152
2946 735 22 2097152
2780 941 22 2097152
2863 747 22 2097152
2883 940 22 2097152
2882 729 22 2097152
2888 925 23 2097152
2872 748 17 2097152
2889 927 22 2097152
2861 739 22 2097152
2855 947 18 2097152
2825 740 16 2097152
2849 932 22 2097152
2833 743 16 2097152
2848 957 23 2097152
2870 754 23 2097152
2943 901 23 2097152
3525 429 46 2097152
3038 415 19 2097152
2873 439 17 2097152
2847 465 16 2097152
2883 424 16 2097152
2857 437 17 2097152
2864 423 16 2097152
2846 445 15 2097152
2902 441 15 2097152
51413 434 24 2097152
2851 445 16 2097152
2847 459 16 2097152
2847 439 16 2097152
2844 431 16 2097152
2898 413 17 2097152
2862 448 16 2097152
2937 437 17 2097152
2794 437 16 2097152
2845 440 16 2097152
2847 443 16 2097152
2830 438 15 2097152
2881 436 16 2097152
2886 438 17 2097152
2896 455 16 2097152
2889 428 16 2097152
2875 442 15 2097152
2842 425 16 2097152
2985 444 20 2097152
2860 414 15 2097152
2843 463 17 2097152
2863 421 16 2097152
2897 418 16 2097152
3015 428 36 2097152
2912 440 22 2097152
2878 421 16 2097152
2890 413 16 2097152
2950 433 25 2097152
2865 443 23 2097152
2893 434 21 2097152
2842 441 17 2097152
2916 429 18 2097152
2830 445 17 2097152
2891 409 16 2097152
2879 416 16 2097152
2879 405 16 2097152
2787 464 16 2097152
2843 447 18 2097152
2871 436 16 2097152
3013 429 21 2097152
2808 426 16 2097152
2889 418 16 2097152
2869 442 16 2097152
2839 431 17 2097152
2894 448 17 2097152
2888 421 17 2097152
2867 441 16 2097152
2879 422 16 2097152
2896 430 28 2097152
2925 391 23 2097152
2878 437 23 2097152
2878 423 20 2097152
2853 461 17 2097152
2868 431 20 2097152
2923 358 16 2097152
2938 755 23 2097152
2891 925 22 2097152
2855 746 16 2097152
2838 928 17 2097152
2879 723 16 2097152
2841 962 22 2097152
2862 733 22 2097152
2862 928 17 2097152
2884 732 17 2097152
2835 931 17 2097152
2883 735 22 2097152
2882 966 19 2097152
2945 736 17 2097152
2800 944 17 2097152
2878 705 16 2097152
2892 918 137 2097152
2977 740 23 2097152
2786 946 15 2097152
2886 730 23 2097152
2886 939 22 2097152
2890 732 21 2097152
2856 964 22 2097152
2872 758 17 2097152
2873 939 22 2097152
2869 763 22 2097152
2884 945 22 2097152
2886 745 23 2097152
2883 919 22 2097152
2847 756 22 2097152
2875 958 22 2097152
2899 758 22 2097152
2873 917 17 2097152
2945 749 33 2097152
2869 932 17 2097152
2836 729 17 2097152
2835 924 15 2097152
2857 752 16 2097152
2856 941 23 2097152
2875 723 22 2097152
2848 926 17 2097152
2928 739 23 2097152
2879 912 23 2097152
2844 751 23 2097152
2857 938 22 2097152
2829 769 23 2097152
2881 932 23 2097152
2895 722 22 2097152
2885 913 22 2097152
2946 750 17 2097152
2784 922 17 2097152
2854 740 16 2097152
2845 949 22 2097152
2878 713 22 2097152
2865 944 22 2097152
2885 753 23 2097152
2865 920 18 2097152
2870 730 16 2097152
2920 890 22 2097152
3224 788 25 2097152
2866 923 18 2097152
2834 759 17 2097152
2891 971 19 2097152
2871 747 15 2097152
2872 926 17 2097152
2934 711 31 2097152
2890 936 23 2097152
2859 733 17 2097152
2869 941 22 2097152
2883 729 16 2097152
2833 943 17 2097152
2831 713 16 2097152
2834 912 16 2097152
2920 713 16 2097152
2872 893 15 2097152
2841 753 16 2097152
2856 932 16 2097152
2869 724 16 2097152
2845 952 15 2097152
2858 722 16 2097152
2849 937 15 2097152
2984 726 23 2097152
2781 945 17 2097152
2888 729 23 2097152
2864 942 22 2097152
2861 726 17 2097152
2864 931 16 2097152
2851 728 16 2097152
2835 946 16 2097152
2849 733 16 2097152
2883 964 24 2097152
2860 734 22 2097152
2860 938 17 2097152
2849 713 17 2097152
2874 929 15 2097152
2830 733 22 2097152
2854 946 23 2097152
2897 695 24 2097152
2892 864 22 2097152
2860 714 16 2097152
2846 837 17 2097152
2947 725 25 2097152
2853 863 22 2097152
2852 744 22 2097152
2859 852 22 2097152
2919 713 22 2097152
2824 863 22 2097152
2910 735 18 2097152
2847 862 23 2097152
2823 731 18 2097152
2892 866 22 2097152
2886 717 22 2097152
2863 851 17 2097152
2966 720 16 2097152
2799 905 23 2097152
2879 726 22 2097152
2845 882 18 2097152
2881 723 23 2097152
2902 902 21 2097152
2853 728 23 2097152
2858 844 18 2097152
2898 702 22 2097152
2864 842 17 2097152
2844 709 23 2097152
2882 828 22 2097152
2865 719 22 2097152
2872 858 23 2097152
2873 709 22 2097152
2869 844 22 2097152
2944 408 42 2097152
2881 441 18 2097152
2847 430 15 2097152
2878 413 15 2097152
2850 434 23 2097152
2841 455 16 2097152
2859 409 17 2097152
2867 427 17 2097152
2887 438 17 2097152
2826 457 17 2097152
2848 418 16 2097152
2838 462 18 2097152
2860 421 17 2097152
2852 446 16 2097152
2866 424 17 2097152
2847 439 14 2097152
2959 453 17 2097152
2784 441 16 2097152
2854 426 15 2097152
2862 448 16 2097152
2845 423 16 2097152
2839 438 16 2097152
2870 407 15 2097152
2839 438 15 2097152
2849 430 15 2097152
2889 415 16 2097152
2842 429 15 2097152
2859 446 17 2097152
2839 422 15 2097152
2844 453 16 2097152
2881 418 15 2097152
2873 413 22 2097152
2885 733 32 2097152
2870 894 18 2097152
2874 739 18 2097152
2872 920 17 2097152
2896 732 17 2097152
2835 941 17 2097152
2870 730 15 2097152
2879 922 16 2097152
2891 757 16 2097152
2806 945 16 2097152
2858 723 16 2097152
2821 921 16 2097152
2846 743 15 2097152
3130 470 33 2097152
2950 453 24 2097152
2967 458 24 2097152
3036 457 23 2097152
2844 475 26 2097152
2977 435 25 2097152
2968 459 22 2097152
3386 478 23 2097152
2937 482 21 2097152
2942 432 22 2097152
2920 465 22 2097152
2946 441 21 2097152
2967 493 20 2097152
2920 438 21 2097152
3019 466 21 2097152
2995 466 22 2097152
2985 486 21 2097152
2981 413 24 2097152
3063 434 22 2097152
2929 414 28 2097152
2892 431 22 2097152
2892 437 16 2097152
2881 436 16 2097152
2878 423 15 2097152
2901 442 16 2097152
2875 437 18 2097152
2906 423 16 2097152
2930 413 16 2097152
2852 447 16 2097152
2858 430 24 2097152
2839 454 16 2097152
2876 424 16 2097152
2878 444 16 2097152
2852 432 16 2097152
2871 435 19 2097152
2934 434 16 2097152
2807 424 16 2097152
2882 429 16 2097152
2874 451 16 2097152
2852 439 16 2097152
2850 434 15 2097152
2864 431 16 2097152
2826 438 16 2097152
2903 411 16 2097152
2853 428 16 2097152
2876 436 16 2097152
2880 432 15 2097152
2857 448 15 2097152
2863 440 17 2097152
51418 415 15 2097152
2854 413 16 2097152
3002 417 32 2097152
2889 448 23 2097152
2894 419 16 2097152
2892 424 15 2097152
2879 416 15 2097152
2841 439 23 2097152
2865 426 16 2097152
2892 424 23 2097152
2920 431 17 2097152
2835 438 17 2097152
2910 408 23 2097152
2825 443 40 2097152
2843 441 22 2097152
2877 437 22 2097152
2884 434 22 2097152
2886 441 23 2097152
2943 428 18 2097152
2837 443 22 2097152
2877 423 16 2097152
2855 441 17 2097152
2896 401 17 2097152
2888 434 17 2097152
2868 435 16 2097152
2891 434 16 2097152
2862 431 15 2097152
2872 446 28 2097152
2873 407 15 2097152
2864 442 16 2097152
2862 443 16 2097152
2897 426 16 2097152
2857 442 18 2097152
2887 405 16 2097152
2933 444 27 2097152
2867 446 18 2097152
2889 426 22 2097152
2860 440 16 2097152
2870 436 19 2097152
2847 449 17 2097152
2860 421 16 2097152
2858 425 16 2097152
2913 411 16 2097152
2836 430 16 2097152
2836 446 17 2097152
2858 438 16 2097152
2806 434 15 2097152
2863 449 17 2097152
2860 416 17 2097152
2849 415 18 2097152
2938 407 16 2097152
2779 416 21 2097152
2830 424 16 2097152
2860 436 18 2097152
2859 411 16 2097152
2837 439 16 2097152
2851 418 16 2097152
2800 468 15 2097152
2830 420 15 2097152
2829 459 16 2097152
2858 420 15 2097152
2844 452 16 2097152
3778 454 30 2097152
2888 915 18 2097152
2829 765 17 2097152
2839 884 17 2097152
2963 743 33 2097152
2884 859 18 2097152
2872 765 17 2097152
2889 867 18 2097152
2876 757 16 2097152
2835 945 18 2097152
2834 716 16 2097152
2901 881 16 2097152
2950 747 16 2097152
2813 917 16 2097152
2841 735 16 2097152
2858 923 16 2097152
2864 755 17 2097152
2858 886 16 2097152
2895 726 16 2097152
2847 876 16 2097152
2944 752 16 2097152
2791 913 15 2097152
2867 729 16 2097152
2867 49500 23 2097152
2857 728 18 2097152
2861 919 16 2097152
2924 759 23 2097152
2883 948 23 2097152
2831 728 22 2097152
2947 878 22 2097152
2947 713 23 2097152
2897 885 17 2097152
2877 721 17 2097152
2873 1014 19 2097152
2864 726 18 2097152
2859 912 23 2097152
2916 752 31 2097152
2867 923 19 2097152
2857 742 17 2097152
2856 948 22 2097152
2894 737 22 2097152
2841 941 23 2097152
2890 720 22 2097152
2879 920 22 2097152
2921 733 22 2097152
2828 901 17 2097152
2858 729 22 2097152
2861 924 22 2097152
2862 717 17 2097152
2855 938 22 2097152
2883 722 17 2097152
2899 902 22 2097152
2969 720 22 2097152
2837 915 24 2097152
2890 710 21 2097152
2887 898 21 2097152
2888 730 22 2097152
2859 932 22 2097152
2851 729 22 2097152
2842 912 17 2097152
2827 721 16 2097152
2903 899 22 2097152
2854 730 23 2097152
2862 900 17 2097152
2860 721 16 2097152
2857 929 22 2097152
2860 712 22 2097152
2919 914 43 2097152
2981 411 29 2097152
2893 441 25 2097152
2835 431 17 2097152
2893 436 25 2097152
2909 424 18 2097152
2955 461 21 2097152
2978 447 24 2097152
2958 475 25 2097152
3007 411 21 2097152
2932 450 20 2097152
2834 424 22 2097152
2834 440 17 2097152
2877 408 17 2097152
2947 464 24 2097152
2867 418 18 2097152
2939 438 24 2097152
2988 433 22 2097152
2841 441 22 2097152
2851 425 22 2097152
2848 459 18 2097152
2852 426 16 2097152
2853 445 23 2097152
2874 404 20 2097152
2867 449 22 2097152
2960 418 25 2097152
2858 438 19 2097152
2851 410 18 2097152
2853 458 17 2097152
2857 421 18 2097152
2861 444 16 2097152
2852 430 16 2097152
2858 410 18 2097152
2923 774 29 2097152
2942 938 25 2097152
2895 734 23 2097152
3207 763 30 2097152
3260 446 22 2097152
3032 431 18 2097152
3103 431 24 2097152
2850 444 17 2097152
2884 448 17 2097152
2766 439 16 2097152
2896 407 23 2097152
2864 458 22 2097152
2871 420 22 2097152
2858 433 23 2097152
2864 437 22 2097152
2871 429 23 2097152
2919 450 23 2097152
2834 440 23 2097152
2850 456 23 2097152
2848 454 22 2097152
2932 445 23 2097152
2847 451 22 2097152
2838 452 22 2097152
2866 425 22 2097152
3067 451 23 2097152
2874 431 17 2097152
2859 413 17 2097152
2878 431 17 2097152
2867 423 23 2097152
3007 830 30 2097152
2893 737 24 2097152
2883 911 22 2097152
2924 428 31 2097152
2993 474 24 2097152
2914 411 16 2097152
2884 426 22 2097152
2875 437 17 2097152
2841 456 16 2097152
2874 433 23 2097152
2828 446 19 2097152
2886 424 18 2097152
2830 447 23 2097152
2862 429 22 2097152
2830 441 17 2097152
2888 422 22 2097152
2869 436 17 2097152
2867 422 16 2097152
2838 442 16 2097152
2955 420 23 2097152
2802 434 22 2097152
2859 414 17 2097152
2855 432 17 2097152
2844 423 16 2097152
2826 459 15 2097152
2827 441 16 2097152
2879 428 15 2097152
2896 414 17 2097152
2890 419 16 2097152
2850 416 16 2097152
2862 424 16 2097152
2854 425 16 2097152
2846 435 15 2097152
2807 434 15 2097152
2876 419 17 2097152
2910 421 25 2097152
2894 442 18 2097152
2849 436 19 2097152
2890 413 23 2097152
2883 446 24 2097152
2866 442 23 2097152
2861 434 23 2097152
2853 433 17 2097152
3032 436 19 2097152
2788 458 22 2097152
2832 435 18 2097152
2881 424 22 2097152
2852 414 17 2097152
2855 449 23 2097152
2833 419 17 2097152
2836 434 16 2097152
2920 430 16 2097152
2769 452 16 2097152
2856 401 16 2097152
2863 433 16 2097152
2816 423 15 2097152
2865 460 20 2097152
2839 451 17 2097152
2878 447 18 2097152
2847 441 16 2097152
2845 440 16 2097152
2809 445 15 2097152
2822 438 15 2097152
2851 411 15 2097152
2832 449 16 2097152
2830 422 16 2097152
2864 429 24 2097152
2848 425 29 2097152
2900 415 22 2097152
2842 435 19 2097152
2873 420 23 2097152
2891 436 23 2097152
2885 419 23 2097152
2830 438 18 2097152
2824 446 17 2097152
2908 428 18 2097152
2804 445 17 2097152
2855 435 17 2097152
2876 431 16 2097152
2839 423 16 2097152
2861 418 16 2097152
2833 432 16 2097152
2871 431 16 2097152
2951 418 16 2097152
2796 431 15 2097152
2881 441 21 2097152
2844 453 16 2097152
2864 443 20 2097152
2893 401 16 2097152
2932 423 20 2097152
2911 426 19 2097152
2921 433 19 2097152
2863 450 18 2097152
2832 424 15 2097152
2845 449 16 2097152
2849 437 16 2097152
2805 456 17 2097152
2848 436 16 2097152
2877 416 16 2097152
2900 772 29 2097152
2860 924 23 2097152
2850 750 22 2097152
2866 910 22 2097152
2913 721 22 2097152
2827 932 16 2097152
2835 753 22 2097152
2859 916 17 2097152
2932 718 22 2097152
2807 960 23 2097152
2838 734 19 2097152
2861 927 22 2097152
2884 700 23 2097152
2894 908 23 2097152
3050 461 31 2097152
2865 431 23 2097152
2957 414 19 2097152
2763 444 16 2097152
2812 439 17 2097152
2855 437 17 2097152
2857 425 22 2097152
2878 429 17 2097152
2848 430 16 2097152
2837 435 17 2097152
2829 419 16 2097152
2861 445 15 2097152
2834 434 16 2097152
2840 448 16 2097152
2827 415 16 2097152
2849 442 16 2097152
2809 426 16 2097152
2859 409 16 2097152
2902 745 32 2097152
2875 943 22 2097152
2845 743 17 2097152
2864 921 22 2097152
2881 734 23 2097152
2856 938 22 2097152
2846 758 22 2097152
2851 939 17 2097152
2891 745 16 2097152
2812 946 16 2097152
2878 729 22 2097152
2846 946 18 2097152
2860 742 22 2097152
2862 946 18 2097152
2859 726 22 2097152
2937 947 24 2097152
2954 732 18 2097152
2780 946 22 2097152
2858 731 23 2097152
2846 968 22 2097152
2868 736 23 2097152
2849 971 23 2097152
2859 739 22 2097152
2851 950 22 2097152
2852 729 17 2097152
3020 451 35 2097152
2854 397 22 2097152
2812 506 18 2097152
2823 442 18 2097152
2853 443 16 2097152
2833 427 18 2097152
2883 398 23 2097152
2909 400 31 2097152
2901 444 23 2097152
2935 388 24 2097152
2839 457 22 2097152
2883 429 22 2097152
2868 440 22 2097152
2846 440 22 2097152
2869 438 24 2097152
2940 417 24 2097152
2824 449 22 2097152
2886 414 24 2097152
2859 442 22 2097152
2879 423 23 2097152
2844 432 22 2097152
2884 423 24 2097152
2880 425 23 2097152
2943 414 22 2097152
4639 428 26 2097152
2927 433 24 2097152
2920 442 22 2097152
3174 437 25 2097152
3050 442 21 2097152
2901 414 17 2097152
3027 424 17 2097152
2969 438 17 2097152
2839 432 16 2097152
2789 420 15 2097152
2869 432 22 2097152
2874 415 22 2097152
2851 433 22 2097152
2861 432 23 2097152
2888 423 24 2097152
2904 412 25 2097152
2886 432 18 2097152
2840 434 17 2097152
2866 422 16 2097152
2885 416 16 2097152
2842 424 17 2097152
2826 430 15 2097152
2845 436 16 2097152
2900 445 16 2097152
2857 410 15 2097152
2863 412 15 2097152
2855 443 16 2097152
2807 430 16 2097152
2881 423 16 2097152
2828 433 16 2097152
2850 423 16 2097152
2947 398 16 2097152
2788 441 15 2097152
2845 451 16 2097152
2854 437 16 2097152
2845 424 16 2097152
2841 436 16 2097152
2842 437 15 2097152
2827 465 17 2097152
2845 418 17 2097152
2825 442 15 2097152
2878 421 15 2097152
2865 434 17 2097152
2863 426 16 2097152
2884 410 16 2097152
2874 402 15 2097152
2805 428 15 2097152
2809 763 31 2097152
2724 928 22 2097152
2852 736 16 2097152
2840 939 17 2097152
3168 762 28 2097152
2837 961 18 2097152
2844 750 17 2097152
2890 926 16 2097152
2914 758 16 2097152
2798 928 16 2097152
2833 767 23 2097152
2875 927 22 2097152
2812 743 18 2097152
2829 947 15 2097152
2836 762 17 2097152
2859 941 22 2097152
2930 769 23 2097152
2764 948 18 2097152
2839 744 22 2097152
2840 945 18 2097152
2843 758 17 2097152
2874 922 22 2097152
2899 731 22 2097152
2818 957 22 2097152
2872 716 22 2097152
3001 922 25 2097152
2845 785 22 2097152
2858 961 22 2097152
2869 746 23 2097152
2845 936 17 2097152
2838 735 16 2097152
2858 926 16 2097152
2930 746 30 2097152
2910 931 17 2097152
2914 713 16 2097152
2840 954 18 2097152
2921 716 16 2097152
2866 953 15 2097152
2932 720 15 2097152
4654 934 19 2097152
2945 745 16 2097152
2879 915 15 2097152
2894 738 15 2097152
2900 932 15 2097152
2875 763 16 2097152
2884 954 15 2097152
2897 777 17 2097152
2892 919 16 2097152
2960 724 16 2097152
2835 907 16 2097152
2887 727 16 2097152
2885 929 15 2097152
2917 742 16 2097152
2895 939 16 2097152
2872 747 17 2097152
3046 930 19 2097152
2841 768 15 2097152
2875 913 16 2097152
2837 785 16 2097152
2864 908 35 2097152
2861 730 15 2097152
2835 865 16 2097152
2872 719 16 2097152
2855 903 16 2097152
2947 427 27 2097152
2886 422 23 2097152
2886 406 22 2097152
2848 436 22 2097152
2915 413 22 2097152
3037 464 27 2097152
2846 425 22 2097152
2844 446 22 2097152
2915 427 22 2097152
2807 427 22 2097152
2871 425 22 2097152
2861 436 22 2097152
2816 452 22 2097152
2865 422 22 2097152
2867 422 23 2097152
397 603 25 2097152
2901 421 24 2097152
2934 420 24 2097152
2939 436 24 2097152
2867 453 24 2097152
2836 448 22 2097152
2855 451 23 2097152
2868 428 24 2097152
2863 458 23 2097152
2853 423 22 2097152
2826 456 24 2097152
2859 432 22 2097152
2845 460 22 2097152
2857 422 22 2097152
2892 442 24 2097152
2873 431 22 2097152
2844 458 21 2097152
2890 755 30 2097152
2844 980 23 2097152
2867 726 17 2097152
2844 939 22 2097152
2898 737 23 2097152
2815 964 23 2097152
2860 730 16 2097152
2826 942 15 2097152
2869 734 17 2097152
2820 932 22 2097152
2868 726 22 2097152
2875 932 22 2097152
2875 713 22 2097152
2901 936 19 2097152
2866 743 17 2097152
2860 957 22 2097152
2926 734 22 2097152
2875 974 24 2097152
2987 722 20 2097152
4989 951 25 2097152
2837 732 17 2097152
2864 939 16 2097152
2845 732 15 2097152
2846 927 15 2097152
2820 737 15 2097152
2852 927 17 2097152
2843 737 16 2097152
2885 910 16 2097152
2834 730 15 2097152
2834 1202 20 2097152
2847 761 15 2097152
2842 931 16 2097152
2914 756 22 2097152
2900 916 45 2097152
2889 711 15 2097152
2862 928 16 2097152
3144 743 19 2097152
2962 940 17 2097152
3333 753 17 2097152
3092 923 17 2097152
2902 721 15 2097152
2927 926 18 2097152
2880 757 16 2097152
2869 930 16 2097152
2866 771 16 2097152
2889 924 15 2097152
2897 730 14 2097152
2854 919 15 2097152
2977 702 15 2097152
2784 929 15 2097152
2819 723 15 2097152
2855 919 15 2097152
2843 762 16 2097152
2862 917 15 2097152
2877 750 15 2097152
2878 931 15 2097152
2854 740 15 2097152
2842 959 16 2097152
2848 754 16 2097152
2888 923 15 2097152
2922 761 17 2097152
2846 952 15 2097152
2891 745 15 2097152
2904 913 15 2097152
2967 751 31 2097152
2865 946 23 2097152
2876 727 17 2097152
2855 923 17 2097152
2882 740 17 2097152
2863 959 22 2097152
2894 742 23 2097152
2891 940 18 2097152
3010 753 21 2097152
2874 926 16 2097152
2899 749 22 2097152
2860 959 23 2097152
2869 756 18 2097152
2915 930 23 2097152
2905 739 22 2097152
2866 930 18 2097152
2955 740 23 2097152
2798 932 23 2097152
2874 731 23 2097152
2871 936 22 2097152
2868 725 23 2097152
2897 49546 23 2097152
2911 740 18 2097152
2878 960 23 2097152
2909 733 23 2097152
2874 932 22 2097152
2863 737 22 2097152
2853 965 18 2097152
2849 770 22 2097152
2867 949 23 2097152
2875 749 22 2097152
2912 892 22 2097152
2902 734 31 2097152
2844 950 22 2097152
2858 719 23 2097152
2836 941 23 2097152
2869 736 23 2097152
2820 938 23 2097152
2872 726 22 2097152
2862 921 23 2097152
3275 755 25 2097152
2872 933 32 2097152
2838 415 19 2097152
2812 455 18 2097152
2839 410 17 2097152
2827 443 23 2097152
2860 419 22 2097152
2846 462 22 2097152
2900 426 22 2097152
2769 445 22 2097152
2840 424 22 2097152
2882 447 23 2097152
2810 424 16 2097152
2856 439 22 2097152
2847 417 22 2097152
2870 395 21 2097152
2835 409 22 2097152
2834 415 29 2097152
2835 387 38 2097152
2871 395 22 2097152
4146 388 24 2097152
2866 432 22 2097152
2861 368 21 2097152
2858 422 23 2097152
2996 426 27 2097152
2903 430 22 2097152
2866 420 17 2097152
2885 462 24 2097152
2908 420 24 2097152
2875 425 18 2097152
2906 423 24 2097152
2882 443 18 2097152
2898 442 17 2097152
2863 434 16 2097152
2873 431 22 2097152
2843 440 18 2097152
2881 414 17 2097152
2878 426 16 2097152
2844 453 17 2097152
2910 435 16 2097152
2957 434 16 2097152
2806 458 16 2097152
2839 444 22 2097152
2925 414 23 2097152
2855 434 18 2097152
2908 438 23 2097152
2914 423 22 2097152
2879 446 22 2097152
2907 401 23 2097152
2887 448 17 2097152
2873 425 17 2097152
2866 455 17 2097152
2887 411 24 2097152
2890 461 23 2097152
2914 411 22 2097152
2898 426 23 2097152
2899 722 31 2097152
2812 938 18 2097152
2842 731 17 2097152
2891 888 22 2097152
2927 737 23 2097152
2857 947 23 2097152
2825 727 17 2097152
2839 936 22 2097152
2893 728 22 2097152
2820 945 22 2097152
2863 715 22 2097152
2878 924 22 2097152
14399 583 211 2097152
3065 501 21 2097152
2892 404 18 2097152
2858 438 16 2097152
2951 428 16 2097152
2761 450 16 2097152
2885 439 15 2097152
2857 453 16 2097152
2854 425 15 2097152
2867 435 16 2097152
2848 425 15 2097152
2839 434 16 2097152
2839 438 16 2097152
2868 452 16 2097152
2850 433 16 2097152
2844 449 24 2097152
2883 415 16 2097152
2832 438 15 2097152
2872 444 16 2097152
2864 427 16 2097152
2959 418 35 2097152
2889 457 24 2097152
2873 428 20 2097152
2890 458 24 2097152
2917 428 24 2097152
2926 463 23 2097152
2842 429 23 2097152
2873 462 22 2097152
2905 428 17 2097152
2853 453 18 2097152
2909 412 17 2097152
2882 474 17 2097152
2857 456 22 2097152
2825 436 18 2097152
2849 433 17 2097152
2857 451 16 2097152
2969 434 17 2097152
2813 439 16 2097152
2992 478 29 2097152
2886 956 26 2097152
2889 436 23 2097152
2859 449 23 2097152
2904 434 24 2097152
3141 529 24 2097152
2891 473 23 2097152
2906 468 22 2097152
2909 433 22 2097152
2910 464 23 2097152
2892 435 22 2097152
2881 485 23 2097152
2837 439 22 2097152
2910 416 23 2097152
2958 740 25 2097152
2939 936 23 2097152
2857 757 17 2097152
2914 929 23 2097152
2906 738 22 2097152
2854 954 18 2097152
2873 715 22 2097152
2862 937 22 2097152
2927 708 23 2097152
2810 945 22 2097152
2853 731 22 2097152
2843 930 22 2097152
2874 723 22 2097152
2884 911 17 2097152
2877 712 16 2097152
2868 951 22 2097152
2973 718 22 2097152
2796 960 22 2097152
2886 732 22 2097152
2889 912 22 2097152
2906 728 22 2097152
2929 899 22 2097152
2843 729 17 2097152
2876 939 22 2097152
2831 717 22 2097152
2882 923 17 2097152
2833 733 22 2097152
2844 945 22 2097152
2894 720 21 2097152
2881 941 22 2097152
2896 709 22 2097152
2906 909 29 2097152
2957 456 43 2097152
2889 431 23 2097152
3263 729 32 2097152
2850 937 24 2097152
2871 728 22 2097152
2865 892 18 2097152
2841 721 23 2097152
2857 933 17 2097152
2898 723 17 2097152
2824 933 17 2097152
2857 729 15 2097152
2853 921 16 2097152
2851 734 16 2097152
2889 903 16 2097152
2845 718 16 2097152
2873 903 16 2097152
2936 731 23 2097152
2773 948 16 2097152
2838 733 15 2097152
2851 945 16 2097152
2865 723 16 2097152
2822 958 15 2097152
2837 740 15 2097152
2865 936 16 2097152
2952 761 19 2097152
2860 922 15 2097152
2832 707 16 2097152
2863 934 23 2097152
2872 711 22 2097152
2896 924 22 2097152
2871 717 22 2097152
2862 933 22 2097152
2959 730 26 2097152
2884 910 22 2097152
2851 744 22 2097152
2865 873 22 2097152
2947 730 25 2097152
2851 917 23 2097152
2898 730 23 2097152
2886 931 23 2097152
2918 721 22 2097152
2794 925 23 2097152
3346 770 27 2097152
2901 929 22 2097152
2856 772 23 2097152
3218 917 27 2097152
2906 739 24 2097152
2631 926 23 2097152
2939 691 22 2097152
2781 942 22 2097152
2881 718 23 2097152
2869 919 23 2097152
3273 756 26 2097152
2896 934 22 2097152
2864 714 23 2097152
2891 856 23 2097152
2896 731 22 2097152
2935 919 23 2097152
2846 718 22 2097152
2887 945 23 2097152
2923 721 22 2097152
2898 918 23 2097152
2958 725 23 2097152
2878 919 23 2097152
2961 413 35 2097152
2909 413 22 2097152
2925 447 22 2097152
2887 456 23 2097152
2860 431 18 2097152
2877 461 16 2097152
2853 407 16 2097152
2852 432 23 2097152
2933 403 22 2097152
2820 413 23 2097152
2875 429 22 2097152
2878 439 17 2097152
2878 438 22 2097152
2867 416 17 2097152
2839 430 22 2097152
2863 429 22 2097152
2986 419 21 2097152
2837 414 23 2097152
2862 401 23 2097152
2885 447 22 2097152
2859 400 17 2097152
2891 437 22 2097152
2872 434 23 2097152
3219 506 25 2097152
2931 424 21 2097152
2887 426 23 2097152
2851 396 22 2097152
2897 407 23 2097152
2868 411 22 2097152
2905 444 18 2097152
2872 434 16 2097152
2859 444 16 2097152
2934 729 31 2097152
2901 925 23 2097152
2864 704 17 2097152
2864 929 22 2097152
2894 710 23 2097152
2862 924 23 2097152
2828 718 18 2097152
2847 926 16 2097152
2875 752 16 2097152
2819 921 16 2097152
2887 733 23 2097152
2899 902 22 2097152
2870 727 23 2097152
2855 914 18 2097152
2878 735 23 2097152
2897 929 22 2097152
2970 753 22 2097152
2832 923 23 2097152
2864 724 18 2097152
2893 919 16 2097152
2849 728 16 2097152
2886 868 15 2097152
2835 746 16 2097152
2843 932 16 2097152
2841 753 15 2097152
2831 957 15 2097152
2850 742 15 2097152
2862 947 16 2097152
2852 736 16 2097152
2867 904 15 2097152
2843 716 16 2097152
2851 959 17 2097152
2921 459 28 2097152
2902 429 22 2097152
2856 413 18 2097152
2915 461 20 2097152
2996 444 19 2097152
3050 451 16 2097152
3265 505 27 2097152
4103 641 24 2097152
4010 626 24 2097152
3940 644 23 2097152
4050 610 22 2097152
3986 664 23 2097152
3905 609 22 2097152
3593 591 23 2097152
3267 476 20 2097152
3350 519 19 2097152
