4039 1083 401 4194304
5705 949 27 4194304
5658 1035 24 4194304
5774 1212 31 4194304
5728 1017 23 4194304
6079 1183 27 4194304
5668 1663 24 4194304
5653 1184 26 4194304
5682 1023 23 4194304
5571 1200 24 4194304
5657 1045 22 4194304
5641 1169 26 4194304
54191 1068 26 4194304
5709 1131 26 4194304
5710 1144 29 4194304
5659 1036 17 4194304
5820 1979 44 4194304
5836 1111 30 4194304
5693 1005 31 4194304
5798 1364 32 4194304
5772 1423 27 4194304
5681 1544 25 4194304
5654 1371 25 4194304
5721 1566 24 4194304
5774 1402 24 4194304
5658 1548 24 4194304
5733 1355 24 4194304
5759 1564 24 4194304
5777 1393 24 4194304
5683 1542 25 4194304
5701 1365 30 4194304
5682 1549 25 4194304
5792 1884 35 4194304
5685 1541 23 4194304
5710 1332 25 4194304
5684 1543 22 4194304
5689 1391 23 4194304
5642 1519 22 4194304
5666 1326 23 4194304
5700 1581 25 4194304
6076 1465 26 4194304
5659 1538 23 4194304
5700 1441 23 4194304
5660 1527 23 4194304
5658 1462 22 4194304
5594 1561 25 4194304
5844 1413 27 4194304
5654 1553 22 4194304
7207 1584 52 4194304
5685 1271 24 4194304
5707 1022 23 4194304
5674 1010 23 4194304
5729 1036 22 4194304
5602 1142 22 4194304
5624 1050 22 4194304
5663 1086 20 4194304
5712 1021 20 4194304
5578 1112 21 4194304
5613 1058 22 4194304
5651 1088 21 4194304
5605 1020 20 4194304
5710 1130 25 4194304
54291 1083 23 4194304
5727 977 17 4194304
6308 1788 44 4194304
5831 1051 27 4194304
5654 996 22 4194304
5666 1035 25 4194304
5734 1006 25 4194304
5635 1085 24 4194304
6142 1185 30 4194304
5715 1152 23 4194304
5809 1062 27 4194304
5598 1136 22 4194304
5627 1034 23 4194304
5660 1153 25 4194304
5678 1069 23 4194304
5662 1119 21 4194304
5647 1062 22 4194304
5695 973 20 4194304
5809 1612 40 4194304
5648 866 36 4194304
5667 919 27 4194304
5669 970 26 4194304
5712 907 24 4194304
5675 940 30 4194304
5699 877 24 4194304
5644 902 24 4194304
5725 882 25 4194304
5571 894 23 4194304
5622 861 24 4194304
5608 895 24 4194304
5659 868 24 4194304
5669 886 23 4194304
5666 842 24 4194304
5636 872 22 4194304
5995 1265 34 4194304
5658 1288 27 4194304
5665 1042 27 4194304
5595 1092 21 4194304
5749 1071 21 4194304
5611 1169 20 4194304
5624 1079 23 4194304
5700 1186 22 4194304
5728 1019 22 4194304
6534 1365 29 4194304
8021 1603 27 4194304
7667 1617 30 4194304
7599 1596 28 4194304
7796 1648 30 4194304
7392 1538 30 4194304
5952 988 23 4194304
5905 1875 38 4194304
5634 1045 22 4194304
5666 1045 29 4194304
5621 1076 20 4194304
5756 1077 28 4194304
5643 1195 24 4194304
5661 1058 24 4194304
5716 1256 23 4194304
5746 1048 21 4194304
5554 1112 23 4194304
5693 1009 21 4194304
5624 1105 22 4194304
5682 1072 24 4194304
5636 1175 23 4194304
5729 1048 24 4194304
5637 1011 17 4194304
5841 1934 40 4194304
5701 1540 24 4194304
5728 1324 23 4194304
5676 1533 24 4194304
5704 1338 22 4194304
5662 1502 23 4194304
5732 1357 23 4194304
5685 1551 22 4194304
5764 1297 24 4194304
5673 1568 27 4194304
5763 1340 25 4194304
5857 1586 27 4194304
5660 1320 23 4194304
5687 1495 18 4194304
5681 1405 44 4194304
5693 1535 23 4194304
5810 1884 44 4194304
5712 898 26 4194304
5730 949 27 4194304
5624 903 23 4194304
5728 898 29 4194304
5610 878 18 4194304
5696 859 27 4194304
5619 895 28 4194304
5761 887 18 4194304
5558 863 27 4194304
5668 864 24 4194304
5692 884 27 4194304
5627 873 17 4194304
5692 891 29 4194304
5692 886 23 4194304
5760 848 28 4194304
5968 1866 45 4194304
5747 1061 25 4194304
5706 982 25 4194304
5595 1188 18 4194304
5759 1314 17 4194304
5600 1548 16 4194304
5692 1306 16 4194304
5677 1551 16 4194304
5796 1320 16 4194304
5628 1576 16 4194304
5707 1377 16 4194304
5703 1536 16 4194304
5612 1341 16 4194304
5698 1560 17 4194304
5666 1307 17 4194304
5629 1564 18 4194304
5940 2268 35 4194304
5703 1537 24 4194304
5708 1302 20 4194304
5593 1564 17 4194304
5808 1307 18 4194304
5742 1526 23 4194304
5748 1326 22 4194304
5729 1535 23 4194304
5794 1344 22 4194304
5545 1547 17 4194304
5710 1320 17 4194304
5725 1586 17 4194304
5721 1379 21 4194304
5813 1526 17 4194304
5715 1306 16 4194304
5701 1527 18 4194304
5819 1874 37 4194304
5677 1296 19 4194304
5705 1363 22 4194304
5696 1506 19 4194304
5774 1443 16 4194304
5673 1521 17 4194304
5720 1363 16 4194304
5729 1546 16 4194304
5799 1469 17 4194304
5704 1527 16 4194304
5712 1370 16 4194304
5668 1555 18 4194304
5683 1277 23 4194304
5745 1546 16 4194304
5661 1351 16 4194304
5680 1588 17 4194304
6143 1971 42 4194304
5799 1140 27 4194304
5777 961 28 4194304
5912 1095 29 4194304
5725 991 24 4194304
5677 913 18 4194304
5673 1351 17 4194304
5698 1518 17 4194304
5842 1336 19 4194304
5643 1532 19 4194304
5697 1287 16 4194304
5690 1547 18 4194304
5628 1363 17 4194304
5641 1571 15 4194304
5750 1294 16 4194304
5719 1609 19 4194304
5598 1972 31 4194304
5718 1244 19 4194304
5725 1449 24 4194304
5661 1527 18 4194304
5747 1420 17 4194304
7405 1555 27 4194304
5677 1332 16 4194304
5779 1516 17 4194304
5785 1407 16 4194304
5609 1512 16 4194304
5697 1345 16 4194304
5628 1548 17 4194304
5717 1354 16 4194304
5692 1529 16 4194304
5717 1379 16 4194304
5715 1556 19 4194304
5782 1746 31 4194304
5731 1543 24 4194304
5705 1302 19 4194304
5672 1547 17 4194304
5736 1282 22 4194304
5781 1525 20 4194304
5800 1408 17 4194304
5736 1562 22 4194304
5749 1305 22 4194304
5675 1556 17 4194304
5734 1322 17 4194304
5723 1543 17 4194304
5747 1270 23 4194304
5713 1549 17 4194304
5696 1327 16 4194304
5728 1552 25 4194304
5784 1752 36 4194304
5718 1284 17 4194304
5713 1267 17 4194304
5630 1538 17 4194304
5635 1298 17 4194304
5598 1554 17 4194304
5714 1302 17 4194304
5709 1524 16 4194304
5723 1282 16 4194304
5646 1556 19 4194304
5634 1261 16 4194304
5643 1600 20 4194304
5641 1394 16 4194304
5683 1541 17 4194304
5705 1287 16 4194304
5698 1573 18 4194304
5932 1854 30 4194304
5728 1499 18 4194304
5740 1372 19 4194304
5728 1508 18 4194304
5767 1311 18 4194304
5712 1454 17 4194304
5766 1337 20 4194304
5695 1521 17 4194304
5823 1486 16 4194304
5675 1489 17 4194304
5774 1358 17 4194304
5685 1532 23 4194304
5705 1347 16 4194304
5671 1502 15 4194304
5710 1338 16 4194304
5736 1535 18 4194304
5842 1695 35 4194304
5754 1505 22 4194304
5710 1494 16 4194304
5704 1526 22 4194304
5818 1330 22 4194304
5690 1488 16 4194304
5730 1344 16 4194304
5741 1499 20 4194304
5847 1336 22 4194304
5715 1504 23 4194304
5762 1338 17 4194304
5700 1510 17 4194304
5763 1394 22 4194304
5768 1506 22 4194304
5763 1376 20 4194304
5795 1510 17 4194304
5931 2417 46 4194304
5812 1004 27 4194304
5661 947 28 4194304
5640 990 25 4194304
5704 931 25 4194304
5636 1001 19 4194304
5696 889 17 4194304
5708 1519 17 4194304
5798 1332 17 4194304
5573 1534 17 4194304
5740 1382 16 4194304
5654 1543 24 4194304
5657 1308 16 4194304
5583 1541 29 4194304
5695 1429 16 4194304
5742 1586 19 4194304
5785 1690 51 4194304
5664 1142 27 4194304
5743 1082 29 4194304
5675 1156 26 4194304
5717 1056 26 4194304
5642 1129 25 4194304
5694 1111 26 4194304
5699 1192 26 4194304
5795 1068 25 4194304
5568 1159 22 4194304
5682 1067 25 4194304
5644 1139 26 4194304
5713 1000 21 4194304
5692 1130 21 4194304
5735 1071 24 4194304
5592 1016 23 4194304
5810 1825 37 4194304
5675 1501 19 4194304
5716 1291 25 4194304
5721 1520 23 4194304
5714 1284 23 4194304
5710 1591 26 4194304
5751 1385 23 4194304
5636 1539 22 4194304
5838 1315 22 4194304
5627 1566 23 4194304
5738 1307 18 4194304
5750 1545 19 4194304
5773 1432 22 4194304
5757 1535 22 4194304
5743 1413 22 4194304
5802 1537 25 4194304
5842 2546 30 4194304
5733 1542 22 4194304
5739 1412 22 4194304
5727 1510 22 4194304
5748 1349 22 4194304
5695 1526 22 4194304
5947 1376 24 4194304
5674 1503 17 4194304
5847 1342 20 4194304
5713 1516 17 4194304
5707 1337 16 4194304
5677 1505 15 4194304
5663 1370 18 4194304
5687 1507 16 4194304
5705 1323 16 4194304
5731 1540 18 4194304
5796 1871 31 4194304
54644 1426 26 4194304
6929 1388 22 4194304
5988 1539 20 4194304
5754 1310 17 4194304
5675 1497 17 4194304
5727 1335 23 4194304
6068 1532 26 4194304
5808 1321 17 4194304
5604 1525 16 4194304
5674 1319 23 4194304
5763 1537 23 4194304
5720 1361 23 4194304
5849 1135 39 4194304
5652 857 25 4194304
5576 870 25 4194304
5856 1990 41 4194304
5734 974 31 4194304
5718 899 18 4194304
5706 1510 17 4194304
5790 1361 24 4194304
11398 1738 25 4194304
5742 1384 22 4194304
5709 1518 17 4194304
5757 1357 16 4194304
5614 1557 17 4194304
5673 1293 17 4194304
5761 1510 15 4194304
5700 1328 16 4194304
5705 1533 16 4194304
5713 1350 16 4194304
5727 1549 17 4194304
5778 2115 36 4194304
5716 1007 25 4194304
6058 1025 24 4194304
5643 1513 18 4194304
5850 1364 21 4194304
5671 1520 23 4194304
5782 1320 23 4194304
5729 1543 22 4194304
5888 1334 25 4194304
5629 1535 22 4194304
5706 1341 18 4194304
5716 1526 22 4194304
5794 1285 17 4194304
5779 1503 17 4194304
5776 1299 16 4194304
5730 1523 23 4194304
5851 1863 36 4194304
5725 1289 18 4194304
5732 1323 17 4194304
5761 1514 22 4194304
5804 1331 23 4194304
5635 1510 22 4194304
5688 1318 22 4194304
5673 1509 18 4194304
5802 1322 23 4194304
5596 1543 22 4194304
5786 1367 22 4194304
5733 1535 23 4194304
5688 1365 23 4194304
5698 1534 23 4194304
5742 1311 22 4194304
5773 1570 24 4194304
5821 1984 36 4194304
5659 1351 18 4194304
6353 1406 19 4194304
5690 1515 17 4194304
5911 1333 20 4194304
6046 1546 19 4194304
5579 1389 16 4194304
5823 1538 18 4194304
6495 1423 20 4194304
5671 1535 17 4194304
5827 1356 19 4194304
5739 1542 15 4194304
5637 1312 17 4194304
5680 1528 16 4194304
5715 1291 16 4194304
5721 1534 16 4194304
9128 2175 56 4194304
8927 1512 35 4194304
8969 1608 41 4194304
8961 1610 37 4194304
9069 1573 34 4194304
9069 1549 34 4194304
9032 1594 32 4194304
9099 1848 38 4194304
9276 1555 32 4194304
8809 1583 37 4194304
9218 1712 34 4194304
9212 1644 34 4194304
8912 1472 33 4194304
9254 1520 49 4194304
9042 1499 37 4194304
5867 905 24 4194304
5723 2065 36 4194304
5703 1540 17 4194304
8769 1449 109 4194304
5711 1531 22 4194304
5708 1349 17 4194304
5903 1155 40 4194304
5624 1005 21 4194304
5646 1144 27 4194304
5721 1095 27 4194304
5577 1131 22 4194304
5672 1085 29 4194304
5627 1153 27 4194304
5672 1020 21 4194304
5653 1105 22 4194304
5669 1018 24 4194304
5703 965 23 4194304
5892 2198 42 4194304
5617 1189 23 4194304
5651 1025 22 4194304
5709 1152 29 4194304
5724 1063 24 4194304
5595 1160 21 4194304
5662 1032 23 4194304
5679 1138 22 4194304
5764 1031 23 4194304
5539 1174 24 4194304
5708 1042 24 4194304
5642 1167 21 4194304
5677 1054 21 4194304
5683 1143 21 4194304
54251 1064 22 4194304
5737 972 17 4194304
6169 1988 31 4194304
5713 1527 51 4194304
5875 1289 24 4194304
5731 1545 24 4194304
5754 1302 23 4194304
5654 1552 23 4194304
5656 1339 22 4194304
5713 1508 23 4194304
5779 1333 23 4194304
7700 1583 46 4194304
6089 1334 20 4194304
5831 1508 19 4194304
5740 1317 17 4194304
5732 1546 17 4194304
6002 1310 26 4194304
5693 1560 23 4194304
6676 1583 35 4194304
5785 1548 21 4194304
5715 1327 18 4194304
5677 1529 17 4194304
5765 1329 23 4194304
5886 1557 26 4194304
5729 1308 23 4194304
5718 1530 23 4194304
21908 1917 27 4194304
5587 1500 32 4194304
5665 1335 16 4194304
5659 1553 16 4194304
5621 1345 16 4194304
6017 1521 18 4194304
5697 1323 16 4194304
5694 1559 19 4194304
6194 1676 44 4194304
5941 1232 39 4194304
5724 1157 26 4194304
5684 1313 25 4194304
5748 1142 24 4194304
5569 1176 20 4194304
5665 1054 21 4194304
5729 1119 21 4194304
5768 1086 20 4194304
5555 1143 21 4194304
5679 1071 22 4194304
5657 1170 21 4194304
5669 1028 20 4194304
5809 1082 24 4194304
5670 1047 19 4194304
5615 1007 21 4194304
5753 1427 45 4194304
5659 1036 23 4194304
5691 1070 21 4194304
5778 1164 26 4194304
5743 1052 20 4194304
5659 1125 28 4194304
5607 1080 22 4194304
5717 1128 21 4194304
5730 1004 20 4194304
5557 1155 24 4194304
5618 1040 21 4194304
5614 1130 21 4194304
5693 1028 20 4194304
5620 1082 19 4194304
5660 1018 21 4194304
5578 974 17 4194304
5851 1481 43 4194304
5642 999 27 4194304
5667 1031 20 4194304
5633 1158 20 4194304
5738 1040 28 4194304
5631 1166 27 4194304
5632 1046 21 4194304
5653 1061 26 4194304
5723 987 22 4194304
5553 1088 19 4194304
5704 1051 25 4194304
5755 1103 23 4194304
5598 1036 21 4194304
5596 1124 21 4194304
5661 1026 20 4194304
5643 959 16 4194304
5765 1473 42 4194304
5628 912 25 4194304
5640 936 25 4194304
5634 919 24 4194304
5748 887 24 4194304
5622 904 24 4194304
5629 900 23 4194304
5639 925 24 4194304
5821 927 26 4194304
6399 943 30 4194304
5906 931 41 4194304
6746 1217 36 4194304
5719 862 24 4194304
5716 966 25 4194304
5645 949 24 4194304
5659 940 22 4194304
5735 1213 40 4194304
5674 899 25 4194304
5630 976 25 4194304
5660 955 25 4194304
5743 913 25 4194304
5658 905 23 4194304
5614 877 23 4194304
5633 915 24 4194304
5678 908 24 4194304
5582 904 24 4194304
5725 898 25 4194304
54162 923 24 4194304
5642 861 25 4194304
5642 896 24 4194304
5655 864 23 4194304
5617 905 23 4194304
5994 1867 43 4194304
5691 1031 22 4194304
5657 970 22 4194304
5656 1034 20 4194304
5692 955 21 4194304
5620 1074 20 4194304
5697 1019 21 4194304
5767 1153 24 4194304
5677 1039 21 4194304
5607 1112 22 4194304
5642 1044 21 4194304
5630 1135 20 4194304
5665 1059 21 4194304
5669 1143 21 4194304
5644 1043 22 4194304
5644 922 17 4194304
5635 2725 31 4194304
5711 1519 16 4194304
5728 1300 22 4194304
5608 1548 22 4194304
5816 1469 22 4194304
5676 1539 23 4194304
5760 1452 22 4194304
5694 1535 17 4194304
5753 1398 29 4194304
5613 1523 17 4194304
5754 1372 16 4194304
5691 1528 16 4194304
5715 1353 16 4194304
5691 1545 16 4194304
5727 1332 16 4194304
5908 1583 22 4194304
5703 1289 28 4194304
5748 1551 23 4194304
5712 1294 22 4194304
5613 1536 17 4194304
5720 1411 22 4194304
5606 1536 16 4194304
5638 1323 17 4194304
5641 1524 16 4194304
5842 1313 23 4194304
5618 1549 19 4194304
5674 1318 17 4194304
5653 1534 17 4194304
5683 1325 17 4194304
5642 1543 16 4194304
5755 1316 16 4194304
5777 1558 18 4194304
6188 1017 44 4194304
5692 1230 32 4194304
5907 1123 29 4194304
5751 1264 30 4194304
5729 1069 28 4194304
5580 1178 22 4194304
5618 1021 21 4194304
5627 1136 23 4194304
5726 1036 23 4194304
5584 1098 21 4194304
5707 1013 22 4194304
5690 1110 21 4194304
5617 1027 21 4194304
5655 1123 20 4194304
5648 1019 23 4194304
5655 934 17 4194304
5745 1278 31 4194304
5701 1538 18 4194304
5902 1194 32 4194304
5661 920 20 4194304
5658 1048 26 4194304
5566 1134 20 4194304
5667 1028 22 4194304
5659 1098 26 4194304
5669 1071 26 4194304
5565 1114 24 4194304
5671 1001 21 4194304
5643 1063 19 4194304
5691 1002 21 4194304
5643 1117 20 4194304
5897 1166 29 4194304
5659 1508 18 4194304
5685 1323 31 4194304
5695 1536 24 4194304
5811 1340 46 4194304
5727 1606 26 4194304
5799 1352 27 4194304
5715 1544 24 4194304
5779 1422 23 4194304
5658 1603 24 4194304
5776 1423 24 4194304
5598 1523 23 4194304
5732 1332 23 4194304
5993 1523 27 4194304
5657 1311 22 4194304
5654 1602 24 4194304
5752 1296 23 4194304
5706 1579 24 4194304
5712 914 43 4194304
5672 999 21 4194304
5655 1022 21 4194304
5665 1148 19 4194304
54290 1032 21 4194304
5654 1171 22 4194304
7358 1435 32 4194304
7830 1713 27 4194304
7767 1717 31 4194304
7595 1809 29 4194304
7851 1666 30 4194304
7847 1786 29 4194304
7872 1590 28 4194304
7739 1677 27 4194304
7346 1463 29 4194304
5906 1060 22 4194304
5830 1299 30 4194304
5717 1529 23 4194304
5707 1419 18 4194304
5720 1915 28 4194304
5806 1414 17 4194304
5761 1506 17 4194304
5820 1346 17 4194304
5720 1510 17 4194304
5839 1318 16 4194304
5687 1531 23 4194304
5781 1371 22 4194304
5720 1524 23 4194304
5696 1364 22 4194304
5767 1526 23 4194304
5722 1324 22 4194304
5797 1521 30 4194304
5707 1005 34 4194304
5659 917 25 4194304
5684 965 27 4194304
5689 973 18 4194304
5650 1018 22 4194304
5636 1104 18 4194304
5763 1036 28 4194304
5693 1156 25 4194304
5782 1046 20 4194304
5620 1175 23 4194304
5710 1008 21 4194304
5678 1094 21 4194304
5701 1078 23 4194304
5711 1118 23 4194304
5660 1016 24 4194304
5659 955 17 4194304
5741 1321 23 4194304
5755 1566 24 4194304
5753 1336 18 4194304
5656 1569 17 4194304
5928 1309 20 4194304
5780 1553 22 4194304
5762 1363 16 4194304
5754 1545 18 4194304
5737 1355 17 4194304
5540 1550 16 4194304
5682 1381 17 4194304
5590 1562 17 4194304
7817 943 40 4194304
5810 1492 29 4194304
5640 1167 27 4194304
5701 1114 17 4194304
5800 1471 31 4194304
5829 1567 22 4194304
5803 1377 21 4194304
5770 1058 41 4194304
5694 1142 25 4194304
5679 1218 21 4194304
5651 1066 21 4194304
5711 1167 27 4194304
5739 1042 20 4194304
5636 1099 22 4194304
5659 1061 20 4194304
5635 1138 22 4194304
5674 1125 21 4194304
5719 1103 23 4194304
5605 1005 21 4194304
5646 997 18 4194304
5707 864 36 4194304
5657 931 22 4194304
5700 1066 28 4194304
5638 1146 21 4194304
5741 1017 20 4194304
5632 1134 28 4194304
5775 1058 25 4194304
5587 1122 20 4194304
5711 1046 22 4194304
5606 1157 20 4194304
5662 1010 20 4194304
5655 1110 20 4194304
5714 1015 20 4194304
5659 1102 21 4194304
5684 976 24 4194304
5625 948 24 4194304
5721 885 41 4194304
5716 1039 22 4194304
5675 1004 21 4194304
5619 1125 23 4194304
5687 1078 22 4194304
5633 1132 20 4194304
5661 1039 27 4194304
5605 1134 23 4194304
5758 1090 22 4194304
5616 1116 22 4194304
5607 1025 22 4194304
5662 1152 22 4194304
5667 1034 22 4194304
5691 1122 21 4194304
5734 1029 22 4194304
5661 961 16 4194304
5581 1346 35 4194304
5764 1511 17 4194304
5888 1319 25 4194304
5797 1599 25 4194304
5891 1292 23 4194304
5699 1534 23 4194304
5782 1359 19 4194304
5712 1529 17 4194304
5873 1357 17 4194304
5644 1518 17 4194304
5795 1365 21 4194304
5767 1551 31 4194304
5775 1282 19 4194304
5658 1541 23 4194304
14535 1618 28 4194304
5678 1545 18 4194304
5852 1295 30 4194304
5715 1531 18 4194304
5824 1378 18 4194304
5712 1523 23 4194304
5880 1311 17 4194304
5700 1505 17 4194304
5772 1373 17 4194304
5702 1537 18 4194304
5896 1333 17 4194304
5676 1521 17 4194304
54319 1436 17 4194304
5657 1577 16 4194304
5760 1427 17 4194304
5728 1548 17 4194304
5739 1337 17 4194304
5752 1590 18 4194304
5728 904 43 4194304
5690 960 20 4194304
5654 1039 22 4194304
5681 1127 19 4194304
5737 1042 21 4194304
5579 1148 19 4194304
5657 1068 30 4194304
5700 1153 21 4194304
5699 1012 23 4194304
5572 1165 20 4194304
5695 1047 22 4194304
5645 1145 21 4194304
5643 1050 22 4194304
5642 1132 22 4194304
5660 1015 26 4194304
5669 962 17 4194304
5693 889 36 4194304
5703 967 20 4194304
5644 1069 27 4194304
5632 1089 30 4194304
5719 1049 20 4194304
5639 1106 23 4194304
5669 1108 22 4194304
5701 1129 23 4194304
5777 1022 21 4194304
5576 1105 21 4194304
5679 1109 21 4194304
5676 1107 20 4194304
5618 1031 21 4194304
5653 1102 22 4194304
5729 1056 24 4194304
5655 1003 17 4194304
5735 856 35 4194304
5729 1014 22 4194304
5764 1075 30 4194304
5708 1103 28 4194304
5724 1017 26 4194304
5654 1116 28 4194304
5644 1057 26 4194304
5670 1130 24 4194304
5767 1054 23 4194304
5642 1108 21 4194304
5733 1050 22 4194304
5683 1137 21 4194304
5715 1072 20 4194304
5758 1164 22 4194304
5710 1063 24 4194304
5621 998 17 4194304
54378 1352 30 4194304
5718 1526 18 4194304
5702 1373 18 4194304
5741 1501 17 4194304
5856 1416 23 4194304
5677 1531 19 4194304
5701 1420 18 4194304
5760 1537 17 4194304
5846 1369 18 4194304
5797 1532 20 4194304
5775 1359 16 4194304
5689 1510 15 4194304
5765 1359 17 4194304
5771 1539 17 4194304
5757 1409 16 4194304
5758 1536 17 4194304
5762 1042 34 4194304
5744 911 25 4194304
5727 971 26 4194304
5692 910 25 4194304
5816 905 27 4194304
5654 900 25 4194304
5721 917 24 4194304
5637 880 23 4194304
5691 899 25 4194304
5604 911 25 4194304
5671 901 24 4194304
5659 917 25 4194304
5695 862 23 4194304
5648 875 23 4194304
5742 910 25 4194304
5608 899 24 4194304
5764 879 37 4194304
5664 1023 22 4194304
5740 1099 28 4194304
5676 1116 25 4194304
5758 1070 20 4194304
5617 1125 26 4194304
5598 1036 26 4194304
5626 1091 20 4194304
5750 1051 27 4194304
5614 49657 26 4194304
5659 1012 25 4194304
5669 1081 22 4194304
5661 1026 20 4194304
5644 1094 21 4194304
5720 1091 22 4194304
5653 960 22 4194304
5649 870 42 4194304
5667 1079 26 4194304
5663 1159 28 4194304
5642 1112 27 4194304
5726 1077 22 4194304
5577 1166 22 4194304
5657 1039 23 4194304
5630 1099 22 4194304
5737 1050 28 4194304
5587 1112 23 4194304
5707 1034 28 4194304
5663 1106 27 4194304
5665 1044 26 4194304
5636 1099 28 4194304
5693 1046 24 4194304
5706 951 23 4194304
5871 1345 29 4194304
5669 1542 16 4194304
5739 1315 23 4194304
5764 1497 22 4194304
5772 1318 22 4194304
5659 1517 23 4194304
5739 1361 17 4194304
5684 1525 17 4194304
5816 1388 22 4194304
5621 1535 18 4194304
5780 1389 17 4194304
5713 1666 24 4194304
5737 1374 23 4194304
5662 1535 18 4194304
5724 1358 17 4194304
5711 1549 23 4194304
5699 979 42 4194304
5644 925 25 4194304
5633 936 25 4194304
5664 952 23 4194304
5700 870 24 4194304
7662 956 29 4194304
7304 910 21 4194304
5861 917 21 4194304
6697 924 24 4194304
5980 908 19 4194304
5918 915 19 4194304
5609 906 17 4194304
5620 879 17 4194304
7458 852 29 4194304
5713 873 23 4194304
5616 882 22 4194304
5727 854 33 4194304
5660 894 26 4194304
5654 1031 19 4194304
5650 1012 27 4194304
5688 995 20 4194304
5601 1095 21 4194304
5667 1153 19 4194304
5702 1121 22 4194304
5738 1034 22 4194304
5593 1191 22 4194304
5687 1023 21 4194304
5658 1105 20 4194304
5694 1037 21 4194304
5680 1148 23 4194304
5694 1084 23 4194304
5718 991 17 4194304
5695 868 37 4194304
5707 1040 22 4194304
5675 1142 22 4194304
5596 1112 22 4194304
5751 1091 25 4194304
5665 1139 28 4194304
5646 1055 28 4194304
5634 1277 30 4194304
5836 1035 27 4194304
5643 1077 27 4194304
5644 1068 28 4194304
5634 1125 24 4194304
5731 1019 23 4194304
5664 1109 22 4194304
5660 1036 24 4194304
5701 980 21 4194304
5848 1446 32 4194304
5731 1527 23 4194304
5806 1384 25 4194304
5839 1537 25 4194304
5839 1439 23 4194304
5644 1512 23 4194304
5695 1384 22 4194304
5716 1497 17 4194304
5917 1432 21 4194304
5640 1535 22 4194304
5762 1344 22 4194304
5734 1530 20 4194304
5705 1359 16 4194304
5710 1529 17 4194304
5735 1324 16 4194304
5692 1595 18 4194304
5759 1356 25 4194304
5797 1509 19 4194304
5803 1365 23 4194304
5757 1523 23 4194304
5797 1434 23 4194304
5717 1554 23 4194304
5739 1352 23 4194304
5712 1539 18 4194304
5827 1413 23 4194304
5671 1509 17 4194304
5756 1472 23 4194304
5758 1527 23 4194304
5761 1317 22 4194304
5710 1542 23 4194304
5727 1335 18 4194304
5814 1561 22 4194304
5774 1328 29 4194304
5793 1534 22 4194304
5862 1436 25 4194304
5732 1519 22 4194304
5892 1375 21 4194304
5614 1528 16 4194304
5720 1355 15 4194304
5783 1516 23 4194304
5799 1443 22 4194304
5682 1465 23 4194304
5785 1322 18 4194304
5745 1499 17 4194304
5796 1331 17 4194304
5790 1488 17 4194304
5795 1303 17 4194304
5784 1561 23 4194304
5822 1355 29 4194304
5758 1553 23 4194304
6083 1433 26 4194304
5800 1532 24 4194304
5786 1502 23 4194304
5823 1556 24 4194304
9849 2011 30 4194304
6214 1679 27 4194304
5808 1382 23 4194304
5621 1525 23 4194304
5753 1337 22 4194304
5727 1524 23 4194304
5708 1356 22 4194304
5767 1519 22 4194304
5763 1328 22 4194304
5715 1551 23 4194304
5738 1006 45 4194304
5667 911 25 4194304
5704 999 26 4194304
5620 1045 21 4194304
5662 989 20 4194304
5660 1139 23 4194304
5698 1116 20 4194304
5633 1158 23 4194304
5724 1128 23 4194304
5560 1193 21 4194304
5784 1366 28 4194304
5743 1564 28 4194304
5760 1005 26 4194304
5763 1045 26 4194304
5811 950 26 4194304
5745 1545 18 4194304
5762 1014 46 4194304
5672 1073 22 4194304
5660 1091 23 4194304
5660 1175 19 4194304
5657 1087 23 4194304
5614 1135 20 4194304
7633 1327 29 4194304
5715 1541 17 4194304
5830 1373 18 4194304
5644 1507 16 4194304
5741 1354 22 4194304
5798 1559 23 4194304
5764 1502 22 4194304
5773 1517 18 4194304
5791 1333 22 4194304
5795 1571 23 4194304
5778 989 40 4194304
5647 1142 22 4194304
5705 1104 28 4194304
5664 1121 26 4194304
5711 1078 27 4194304
5676 1113 27 4194304
5682 1026 21 4194304
5722 1103 25 4194304
5788 1083 23 4194304
5546 1175 23 4194304
5706 1043 21 4194304
5650 1118 21 4194304
5705 1055 20 4194304
5644 1118 22 4194304
5689 1016 23 4194304
5632 945 16 4194304
5734 910 36 4194304
5680 948 21 4194304
5726 1045 21 4194304
5668 1097 21 4194304
5649 1073 27 4194304
5591 1122 19 4194304
5635 1041 21 4194304
5690 1085 21 4194304
5735 1041 20 4194304
5645 1082 19 4194304
5689 1074 21 4194304
5667 1094 22 4194304
5709 1095 21 4194304
5621 1123 19 4194304
5618 1054 19 4194304
5602 955 15 4194304
5487 1319 30 4194304
5800 1564 24 4194304
5792 1301 23 4194304
5861 1524 25 4194304
5778 1287 23 4194304
5693 1518 22 4194304
5749 1345 23 4194304
19259 1938 28 4194304
5785 1325 18 4194304
5607 1495 17 4194304
5706 1365 17 4194304
5685 1515 17 4194304
5747 1309 18 4194304
5698 1523 16 4194304
5699 1311 16 4194304
5722 1551 17 4194304
5760 1000 43 4194304
5658 1068 22 4194304
5694 1066 21 4194304
5593 1201 20 4194304
5675 1105 25 4194304
5651 1185 29 4194304
5707 1048 22 4194304
5642 1265 25 4194304
5735 1070 28 4194304
5574 1084 21 4194304
5683 1065 24 4194304
5692 1116 22 4194304
5715 1055 23 4194304
5726 1130 22 4194304
5603 1027 22 4194304
5589 998 18 4194304
5728 865 44 4194304
5663 1026 21 4194304
5661 1106 20 4194304
5653 1155 28 4194304
5685 1036 22 4194304
5612 1154 23 4194304
5664 1044 22 4194304
5631 1139 20 4194304
5778 1072 26 4194304
5621 1111 25 4194304
5658 1087 25 4194304
5657 1137 25 4194304
5693 1043 25 4194304
5683 1088 23 4194304
5660 1056 22 4194304
5640 997 22 4194304
5820 852 44 4194304
5713 1003 25 4194304
5767 1117 21 4194304
5605 1113 28 4194304
5711 1027 25 4194304
5695 1086 27 4194304
5626 1009 21 4194304
5607 1076 20 4194304
5696 1016 19 4194304
5536 1073 21 4194304
5664 978 21 4194304
5690 1037 20 4194304
5681 990 19 4194304
5633 1068 20 4194304
5613 1012 21 4194304
5624 928 17 4194304
5775 842 40 4194304
5698 903 26 4194304
5680 1005 22 4194304
5643 1024 19 4194304
5717 1061 20 4194304
5598 1140 23 4194304
5701 1083 22 4194304
5659 1121 20 4194304
5722 1151 25 4194304
5600 1116 23 4194304
5706 1084 24 4194304
5676 1166 23 4194304
5639 1088 23 4194304
5627 1123 23 4194304
5677 1073 27 4194304
5625 963 18 4194304
5668 894 43 4194304
5705 1052 29 4194304
5660 1102 25 4194304
5663 1112 26 4194304
5750 1060 27 4194304
5606 1090 21 4194304
5697 1018 25 4194304
5667 1124 25 4194304
5732 1031 22 4194304
5605 1108 27 4194304
5649 1006 21 4194304
5677 1070 21 4194304
5678 1015 25 4194304
5639 1109 22 4194304
5694 1073 29 4194304
5655 979 24 4194304
5750 1497 24 4194304
5749 1526 18 4194304
5868 1348 25 4194304
5690 1520 22 4194304
5747 1344 23 4194304
5679 1536 23 4194304
5729 1335 22 4194304
5747 1573 22 4194304
5843 1485 17 4194304
5705 1547 17 4194304
5783 1366 22 4194304
5766 1556 22 4194304
5737 1323 17 4194304
5725 1920 26 4194304
5712 1322 17 4194304
5729 1590 22 4194304
5742 1307 23 4194304
5717 1593 23 4194304
5796 1333 22 4194304
5764 1567 23 4194304
5823 1516 23 4194304
5729 1563 22 4194304
5737 1325 22 4194304
5781 1595 22 4194304
5823 1384 24 4194304
5662 1570 24 4194304
5762 1492 25 4194304
5765 1540 23 4194304
5734 1357 22 4194304
5687 1555 24 4194304
5719 1349 30 4194304
5669 1612 22 4194304
5821 916 47 4194304
5703 1070 21 4194304
5692 1067 30 4194304
5627 1195 23 4194304
5882 1071 29 4194304
5732 1132 27 4194304
5626 1067 21 4194304
5630 1157 21 4194304
5726 992 22 4194304
5561 1106 20 4194304
5622 1050 21 4194304
5605 1127 18 4194304
5611 1008 20 4194304
5603 1120 20 4194304
5604 1030 24 4194304
5652 993 17 4194304
5420 1323 24 4194304
5668 1566 18 4194304
5720 1284 18 4194304
5686 1547 23 4194304
5711 1300 19 4194304
5656 1514 17 4194304
5714 1308 18 4194304
5706 1528 17 4194304
5721 1337 17 4194304
5683 1561 22 4194304
5725 1374 23 4194304
5688 1585 23 4194304
5703 1380 22 4194304
5717 1536 23 4194304
5727 1307 23 4194304
5804 1561 22 4194304
5747 1296 30 4194304
5697 1540 18 4194304
5704 1307 23 4194304
5653 1550 23 4194304
5759 1279 22 4194304
5688 1538 22 4194304
5707 1335 22 4194304
54331 1548 23 4194304
5767 1308 18 4194304
5605 1498 16 4194304
5669 1319 17 4194304
5694 1560 16 4194304
8085 1422 32 4194304
7317 1182 51 4194304
6710 1852 20 4194304
5794 1888 23 4194304
5730 1354 30 4194304
5737 1536 18 4194304
5661 1330 19 4194304
5740 1546 17 4194304
5780 1377 18 4194304
5737 1537 18 4194304
5751 1330 17 4194304
5749 1559 17 4194304
5784 1394 17 4194304
5691 1547 17 4194304
5710 1403 17 4194304
5825 1518 19 4194304
5826 1046 35 4194304
5660 1753 26 4194304
5668 1038 24 4194304
5656 1063 16 4194304
5765 838 43 4194304
5684 1054 26 4194304
5668 1083 34 4194304
5629 1161 20 4194304
5699 1042 24 4194304
5643 1171 28 4194304
5661 1027 36 4194304
5874 1164 26 4194304
5749 1089 25 4194304
5621 1178 22 4194304
5625 1153 21 4194304
5727 1206 22 4194304
5702 1031 21 4194304
5721 1110 20 4194304
5619 1071 23 4194304
5713 954 16 4194304
5994 938 40 4194304
5680 988 26 4194304
5667 936 26 4194304
5692 969 26 4194304
5723 899 24 4194304
5633 906 23 4194304
5684 901 24 4194304
5652 882 23 4194304
5781 949 24 4194304
5550 923 23 4194304
5722 836 24 4194304
5652 877 23 4194304
5657 847 23 4194304
5701 889 23 4194304
5645 854 24 4194304
54230 840 23 4194304
5772 1328 25 4194304
5752 1555 19 4194304
6126 1362 21 4194304
5869 1548 20 4194304
6120 1373 19 4194304
5907 1599 19 4194304
5734 1375 18 4194304
5924 1546 19 4194304
5845 1334 17 4194304
5646 1549 17 4194304
5707 1292 18 4194304
5741 1587 18 4194304
5738 1474 17 4194304
5742 1565 17 4194304
5727 1313 16 4194304
5813 1553 18 4194304
5786 891 38 4194304
5681 900 25 4194304
5705 952 28 4194304
5668 924 24 4194304
5757 909 25 4194304
5667 905 25 4194304
5658 871 24 4194304
5621 905 23 4194304
5785 854 25 4194304
5614 881 23 4194304
5749 878 25 4194304
5717 858 24 4194304
5648 871 22 4194304
5687 876 24 4194304
5712 878 26 4194304
5686 870 24 4194304
5729 867 39 4194304
5669 995 18 4194304
5704 1059 28 4194304
5658 1140 20 4194304
5692 1048 19 4194304
54199 1126 28 4194304
5706 1053 26 4194304
5709 1058 20 4194304
5731 997 19 4194304
5581 1076 19 4194304
5707 1007 25 4194304
5661 1097 30 4194304
5671 1015 21 4194304
5659 1096 19 4194304
5684 1055 20 4194304
5809 999 19 4194304
5740 877 32 4194304
5653 1016 24 4194304
5651 1057 25 4194304
5697 1125 19 4194304
5733 1051 27 4194304
5612 1070 18 4194304
5678 1053 30 4194304
5637 1079 20 4194304
5763 1014 21 4194304
5562 1126 21 4194304
5652 1013 20 4194304
5622 1074 19 4194304
5663 1020 21 4194304
5809 957 19 4194304
5714 1345 18 4194304
5702 1823 22 4194304
5778 879 39 4194304
5628 970 22 4194304
5674 1103 26 4194304
5682 1124 21 4194304
5657 1037 19 4194304
5650 1148 22 4194304
5626 995 22 4194304
5630 1183 20 4194304
5787 998 21 4194304
5605 1136 19 4194304
5655 1011 20 4194304
5614 1151 20 4194304
5701 1016 21 4194304
5661 49695 21 4194304
5634 1020 22 4194304
5676 951 16 4194304
5732 886 40 4194304
5594 942 21 4194304
5825 1046 34 4194304
5667 1048 21 4194304
5740 1026 25 4194304
5666 1113 22 4194304
5757 1045 24 4194304
5682 1123 23 4194304
5782 1023 21 4194304
5583 1133 23 4194304
5640 1061 22 4194304
5626 1145 21 4194304
5646 1035 22 4194304
5676 1163 22 4194304
5658 1106 23 4194304
5640 955 16 4194304
5757 892 43 4194304
5653 1055 23 4194304
54256 1043 21 4194304
5690 1106 28 4194304
5720 1110 25 4194304
5660 990 18 4194304
5658 1067 19 4194304
5627 1150 22 4194304
5733 1081 21 4194304
5556 1190 21 4194304
5701 1035 19 4194304
5668 1122 22 4194304
5788 1029 25 4194304
5660 1102 19 4194304
5624 1026 22 4194304
5667 927 17 4194304
5765 814 41 4194304
5596 920 25 4194304
5677 980 20 4194304
5608 1022 17 4194304
5719 917 16 4194304
5624 1122 20 4194304
5755 1085 26 4194304
5658 1123 21 4194304
5768 1042 21 4194304
5616 1079 21 4194304
5638 1026 29 4194304
5684 1076 19 4194304
5659 1018 20 4194304
5656 1057 20 4194304
5634 1055 18 4194304
5696 933 17 4194304
5802 850 37 4194304
5648 1018 26 4194304
5685 1073 25 4194304
5718 1140 25 4194304
5730 1013 22 4194304
5663 1115 25 4194304
5654 1023 20 4194304
5639 1084 20 4194304
5768 1017 26 4194304
5620 1112 20 4194304
5640 1011 20 4194304
5619 1090 20 4194304
5631 1005 21 4194304
5606 1079 21 4194304
5641 990 20 4194304
5617 937 16 4194304
5552 1292 25 4194304
5639 1561 18 4194304
5782 1324 23 4194304
5678 1565 22 4194304
5734 1276 19 4194304
5623 1569 17 4194304
5700 1304 17 4194304
5777 1569 24 4194304
5774 1312 18 4194304
5662 1560 24 4194304
5672 1361 18 4194304
5711 1530 23 4194304
5778 1351 18 4194304
5738 1551 16 4194304
5707 1318 16 4194304
5712 1541 17 4194304
5816 945 45 4194304
54190 1169 26 4194304
5701 1110 27 4194304
5670 1166 26 4194304
5706 1129 20 4194304
5628 1141 27 4194304
5676 1017 21 4194304
5666 1166 20 4194304
5730 1024 20 4194304
5554 1149 19 4194304
5649 1017 23 4194304
5807 1116 21 4194304
5644 1006 21 4194304
5663 1117 20 4194304
5682 983 22 4194304
5634 975 16 4194304
5807 1380 39 4194304
5746 1555 24 4194304
5764 1285 24 4194304
5718 1535 23 4194304
5885 1370 23 4194304
5729 1526 32 4194304
5776 872 25 4194304
5761 917 27 4194304
5923 866 25 4194304
5692 964 26 4194304
5806 890 25 4194304
5637 981 24 4194304
5901 855 25 4194304
5708 887 23 4194304
7285 911 27 4194304
5692 902 22 4194304
5734 1349 31 4194304
5713 1549 25 4194304
5742 1351 24 4194304
56