12911 3640 338 8388608
11567 3524 36 8388608
11301 3616 33 8388608
11256 2586 30 8388608
11493 3676 28 8388608
11229 2651 32 8388608
11361 3697 23 8388608
11485 2617 40 8388608
11465 4252 38 8388608
11637 2579 32 8388608
11439 3773 29 8388608
11484 2554 23 8388608
11519 3712 20 8388608
11431 2570 22 8388608
11292 3717 22 8388608
11374 2564 27 8388608
13177 3739 54 8388608
11609 2195 43 8388608
11681 2717 49 8388608
11532 2441 44 8388608
11545 2729 47 8388608
11400 2397 42 8388608
11491 2697 51 8388608
11397 2301 37 8388608
11509 4172 42 8388608
11319 2566 29 8388608
11345 3735 28 8388608
11331 2555 27 8388608
11399 3713 23 8388608
59808 2531 39 8388608
11251 3772 28 8388608
11298 2555 35 8388608
11472 3188 62 8388608
11478 2288 52 8388608
11410 2515 48 8388608
11408 2308 40 8388608
11559 3208 30 8388608
11387 2569 31 8388608
11281 3753 30 8388608
11259 2576 32 8388608
11454 4500 40 8388608
11352 2645 27 8388608
11296 3723 23 8388608
11326 2600 30 8388608
11452 3726 21 8388608
11364 2633 23 8388608
11193 3680 21 8388608
11338 2587 26 8388608
11425 4291 44 8388608
11666 2597 34 8388608
11315 3704 31 8388608
11322 2568 31 8388608
11351 3714 31 8388608
11310 2569 29 8388608
11443 3720 30 8388608
11462 2601 33 8388608
11582 4213 35 8388608
11427 2618 22 8388608
11411 3721 28 8388608
60174 2685 28 8388608
11546 3701 20 8388608
11445 2603 24 8388608
11389 3609 21 8388608
11387 2658 25 8388608
11455 4334 44 8388608
11393 2421 19 8388608
11350 3719 21 8388608
11464 2595 22 8388608
11485 3690 20 8388608
11319 2624 25 8388608
11385 3668 28 8388608
11376 2603 33 8388608
11541 4677 32 8388608
11464 2583 29 8388608
11358 3686 28 8388608
11458 2641 33 8388608
11474 3675 40 8388608
14424 2785 130 8388608
11790 3298 30 8388608
11492 2523 26 8388608
11494 3097 65 8388608
11529 2392 43 8388608
11394 2676 43 8388608
11573 2414 55 8388608
11499 2675 47 8388608
15156 3364 56 8388608
15507 3704 56 8388608
11788 2340 40 8388608
11328 4260 58 8388608
11581 2313 20 8388608
11792 3572 33 8388608
11358 2556 28 8388608
11468 3607 23 8388608
11239 2572 27 8388608
11271 3613 23 8388608
11293 2592 37 8388608
11477 4126 67 8388608
11344 2557 25 8388608
11579 3603 28 8388608
11227 2577 20 8388608
11389 3780 20 8388608
11287 2626 19 8388608
11291 3508 20 8388608
11361 2568 27 8388608
11459 4072 40 8388608
11376 2745 28 8388608
11329 3704 29 8388608
11245 2625 20 8388608
11387 3609 25 8388608
11227 2541 20 8388608
11294 3559 29 8388608
11342 2615 31 8388608
11391 4072 45 8388608
11325 2523 22 8388608
11321 3623 28 8388608
11198 2591 23 8388608
11246 3671 22 8388608
11119 2573 25 8388608
11223 3595 21 8388608
11381 2526 32 8388608
11410 4153 52 8388608
11466 2422 54 8388608
11669 3481 50 8388608
12477 2474 99 8388608
11469 3494 52 8388608
11349 2372 50 8388608
11693 3085 26 8388608
11660 2671 33 8388608
11565 4195 42 8388608
11325 2588 27 8388608
11231 3793 22 8388608
11310 2550 21 8388608
11320 3540 21 8388608
11285 2548 20 8388608
11458 3809 20 8388608
11261 2534 27 8388608
11668 4231 31 8388608
14162 2819 56 8388608
62724 3562 75 8388608
14262 3652 59 8388608
16106 3834 53 8388608
14320 3194 60 8388608
14992 3645 54 8388608
11776 2361 39 8388608
11571 4369 62 8388608
11429 2374 50 8388608
11337 3200 37 8388608
11333 2313 18 8388608
11337 3682 25 8388608
11261 2613 22 8388608
11298 3719 21 8388608
11473 2580 34 8388608
11207 4749 43 8388608
11996 2526 34 8388608
11424 3585 28 8388608
11384 2539 27 8388608
11510 3751 23 8388608
12322 2604 34 8388608
11674 3562 28 8388608
11314 2563 26 8388608
11427 4218 41 8388608
12542 2646 34 8388608
12570 3764 27 8388608
11490 2616 23 8388608
11486 3677 22 8388608
11256 2660 20 8388608
11377 3620 23 8388608
11424 2573 24 8388608
11481 2647 58 8388608
11499 2531 34 8388608
11346 3102 43 8388608
12827 2333 43 8388608
11847 3064 30 8388608
11307 2597 46 8388608
11327 2661 51 8388608
11459 2317 33 8388608
11401 2803 59 8388608
11432 2448 43 8388608
11502 2649 52 8388608
11470 2368 52 8388608
11818 2696 58 8388608
11331 2408 48 8388608
11567 2680 41 8388608
11693 2297 36 8388608
11788 4393 44 8388608
11354 2430 22 8388608
60027 3636 28 8388608
11385 2580 21 8388608
11490 3628 23 8388608
11291 2580 20 8388608
11353 3649 19 8388608
11348 2698 27 8388608
11512 4305 44 8388608
11430 2492 20 8388608
11385 3701 26 8388608
11393 2648 24 8388608
11521 3821 22 8388608
11319 2618 24 8388608
11267 3689 20 8388608
11334 2635 25 8388608
11422 4347 36 8388608
11342 2575 28 8388608
12645 3790 32 8388608
11397 2568 22 8388608
59927 3661 22 8388608
11288 2548 24 8388608
11223 3698 28 8388608
11443 1878 53 8388608
11394 4061 41 8388608
11375 2617 20 8388608
11267 3647 21 8388608
11343 2583 25 8388608
11321 3678 22 8388608
11284 2618 26 8388608
11360 3742 27 8388608
11587 2670 32 8388608
11397 4309 51 8388608
11234 2330 20 8388608
13273 3682 36 8388608
11288 2590 21 8388608
11398 3753 23 8388608
11314 2617 25 8388608
11370 3613 20 8388608
11369 2533 29 8388608
11336 4383 42 8388608
11315 2539 21 8388608
11517 3710 24 8388608
11238 2602 24 8388608
11422 2371 53 8388608
11307 2405 46 8388608
11447 2700 50 8388608
11345 2297 41 8388608
11378 4389 39 8388608
11627 2516 33 8388608
11445 3795 28 8388608
11383 2551 30 8388608
11655 3775 31 8388608
11291 2613 28 8388608
11525 3795 33 8388608
11387 2608 33 8388608
11592 53067 40 8388608
11469 2398 21 8388608
11376 3707 27 8388608
11256 2579 22 8388608
11355 3696 27 8388608
11639 2390 57 8388608
11532 2629 47 8388608
11397 2296 34 8388608
11482 3972 38 8388608
11279 2454 20 8388608
11455 3573 19 8388608
11358 2560 19 8388608
11479 3591 19 8388608
11219 2567 19 8388608
11280 3736 18 8388608
59913 2601 32 8388608
11287 4302 39 8388608
11241 2524 25 8388608
12039 3740 28 8388608
11817 2478 21 8388608
11341 3663 19 8388608
11259 2560 18 8388608
11455 3748 20 8388608
11371 2518 26 8388608
11360 4384 48 8388608
11417 2353 19 8388608
11318 3673 29 8388608
11192 2518 21 8388608
11408 3714 21 8388608
11115 2620 20 8388608
11281 3702 19 8388608
11198 2532 26 8388608
11188 4480 47 8388608
11462 2613 19 8388608
11446 3692 26 8388608
11240 2633 25 8388608
11278 3669 22 8388608
11283 2635 21 8388608
11258 3708 25 8388608
12797 1992 53 8388608
11649 4319 52 8388608
11308 2394 23 8388608
13174 2853 28 8388608
11160 2507 21 8388608
11384 3645 23 8388608
11170 2609 19 8388608
11261 3598 20 8388608
11279 2516 27 8388608
11487 4481 255 8388608
11406 2385 24 8388608
11433 3768 22 8388608
11324 2676 19 8388608
12701 3723 26 8388608
11246 2585 18 8388608
11236 3623 19 8388608
60128 2692 32 8388608
11367 4424 45 8388608
11256 2579 26 8388608
11254 3683 27 8388608
59801 2598 26 8388608
11340 3742 23 8388608
11436 2567 25 8388608
11375 3709 25 8388608
11401 2559 33 8388608
11460 4673 35 8388608
11281 2515 27 8388608
11408 3662 28 8388608
11319 2575 26 8388608
11459 3702 27 8388608
11184 2511 27 8388608
11306 3632 27 8388608
11251 2523 29 8388608
11401 4427 35 8388608
11240 2501 17 8388608
11218 3579 20 8388608
11303 2556 19 8388608
11348 3662 22 8388608
11274 2555 19 8388608
11357 3632 27 8388608
11245 2495 24 8388608
11464 2392 64 8388608
11323 2427 56 8388608
11385 2662 44 8388608
11338 2424 53 8388608
11431 2704 43 8388608
11307 2441 52 8388608
11380 2663 49 8388608
11319 2319 37 8388608
11478 3777 25 8388608
11445 2651 23 8388608
11466 3760 23 8388608
11305 2518 18 8388608
11357 3734 25 8388608
11214 2513 24 8388608
11386 3707 26 8388608
11369 2609 31 8388608
11441 3696 33 8388608
11487 2738 27 8388608
11346 3692 25 8388608
11541 2654 28 8388608
11498 3709 21 8388608
11373 2651 25 8388608
11411 3707 24 8388608
11413 2624 30 8388608
11335 2330 61 8388608
11374 2339 45 8388608
11322 2698 46 8388608
11366 2397 46 8388608
11438 2730 47 8388608
11320 2424 47 8388608
11326 2833 46 8388608
11392 2335 31 8388608
11555 3769 37 8388608
11300 2590 28 8388608
11428 3755 29 8388608
11343 2609 27 8388608
11486 3838 31 8388608
11306 2661 27 8388608
11356 3721 28 8388608
11451 2597 30 8388608
11579 2162 64 8388608
11299 2440 51 8388608
11465 2585 49 8388608
11912 2462 50 8388608
11427 2560 46 8388608
11302 2314 44 8388608
11418 2465 43 8388608
11332 2147 44 8388608
11392 3676 27 8388608
11333 2572 29 8388608
11354 3713 29 8388608
11256 2605 27 8388608
11512 3735 29 8388608
11466 2586 30 8388608
11372 3712 27 8388608
11318 2641 32 8388608
11550 2249 55 8388608
11411 2330 55 8388608
11398 2639 45 8388608
11265 2410 46 8388608
11426 2662 46 8388608
11262 2353 48 8388608
11345 2748 49 8388608
11283 2379 42 8388608
11431 2090 63 8388608
11437 2306 55 8388608
11483 2704 53 8388608
11346 2298 53 8388608
11496 2640 54 8388608
11380 2402 46 8388608
11415 2668 54 8388608
11336 2331 40 8388608
11372 3703 26 8388608
11318 2513 19 8388608
11544 3764 27 8388608
11276 2571 20 8388608
11666 3597 21 8388608
11291 2562 19 8388608
11526 3728 26 8388608
11365 2637 32 8388608
11424 2141 65 8388608
12849 2249 45 8388608
12923 2697 54 8388608
12254 2367 45 8388608
11764 2637 43 8388608
11556 2288 47 8388608
11403 2484 55 8388608
11467 2053 45 8388608
11494 3723 33 8388608
11480 2522 21 8388608
11534 3730 21 8388608
11418 2567 20 8388608
11624 3578 21 8388608
11352 2534 19 8388608
11330 3680 18 8388608
11582 1909 49 8388608
12011 3597 42 8388608
11483 51138 19 8388608
11376 3553 21 8388608
11335 2597 27 8388608
11207 3449 21 8388608
11499 2565 29 8388608
11337 3610 20 8388608
11546 2490 27 8388608
11471 3680 40 8388608
11408 2631 26 8388608
11390 3809 21 8388608
11345 2566 25 8388608
11763 4497 35 8388608
11272 2508 20 8388608
11326 3735 24 8388608
11286 2549 31 8388608
11383 2386 57 8388608
11477 2415 56 8388608
13917 2805 66 8388608
11531 2438 48 8388608
11461 2669 45 8388608
11377 2365 48 8388608
11484 2647 55 8388608
11344 2333 33 8388608
11309 2363 58 8388608
11453 2379 46 8388608
11378 2764 48 8388608
11267 2427 47 8388608
11552 2721 52 8388608
11289 2300 48 8388608
11381 2665 53 8388608
11269 2287 38 8388608
11342 3713 32 8388608
11515 2630 27 8388608
11692 3746 29 8388608
11353 2650 23 8388608
11417 3740 20 8388608
11346 2587 19 8388608
11325 3571 19 8388608
11633 2646 34 8388608
11473 3619 34 8388608
11288 2563 19 8388608
11265 3690 27 8388608
11346 2564 24 8388608
11392 3638 20 8388608
11089 2579 18 8388608
11248 3603 18 8388608
63164 2029 50 8388608
11351 3703 32 8388608
12431 2160 61 8388608
11374 2698 50 8388608
11187 2409 78 8388608
11447 2714 46 8388608
11285 2398 48 8388608
11303 2610 48 8388608
11273 2321 32 8388608
11370 3668 33 8388608
11387 2608 24 8388608
11309 3683 24 8388608
11296 2571 19 8388608
11334 3787 21 8388608
11294 2583 23 8388608
11497 3747 22 8388608
11496 2515 34 8388608
11936 2271 67 8388608
11367 2224 48 8388608
11319 2425 46 8388608
11371 2251 59 8388608
12337 2602 52 8388608
11421 2282 54 8388608
11400 2461 53 8388608
11331 2001 42 8388608
11403 2243 73 8388608
11335 2420 50 8388608
11418 2652 55 8388608
11799 2382 30 8388608
11396 3504 27 8388608
11289 2550 25 8388608
59937 3653 20 8388608
11354 2503 32 8388608
11443 2234 67 8388608
11409 2334 58 8388608
11446 2593 53 8388608
11480 2370 49 8388608
11562 2717 55 8388608
11303 2442 48 8388608
11401 2807 55 8388608
11499 2265 43 8388608
11453 3659 27 8388608
11426 2604 26 8388608
11348 3742 27 8388608
11385 2593 27 8388608
12191 2738 46 8388608
11278 2227 56 8388608
11402 2490 54 8388608
11331 2073 43 8388608
11516 2346 63 8388608
11428 2339 42 8388608
11505 2676 53 8388608
11432 2405 55 8388608
11425 2726 53 8388608
11268 2527 49 8388608
11357 2692 49 8388608
11289 2323 38 8388608
11328 3638 29 8388608
11473 2568 31 8388608
11349 3614 27 8388608
11410 2570 29 8388608
11590 3700 31 8388608
11338 2550 27 8388608
11438 3601 28 8388608
11288 2619 30 8388608
60150 2435 68 8388608
11420 2432 56 8388608
11416 2693 54 8388608
11427 2427 56 8388608
11564 2713 46 8388608
11321 2385 45 8388608
11355 2687 51 8388608
11368 2362 36 8388608
11369 3710 34 8388608
11414 2609 25 8388608
11346 3626 27 8388608
11439 2600 26 8388608
11577 2330 61 8388608
11578 2419 59 8388608
11507 2659 57 8388608
11529 2451 36 8388608
11453 3773 34 8388608
11239 2553 19 8388608
11370 3579 21 8388608
11279 2512 20 8388608
11398 3631 19 8388608
11166 2551 18 8388608
11648 3718 28 8388608
11748 2614 31 8388608
11410 2359 62 8388608
11450 2384 46 8388608
11501 2681 49 8388608
11330 2383 48 8388608
11497 2690 55 8388608
11316 2416 55 8388608
11309 2