Send:0[112] 1441055234682
ack:0 1441055234697
Send:1[0] 1441055234697
ack:1 1441055234701
Send:0[65536] 1441055235739
Send:1[65536] 1441055235739
ack:0 1441055235742
ack:1 1441055235742
Send:2[65536] 1441055235749
ack:2 1441055235750
Send:3[65536] 1441055235759
ack:3 1441055235761
Send:4[65536] 1441055235770
ack:4 1441055235771
Send:5[65536] 1441055235779
ack:5 1441055235780
Send:6[65536] 1441055235788
ack:6 1441055235789
Send:7[65536] 1441055235797
ack:7 1441055235798
Send:8[65536] 1441055235806
ack:8 1441055235807
Send:9[65536] 1441055235814
ack:9 1441055235815
Send:10[65536] 1441055235822
ack:10 1441055235823
Send:11[65536] 1441055235829
ack:11 1441055235830
Send:12[65536] 1441055235837
ack:12 1441055235838
Send:13[65536] 1441055235847
ack:13 1441055235849
Send:14[65536] 1441055235858
ack:14 1441055235859
Send:15[65536] 1441055235868
ack:15 1441055235870
Send:16[65536] 1441055235878
ack:16 1441055235880
Send:17[65536] 1441055235888
ack:17 1441055235889
Send:18[65536] 1441055235899
ack:18 1441055235900
Send:19[65536] 1441055235908
ack:19 1441055235909
Send:20[65536] 1441055235915
ack:20 1441055235916
Send:21[65536] 1441055235922
ack:21 1441055235923
Send:22[65536] 1441055235929
ack:22 1441055235930
Send:23[65536] 1441055235936
ack:23 1441055235937
Send:24[65536] 1441055235943
ack:24 1441055235944
Send:25[65536] 1441055235949
ack:25 1441055235951
Send:26[65536] 1441055235956
ack:26 1441055235957
Send:27[65536] 1441055235963
ack:27 1441055235964
Send:28[65536] 1441055235970
ack:28 1441055235971
Send:29[65536] 1441055235977
ack:29 1441055235978
Send:30[65536] 1441055235983
ack:30 1441055235984
Send:31[65536] 1441055235990
ack:31 1441055235991
Send:32[65536] 1441055235996
ack:32 1441055235997
Send:33[65536] 1441055236003
ack:33 1441055236004
Send:34[65536] 1441055236006
ack:34 1441055236007
Send:35[65536] 1441055236009
ack:35 1441055236011
Send:36[65536] 1441055236013
ack:36 1441055236014
Send:37[65536] 1441055236016
ack:37 1441055236017
Send:38[65536] 1441055236020
ack:38 1441055236021
Send:39[65536] 1441055236023
ack:39 1441055236024
Send:40[65536] 1441055236025
ack:40 1441055236026
Send:41[65536] 1441055236027
ack:41 1441055236028
Send:42[65536] 1441055236029
ack:42 1441055236031
Send:43[65536] 1441055236032
ack:43 1441055236033
Send:44[65536] 1441055236034
ack:44 1441055236035
Send:45[65536] 1441055236036
ack:45 1441055236037
Send:46[65536] 1441055236038
ack:46 1441055236039
Send:47[65536] 1441055236040
ack:47 1441055236041
Send:48[65536] 1441055236042
ack:48 1441055236043
Send:49[65536] 1441055236044
ack:49 1441055236045
Send:50[65536] 1441055236046
ack:50 1441055236047
Send:51[65536] 1441055236047
ack:51 1441055236048
Send:52[65536] 1441055236049
ack:52 1441055236050
Send:53[65536] 1441055236050
ack:53 1441055236051
Send:54[65536] 1441055236051
ack:54 1441055236052
Send:55[65536] 1441055236053
ack:55 1441055236054
Send:56[65536] 1441055236054
ack:56 1441055236055
Send:57[65536] 1441055236056
ack:57 1441055236057
Send:58[65536] 1441055236057
ack:58 1441055236058
Send:59[65536] 1441055236058
ack:59 1441055236059
Send:60[65536] 1441055236060
ack:60 1441055236061
Send:61[65536] 1441055236061
ack:61 1441055236062
Send:62[65536] 1441055236062
ack:62 1441055236063
Send:63[65536] 1441055236063
ack:63 1441055236064
Send:64[65536] 1441055236065
ack:64 1441055236066
Send:65[65536] 1441055236066
ack:65 1441055236067
Send:66[65536] 1441055236067
ack:66 1441055236068
Send:67[65536] 1441055236069
ack:67 1441055236070
Send:68[65536] 1441055236070
ack:68 1441055236071
Send:69[65536] 1441055236071
ack:69 1441055236072
Send:70[65536] 1441055236072
ack:70 1441055236073
Send:71[65536] 1441055236073
ack:71 1441055236074
Send:72[65536] 1441055236075
ack:72 1441055236076
Send:73[65536] 1441055236076
ack:73 1441055236077
Send:74[65536] 1441055236077
ack:74 1441055236078
Send:75[65536] 1441055236078
ack:75 1441055236079
Send:76[65536] 1441055236079
ack:76 1441055236080
Send:77[65536] 1441055236081
ack:77 1441055236082
Send:78[65536] 1441055236082
ack:78 1441055236083
Send:79[65536] 1441055236083
ack:79 1441055236084
Send:80[65536] 1441055236084
Send:81[65536] 1441055236085
ack:80 1441055236085
ack:81 1441055236086
Send:82[65536] 1441055236086
ack:82 1441055236087
Send:83[65536] 1441055236088
ack:83 1441055236089
Send:84[65536] 1441055236089
ack:84 1441055236090
Send:85[65536] 1441055236090
ack:85 1441055236091
Send:86[65536] 1441055236091
ack:86 1441055236092
Send:87[65536] 1441055236092
ack:87 1441055236093
Send:88[65536] 1441055236093
Send:89[65536] 1441055236094
ack:88 1441055236094
ack:89 1441055236095
Send:90[65536] 1441055236095
Send:91[65536] 1441055236096
ack:90 1441055236096
ack:91 1441055236097
Send:92[65536] 1441055236098
Send:93[65536] 1441055236099
ack:92 1441055236099
ack:93 1441055236100
Send:94[65536] 1441055236100
ack:94 1441055236101
Send:95[65536] 1441055236101
ack:95 1441055236102
Send:96[65536] 1441055236102
ack:96 1441055236103
Send:97[65536] 1441055236103
ack:97 1441055236104
Send:98[65536] 1441055236104
ack:98 1441055236105
Send:99[65536] 1441055236105
ack:99 1441055236106
Send:100[65536] 1441055236106
ack:100 1441055236107
Send:101[65536] 1441055236107
ack:101 1441055236108
Send:102[65536] 1441055236108
ack:102 1441055236109
Send:103[65536] 1441055236109
ack:103 1441055236110
Send:104[65536] 1441055236110
Send:105[65536] 1441055236111
ack:104 1441055236111
ack:105 1441055236112
Send:106[65536] 1441055236112
ack:106 1441055236113
Send:107[65536] 1441055236114
Send:108[65536] 1441055236115
ack:107 1441055236115
ack:108 1441055236116
Send:109[65536] 1441055236116
Send:110[65536] 1441055236117
ack:109 1441055236117
ack:110 1441055236118
Send:111[65536] 1441055236118
Send:112[65536] 1441055236119
ack:111 1441055236120
ack:112 1441055236121
Send:113[65536] 1441055236121
Send:114[65536] 1441055236122
ack:113 1441055236122
Send:115[65536] 1441055236123
ack:114 1441055236123
ack:115 1441055236124
Send:116[65536] 1441055236124
Send:117[65536] 1441055236125
ack:116 1441055236126
ack:117 1441055236126
Send:118[65536] 1441055236127
Send:119[65536] 1441055236128
ack:118 1441055236128
Send:120[65536] 1441055236128
ack:119 1441055236129
Send:121[65536] 1441055236129
ack:120 1441055236130
Send:122[65536] 1441055236130
ack:121 1441055236130
Send:123[65536] 1441055236131
ack:122 1441055236131
ack:123 1441055236132
Send:124[65536] 1441055236132
Send:125[65536] 1441055236133
ack:124 1441055236133
Send:126[65536] 1441055236133
ack:125 1441055236134
Send:127[65536] 1441055236134
ack:126 1441055236134
Send:128[65536] 1441055236135
ack:127 1441055236135
Send:129[65536] 1441055236136
ack:128 1441055236136
Send:130[65536] 1441055236136
ack:129 1441055236137
Send:131[65536] 1441055236137
ack:130 1441055236137
Send:132[65536] 1441055236138
ack:131 1441055236138
Send:133[65536] 1441055236139
ack:132 1441055236139
Send:134[65536] 1441055236139
ack:133 1441055236140
Send:135[65536] 1441055236140
ack:134 1441055236140
Send:136[65536] 1441055236141
ack:135 1441055236141
Send:137[65536] 1441055236142
ack:136 1441055236142
ack:137 1441055236143
Send:138[65536] 1441055236143
Send:139[65536] 1441055236144
ack:138 1441055236144
Send:140[65536] 1441055236144
ack:139 1441055236145
Send:141[65536] 1441055236145
ack:140 1441055236146
Send:142[65536] 1441055236146
ack:141 1441055236146
Send:143[65536] 1441055236147
ack:142 1441055236147
Send:144[65536] 1441055236147
ack:143 1441055236148
Send:145[65536] 1441055236148
ack:144 1441055236148
ack:145 1441055236149
Send:146[65536] 1441055236149
Send:147[65536] 1441055236150
ack:146 1441055236151
Send:148[65536] 1441055236151
ack:147 1441055236151
Send:149[65536] 1441055236152
ack:148 1441055236152
Send:150[65536] 1441055236152
ack:149 1441055236153
Send:151[65536] 1441055236153
ack:150 1441055236153
Send:152[65536] 1441055236154
ack:151 1441055236154
ack:152 1441055236155
Send:153[65536] 1441055236155
Send:154[65536] 1441055236156
ack:153 1441055236156
Send:155[65536] 1441055236157
ack:154 1441055236157
Send:156[65536] 1441055236157
ack:155 1441055236158
Send:157[65536] 1441055236158
ack:156 1441055236158
Send:158[65536] 1441055236159
ack:157 1441055236159
Send:159[65536] 1441055236160
ack:158 1441055236160
Send:160[65536] 1441055236161
ack:159 1441055236161
Send:161[65536] 1441055236161
ack:160 1441055236161
Send:162[65536] 1441055236162
ack:161 1441055236162
Send:163[65536] 1441055236163
ack:162 1441055236163
Send:164[65536] 1441055236164
ack:163 1441055236164
Send:165[65536] 1441055236164
ack:164 1441055236165
Send:166[65536] 1441055236165
ack:165 1441055236165
Send:167[65536] 1441055236166
ack:166 1441055236166
Send:168[65536] 1441055236167
ack:167 1441055236167
Send:169[65536] 1441055236167
ack:168 1441055236168
Send:170[65536] 1441055236168
ack:169 1441055236168
Send:171[65536] 1441055236169
ack:170 1441055236169
Send:172[65536] 1441055236170
ack:171 1441055236170
Send:173[65536] 1441055236170
ack:172 1441055236171
Send:174[65536] 1441055236171
ack:173 1441055236171
Send:175[65536] 1441055236172
ack:174 1441055236172
Send:176[65536] 1441055236173
ack:175 1441055236173
Send:177[65536] 1441055236173
ack:176 1441055236174
Send:178[65536] 1441055236174
ack:177 1441055236174
Send:179[65536] 1441055236175
ack:178 1441055236175
Send:180[65536] 1441055236176
ack:179 1441055236176
Send:181[65536] 1441055236176
ack:180 1441055236177
Send:182[65536] 1441055236177
ack:181 1441055236177
Send:183[65536] 1441055236178
ack:182 1441055236178
Send:184[65536] 1441055236179
ack:183 1441055236179
Send:185[65536] 1441055236179
ack:184 1441055236180
Send:186[65536] 1441055236180
ack:185 1441055236180
Send:187[65536] 1441055236181
ack:186 1441055236181
Send:188[65536] 1441055236182
ack:187 1441055236182
Send:189[65536] 1441055236182
ack:188 1441055236183
Send:190[65536] 1441055236183
ack:189 1441055236183
Send:191[65536] 1441055236184
ack:190 1441055236184
Send:192[65536] 1441055236185
ack:191 1441055236185
Send:193[65536] 1441055236185
ack:192 1441055236186
Send:194[65536] 1441055236186
ack:193 1441055236186
Send:195[65536] 1441055236187
ack:194 1441055236187
Send:196[65536] 1441055236188
ack:195 1441055236188
Send:197[65536] 1441055236188
ack:196 1441055236189
Send:198[65536] 1441055236189
ack:197 1441055236189
Send:199[65536] 1441055236190
ack:198 1441055236190
Send:200[65536] 1441055236191
ack:199 1441055236191
Send:201[65536] 1441055236191
ack:200 1441055236192
Send:202[65536] 1441055236192
ack:201 1441055236192
Send:203[65536] 1441055236193
ack:202 1441055236193
Send:204[65536] 1441055236194
ack:203 1441055236194
Send:205[65536] 1441055236194
ack:204 1441055236195
Send:206[65536] 1441055236195
ack:205 1441055236195
Send:207[65536] 1441055236196
ack:206 1441055236196
Send:208[65536] 1441055236197
ack:207 1441055236197
Send:209[65536] 1441055236197
ack:208 1441055236198
Send:210[65536] 1441055236198
ack:209 1441055236198
Send:211[65536] 1441055236199
ack:210 1441055236199
Send:212[65536] 1441055236200
ack:211 1441055236200
Send:213[65536] 1441055236200
ack:212 1441055236201
Send:214[65536] 1441055236201
ack:213 1441055236201
Send:215[65536] 1441055236202
ack:214 1441055236202
Send:216[65536] 1441055236203
ack:215 1441055236203
Send:217[65536] 1441055236203
ack:216 1441055236204
Send:218[65536] 1441055236204
ack:217 1441055236204
Send:219[65536] 1441055236205
ack:218 1441055236205
Send:220[65536] 1441055236206
ack:219 1441055236206
Send:221[65536] 1441055236206
ack:220 1441055236207
Send:222[65536] 1441055236207
ack:221 1441055236207
Send:223[65536] 1441055236208
ack:222 1441055236208
Send:224[65536] 1441055236209
ack:223 1441055236209
Send:225[65536] 1441055236210
ack:224 1441055236210
Send:226[65536] 1441055236210
ack:225 1441055236211
Send:227[65536] 1441055236211
ack:226 1441055236211
Send:228[65536] 1441055236212
ack:227 1441055236212
Send:229[65536] 1441055236213
ack:228 1441055236213
Send:230[65536] 1441055236213
ack:229 1441055236214
Send:231[65536] 1441055236214
ack:230 1441055236214
Send:232[65536] 1441055236215
ack:231 1441055236215
Send:233[65536] 1441055236216
ack:232 1441055236216
Send:234[65536] 1441055236216
ack:233 1441055236216
Send:235[65536] 1441055236217
ack:234 1441055236217
Send:236[65536] 1441055236218
ack:235 1441055236218
Send:237[65536] 1441055236218
Send:238[65536] 1441055236218
Send:239[65536] 1441055236219
ack:236 1441055236219
Send:240[65536] 1441055236219
ack:237 1441055236219
Send:241[65536] 1441055236219
ack:238 1441055236219
Send:242[65536] 1441055236219
ack:239 1441055236220
Send:243[65536] 1441055236220
ack:240 1441055236220
Send:244[65536] 1441055236220
ack:241 1441055236220
Send:245[65536] 1441055236220
ack:242 1441055236220
Send:246[65536] 1441055236220
Send:247[65536] 1441055236221
ack:243 1441055236221
Send:248[65536] 1441055236221
ack:244 1441055236221
Send:249[65536] 1441055236221
ack:245 1441055236221
ack:246 1441055236222
Send:250[65536] 1441055236222
ack:247 1441055236222
Send:251[65536] 1441055236222
ack:248 1441055236222
Send:252[65536] 1441055236222
ack:249 1441055236223
Send:253[65536] 1441055236223
ack:250 1441055236223
Send:254[65536] 1441055236223
Send:255[65536] 1441055236223
ack:251 1441055236223
Send:256[65536] 1441055236223
ack:252 1441055236223
ack:253 1441055236224
ack:254 1441055236224
Send:257[65536] 1441055236224
Send:258[65536] 1441055236224
ack:255 1441055236224
Send:259[65536] 1441055236225
ack:256 1441055236225
Send:260[65536] 1441055236225
ack:257 1441055236225
Send:261[65536] 1441055236225
ack:258 1441055236225
Send:262[65536] 1441055236225
Send:263[65536] 1441055236226
ack:259 1441055236226
ack:260 1441055236226
ack:261 1441055236226
Send:264[65536] 1441055236226
Send:265[65536] 1441055236227
ack:262 1441055236227
Send:266[65536] 1441055236227
ack:263 1441055236227
Send:267[65536] 1441055236227
ack:264 1441055236227
Send:268[65536] 1441055236227
ack:265 1441055236227
Send:269[65536] 1441055236228
ack:266 1441055236228
Send:270[65536] 1441055236228
ack:267 1441055236228
Send:271[65536] 1441055236228
ack:268 1441055236228
Send:272[65536] 1441055236228
ack:269 1441055236229
Send:273[65536] 1441055236229
ack:270 1441055236229
Send:274[65536] 1441055236229
Send:275[65536] 1441055236229
Send:276[65536] 1441055236229
ack:271 1441055236229
Send:277[65536] 1441055236229
Send:278[65536] 1441055236230
ack:272 1441055236230
ack:273 1441055236230
Send:279[65536] 1441055236230
ack:274 1441055236230
Send:280[65536] 1441055236230
ack:275 1441055236230
Send:281[65536] 1441055236230
Send:282[65536] 1441055236231
ack:276 1441055236231
Send:283[65536] 1441055236231
ack:277 1441055236231
Send:284[65536] 1441055236231
Send:285[65536] 1441055236231
ack:278 1441055236231
Send:286[65536] 1441055236231
ack:279 1441055236232
Send:287[65536] 1441055236232
ack:280 1441055236232
Send:288[65536] 1441055236232
ack:281 1441055236232
Send:289[65536] 1441055236232
Send:290[65536] 1441055236232
ack:282 1441055236232
Send:291[65536] 1441055236233
Send:292[65536] 1441055236233
ack:283 1441055236233
Send:293[65536] 1441055236233
Send:294[65536] 1441055236233
ack:284 1441055236233
Send:295[65536] 1441055236233
Send:296[65536] 1441055236233
ack:285 1441055236233
Send:297[65536] 1441055236234
ack:286 1441055236234
Send:298[65536] 1441055236234
Send:299[65536] 1441055236234
ack:287 1441055236234
Send:300[65536] 1441055236234
Send:301[65536] 1441055236234
ack:288 1441055236234
Send:302[65536] 1441055236235
Send:303[65536] 1441055236235
ack:289 1441055236235
Send:304[65536] 1441055236235
ack:290 1441055236235
Send:305[65536] 1441055236235
Send:306[65536] 1441055236235
ack:291 1441055236235
Send:307[65536] 1441055236235
Send:308[65536] 1441055236236
ack:292 1441055236236
Send:309[65536] 1441055236236
ack:293 1441055236236
Send:310[65536] 1441055236236
Send:311[65536] 1441055236236
ack:294 1441055236236
Send:312[65536] 1441055236236
Send:313[65536] 1441055236237
ack:295 1441055236237
Send:314[65536] 1441055236237
Send:315[65536] 1441055236237
ack:296 1441055236237
Send:316[65536] 1441055236237
Send:317[65536] 1441055236237
ack:297 1441055236237
Send:318[65536] 1441055236238
Send:319[65536] 1441055236238
ack:298 1441055236238
Send:320[65536] 1441055236238
ack:299 1441055236238
Send:321[65536] 1441055236238
ack:300 1441055236238
Send:322[65536] 1441055236238
Send:323[65536] 1441055236238
Send:324[65536] 1441055236239
ack:301 1441055236239
Send:325[65536] 1441055236239
ack:302 1441055236239
Send:326[65536] 1441055236239
Send:327[65536] 1441055236239
ack:303 1441055236239
Send:328[65536] 1441055236239
Send:329[65536] 1441055236240
ack:304 1441055236240
Send:330[65536] 1441055236240
ack:305 1441055236240
Send:331[65536] 1441055236240
Send:332[65536] 1441055236240
ack:306 1441055236240
Send:333[65536] 1441055236240
Send:334[65536] 1441055236240
ack:307 1441055236240
Send:335[65536] 1441055236241
Send:336[65536] 1441055236241
ack:308 1441055236241
Send:337[65536] 1441055236241
Send:338[65536] 1441055236241
ack:309 1441055236241
Send:339[65536] 1441055236241
ack:310 1441055236242
Send:340[65536] 1441055236242
Send:341[65536] 1441055236242
ack:311 1441055236242
Send:342[65536] 1441055236242
Send:343[65536] 1441055236242
ack:312 1441055236242
Send:344[65536] 1441055236242
ack:313 1441055236242
Send:345[65536] 1441055236243
Send:346[65536] 1441055236243
Send:347[65536] 1441055236243
ack:314 1441055236243
Send:348[65536] 1441055236243
Send:349[65536] 1441055236243
ack:315 1441055236243
Send:350[65536] 1441055236243
ack:316 1441055236244
Send:351[65536] 1441055236244
Send:352[65536] 1441055236244
ack:317 1441055236244
Send:353[65536] 1441055236244
Send:354[65536] 1441055236244
ack:318 1441055236244
Send:355[65536] 1441055236244
ack:319 1441055236245
Send:356[65536] 1441055236245
Send:357[65536] 1441055236245
ack:320 1441055236245
Send:358[65536] 1441055236245
Send:359[65536] 1441055236245
Send:360[65536] 1441055236245
ack:321 1441055236245
Send:361[65536] 1441055236245
ack:322 1441055236246
Send:362[65536] 1441055236246
Send:363[65536] 1441055236246
ack:323 1441055236246
Send:364[65536] 1441055236246
Send:365[65536] 1441055236246
ack:324 1441055236246
Send:366[65536] 1441055236246
ack:325 1441055236247
Send:367[65536] 1441055236247
Send:368[65536] 1441055236247
ack:326 1441055236247
Send:369[65536] 1441055236247
Send:370[65536] 1441055236247
ack:327 1441055236247
Send:371[65536] 1441055236247
Send:372[65536] 1441055236247
ack:328 1441055236248
Send:373[65536] 1441055236248
ack:329 1441055236248
Send:374[65536] 1441055236248
Send:375[65536] 1441055236248
ack:330 1441055236248
Send:376[65536] 1441055236248
Send:377[65536] 1441055236248
ack:331 1441055236248
Send:378[65536] 1441055236249
ack:332 1441055236249
Send:379[65536] 1441055236249
Send:380[65536] 1441055236249
ack:333 1441055236249
Send:381[65536] 1441055236249
Send:382[65536] 1441055236249
Send:383[65536] 1441055236250
ack:334 1441055236250
Send:384[65536] 1441055236250
Send:385[65536] 1441055236250
ack:335 1441055236250
Send:386[65536] 1441055236250
ack:336 1441055236250
Send:387[65536] 1441055236250
ack:337 1441055236250
Send:388[65536] 1441055236250
Send:389[65536] 1441055236251
ack:338 1441055236251
Send:390[65536] 1441055236251
Send:391[65536] 1441055236251
ack:339 1441055236251
Send:392[65536] 1441055236251
ack:340 1441055236251
Send:393[65536] 1441055236251
Send:394[65536] 1441055236252
Send:395[65536] 1441055236252
ack:341 1441055236252
Send:396[65536] 1441055236252
ack:342 1441055236252
Send:397[65536] 1441055236252
Send:398[65536] 1441055236252
ack:343 1441055236252
Send:399[65536] 1441055236252
Send:400[65536] 1441055236253
ack:344 1441055236253
Send:401[65536] 1441055236253
ack:345 1441055236253
Send:402[65536] 1441055236253
Send:403[65536] 1441055236253
ack:346 1441055236253
Send:404[65536] 1441055236253
Send:405[65536] 1441055236254
ack:347 1441055236254
Send:406[65536] 1441055236254
Send:407[65536] 1441055236254
ack:348 1441055236254
Send:408[65536] 1441055236254
Send:409[65536] 1441055236254
ack:349 1441055236254
Send:410[65536] 1441055236254
ack:350 1441055236255
Send:411[65536] 1441055236255
Send:412[65536] 1441055236255
ack:351 1441055236255
Send:413[65536] 1441055236255
Send:414[65536] 1441055236255
ack:352 1441055236255
Send:415[65536] 1441055236255
ack:353 1441055236256
Send:416[65536] 1441055236256
Send:417[65536] 1441055236256
ack:354 1441055236256
Send:418[65536] 1441055236256
Send:419[65536] 1441055236256
Send:420[65536] 1441055236256
ack:355 1441055236256
Send:421[65536] 1441055236257
ack:356 1441055236257
Send:422[65536] 1441055236257
ack:357 1441055236257
Send:423[65536] 1441055236257
Send:424[65536] 1441055236257
ack:358 1441055236257
Send:425[65536] 1441055236257
Send:426[65536] 1441055236257
ack:359 1441055236258
Send:427[65536] 1441055236258
Send:428[65536] 1441055236258
ack:360 1441055236258
Send:429[65536] 1441055236258
ack:361 1441055236258
Send:430[65536] 1441055236258
Send:431[65536] 1441055236258
Send:432[65536] 1441055236259
ack:362 1441055236259
Send:433[65536] 1441055236259
ack:363 1441055236259
Send:434[65536] 1441055236259
Send:435[65536] 1441055236259
ack:364 1441055236259
Send:436[65536] 1441055236259
Send:437[65536] 1441055236259
ack:365 1441055236259
Send:438[65536] 1441055236260
ack:366 1441055236260
Send:439[65536] 1441055236260
ack:367 1441055236260
Send:440[65536] 1441055236260
Send:441[65536] 1441055236260
ack:368 1441055236260
Send:442[65536] 1441055236260
Send:443[65536] 1441055236261
ack:369 1441055236261
ack:370 1441055236261
Send:444[65536] 1441055236261
Send:445[65536] 1441055236261
ack:371 1441055236261
Send:446[65536] 1441055236261
ack:372 1441055236262
Send:447[65536] 1441055236262
Send:448[65536] 1441055236262
ack:373 1441055236262
Send:449[65536] 1441055236262
ack:374 1441055236262
Send:450[65536] 1441055236262
Send:451[65536] 1441055236262
ack:375 1441055236262
ack:376 1441055236263
Send:452[65536] 1441055236263
Send:453[65536] 1441055236263
ack:377 1441055236263
Send:454[65536] 1441055236263
Send:455[65536] 1441055236263
ack:378 1441055236264
Send:456[65536] 1441055236264
Send:457[65536] 1441055236264
ack:379 1441055236264
Send:458[65536] 1441055236264
Send:459[65536] 1441055236264
ack:380 1441055236264
Send:460[65536] 1441055236264
ack:381 1441055236264
Send:461[65536] 1441055236264
ack:382 1441055236265
Send:462[65536] 1441055236265
Send:463[65536] 1441055236265
ack:383 1441055236265
Send:464[65536] 1441055236265
ack:384 1441055236265
Send:465[65536] 1441055236265
ack:385 1441055236266
Send:466[65536] 1441055236266
ack:386 1441055236266
Send:467[65536] 1441055236266
ack:387 1441055236266
Send:468[65536] 1441055236266
ack:388 1441055236267
Send:469[65536] 1441055236267
ack:389 1441055236267
Send:470[65536] 1441055236267
ack:390 1441055236267
Send:471[65536] 1441055236267
ack:391 1441055236267
Send:472[65536] 1441055236267
ack:392 1441055236268
Send:473[65536] 1441055236268
ack:393 1441055236268
Send:474[65536] 1441055236268
ack:394 1441055236268
Send:475[65536] 1441055236268
ack:395 1441055236268
Send:476[65536] 1441055236269
ack:396 1441055236269
Send:477[65536] 1441055236269
ack:397 1441055236269
Send:478[65536] 1441055236269
ack:398 1441055236269
Send:479[65536] 1441055236270
ack:399 1441055236270
Send:480[65536] 1441055236270
ack:400 1441055236270
Send:481[65536] 1441055236271
ack:401 1441055236271
Send:482[65536] 1441055236271
ack:402 1441055236271
Send:483[65536] 1441055236271
ack:403 1441055236271
Send:484[65536] 1441055236272
ack:404 1441055236272
Send:485[65536] 1441055236272
ack:405 1441055236272
Send:486[65536] 1441055236272
ack:406 1441055236272
Send:487[65536] 1441055236272
ack:407 1441055236273
Send:488[65536] 1441055236273
ack:408 1441055236273
Send:489[65536] 1441055236273
ack:409 1441055236273
Send:490[65536] 1441055236273
ack:410 1441055236273
Send:491[65536] 1441055236273
ack:411 1441055236274
Send:492[65536] 1441055236274
ack:412 1441055236274
Send:493[65536] 1441055236274
ack:413 1441055236274
Send:494[65536] 1441055236274
ack:414 1441055236274
Send:495[65536] 1441055236275
ack:415 1441055236275
Send:496[65536] 1441055236275
ack:416 1441055236275
Send:497[65536] 1441055236275
ack:417 1441055236275
Send:498[65536] 1441055236275
ack:418 1441055236276
Send:499[65536] 1441055236276
ack:419 1441055236276
Send:500[65536] 1441055236276
ack:420 1441055236276
Send:501[65536] 1441055236276
ack:421 1441055236277
Send:502[65536] 1441055236277
ack:422 1441055236277
ack:423 1441055236277
Send:503[65536] 1441055236277
Send:504[65536] 1441055236277
ack:424 1441055236277
Send:505[65536] 1441055236278
ack:425 1441055236278
Send:506[65536] 1441055236278
ack:426 1441055236278
Send:507[65536] 1441055236278
ack:427 1441055236278
Send:508[65536] 1441055236278
ack:428 1441055236279
Send:509[65536] 1441055236279
ack:429 1441055236279
Send:510[65536] 1441055236279
ack:430 1441055236279
Send:511[65536] 1441055236279
ack:431 1441055236279
ack:432 1441055236280
ack:433 1441055236280
ack:434 1441055236280
ack:435 1441055236280
ack:436 1441055236281
ack:437 1441055236281
ack:438 1441055236281
ack:439 1441055236282
ack:440 1441055236282
ack:441 1441055236282
ack:442 1441055236282
ack:443 1441055236283
ack:444 1441055236283
ack:445 1441055236283
ack:446 1441055236283
ack:447 1441055236284
ack:448 1441055236284
ack:449 1441055236284
ack:450 1441055236284
ack:451 1441055236285
ack:452 1441055236285
ack:453 1441055236285
ack:454 1441055236285
ack:455 1441055236286
ack:456 1441055236286
ack:457 1441055236286
ack:458 1441055236286
ack:459 1441055236287
ack:460 1441055236287
ack:461 1441055236287
ack:462 1441055236287
ack:463 1441055236288
ack:464 1441055236288
ack:465 1441055236288
ack:466 1441055236288
ack:467 1441055236289
ack:468 1441055236289
ack:469 1441055236289
ack:470 1441055236289
ack:471 1441055236290
ack:472 1441055236290
ack:473 1441055236290
ack:474 1441055236291
ack:475 1441055236291
ack:476 1441055236291
ack:477 1441055236291
ack:478 1441055236292
ack:479 1441055236292
ack:480 1441055236292
ack:481 1441055236292
ack:482 1441055236292
ack:483 1441055236293
ack:484 1441055236293
ack:485 1441055236293
ack:486 1441055236294
ack:487 1441055236294
ack:488 1441055236294
ack:489 1441055236294
ack:490 1441055236295
ack:491 1441055236295
ack:492 1441055236295
ack:493 1441055236295
ack:494 1441055236296
ack:495 1441055236296
ack:496 1441055236296
ack:497 1441055236296
ack:498 1441055236297
ack:499 1441055236297
ack:500 1441055236297
ack:501 1441055236297
ack:502 1441055236298
ack:503 1441055236298
ack:504 1441055236298
ack:505 1441055236299
ack:506 1441055236299
ack:507 1441055236299
ack:508 1441055236299
ack:509 1441055236299
ack:510 1441055236300
ack:511 1441055236300
Send:512[0] 1441055236300
ack:512 1441055236302
Send:0[72] 1441055237130
ack:0 1441055237192
Send:1[0] 1441055237193
ack:1 1441055237198

