2394 610 378 2097152
2820 424 25 2097152
2886 424 24 2097152
2898 466 26 2097152
2911 423 18 2097152
2857 469 23 2097152
2879 431 24 2097152
2872 445 18 2097152
2901 427 18 2097152
2811 450 16 2097152
3012 430 18 2097152
2958 468 20 2097152
3017 725 20 2097152
2842 452 16 2097152
2846 418 18 2097152
2885 434 20 2097152
2915 439 18 2097152
2735 439 17 2097152
2892 405 16 2097152
2858 434 17 2097152
2859 423 17 2097152
2834 442 17 2097152
2820 428 17 2097152
2826 439 16 2097152
2814 425 23 2097152
2814 447 16 2097152
2820 426 18 2097152
2881 424 17 2097152
2867 422 17 2097152
2818 443 16 2097152
2845 439 17 2097152
2859 414 19 2097152
3195 1403 33 2097152
2926 903 19 2097152
2933 751 18 2097152
2857 922 17 2097152
2921 748 24 2097152
2907 941 24 2097152
2873 849 23 2097152
2846 935 23 2097152
2934 800 23 2097152
2814 940 24 2097152
2995 778 27 2097152
2875 921 19 2097152
2874 794 23 2097152
2871 917 25 2097152
2851 769 23 2097152
2917 423 29 2097152
2957 415 17 2097152
2789 434 23 2097152
2909 429 24 2097152
2945 405 24 2097152
2824 416 23 2097152
2910 410 24 2097152
2893 402 23 2097152
2869 423 22 2097152
2875 421 23 2097152
2886 404 24 2097152
3916 501 46 2097152
2869 403 23 2097152
2823 429 24 2097152
2873 414 17 2097152
2843 395 24 2097152
3725 459 30 2097152
2948 991 39 2097152
2883 414 19 2097152
2849 416 17 2097152
2782 464 23 2097152
2863 419 19 2097152
2802 436 18 2097152
2819 404 15 2097152
2829 421 17 2097152
2889 429 23 2097152
2793 441 22 2097152
2840 414 24 2097152
2851 440 23 2097152
2805 397 17 2097152
2873 435 23 2097152
2801 430 17 2097152
2876 383 23 2097152
2942 425 23 2097152
2736 412 16 2097152
2841 431 23 2097152
2830 407 16 2097152
2858 426 23 2097152
2824 419 16 2097152
2868 408 23 2097152
2832 393 16 2097152
2847 417 23 2097152
2852 406 16 2097152
2812 437 22 2097152
2820 409 17 2097152
2851 407 24 2097152
2815 401 18 2097152
2854 417 22 2097152
2835 400 16 2097152
2974 1036 35 2097152
2863 421 23 2097152
2833 443 23 2097152
2823 423 39 2097152
2884 406 23 2097152
2804 460 23 2097152
2818 425 41 2097152
2847 456 24 2097152
2847 438 17 2097152
2778 442 23 2097152
2946 385 37 2097152
2875 432 24 2097152
2855 424 23 2097152
2864 427 22 2097152
2802 427 22 2097152
2909 426 23 2097152
2954 393 17 2097152
2803 390 23 2097152
2838 431 23 2097152
2794 420 16 2097152
2837 401 23 2097152
2832 394 23 2097152
2839 410 23 2097152
2833 438 23 2097152
2827 411 23 2097152
2867 427 23 2097152
2820 455 23 2097152
2829 456 23 2097152
2835 456 22 2097152
2941 424 29 2097152
2845 413 23 2097152
2815 427 22 2097152
3012 1216 29 2097152
2862 413 22 2097152
2850 445 22 2097152
2791 439 17 2097152
2862 425 22 2097152
3517 612 22 2097152
3593 600 22 2097152
3672 591 23 2097152
3633 603 21 2097152
3543 590 21 2097152
3594 590 20 2097152
3574 574 20 2097152
3570 582 21 2097152
3548 607 21 2097152
3585 578 29 2097152
3580 587 21 2097152
3653 577 22 2097152
3503 580 20 2097152
3635 561 20 2097152
3611 591 21 2097152
3579 580 20 2097152
3551 564 20 2097152
3551 586 21 2097152
3528 584 20 2097152
3518 568 21 2097152
3510 605 21 2097152
3546 561 24 2097152
3533 568 21 2097152
3526 598 20 2097152
3506 580 21 2097152
3513 574 21 2097152
2923 384 20 2097152
3001 923 36 2097152
2866 431 23 2097152
2905 406 21 2097152
2847 405 17 2097152
2870 434 17 2097152
2760 461 17 2097152
2844 424 17 2097152
2833 446 16 2097152
2890 411 17 2097152
2789 436 17 2097152
2839 411 16 2097152
2816 443 16 2097152
2820 430 16 2097152
2874 420 17 2097152
2834 406 16 2097152
2839 425 16 2097152
2937 412 17 2097152
2753 428 17 2097152
2847 394 17 2097152
2837 437 17 2097152
2869 417 18 2097152
2827 434 18 2097152
2824 434 16 2097152
2819 434 15 2097152
2841 417 16 2097152
2842 422 17 2097152
2836 419 17 2097152
2863 420 24 2097152
2837 420 17 2097152
2821 443 17 2097152
2824 418 17 2097152
2848 413 17 2097152
2999 1638 37 2097152
2916 576 24 2097152
2935 437 23 2097152
2871 483 22 2097152
2930 442 23 2097152
2865 471 23 2097152
2875 463 22 2097152
2888 490 23 2097152
2956 440 22 2097152
2831 488 19 2097152
2907 436 16 2097152
2883 463 15 2097152
2844 455 16 2097152
2879 461 17 2097152
2872 450 16 2097152
2879 447 16 2097152
2958 449 18 2097152
2815 444 16 2097152
2862 439 16 2097152
2876 440 16 2097152
2851 432 16 2097152
2849 469 17 2097152
2875 438 17 2097152
3040 453 19 2097152
2880 449 15 2097152
2854 470 17 2097152
2868 436 17 2097152
2899 436 17 2097152
2890 429 23 2097152
2877 472 24 2097152
2891 432 23 2097152
2873 415 23 2097152
3004 1450 30 2097152
2857 938 22 2097152
3090 811 26 2097152
2872 942 23 2097152
2890 487 22 2097152
2885 454 23 2097152
4708 476 27 2097152
2871 524 23 2097152
2909 455 23 2097152
2863 460 23 2097152
2884 420 23 2097152
2828 480 22 2097152
2870 483 23 2097152
2855 472 18 2097152
2862 458 17 2097152
2854 467 17 2097152
3041 458 20 2097152
2791 470 22 2097152
2855 433 23 2097152
2877 474 22 2097152
2882 429 23 2097152
2856 469 23 2097152
2881 426 22 2097152
2872 452 23 2097152
2866 436 23 2097152
2808 454 25 2097152
2843 446 16 2097152
2846 448 17 2097152
2861 415 16 2097152
2852 460 16 2097152
2859 419 17 2097152
2842 424 16 2097152
3014 1055 41 2097152
2929 430 23 2097152
2817 457 18 2097152
2854 460 17 2097152
2845 442 17 2097152
2805 426 16 2097152
2853 426 23 2097152
2849 417 22 2097152
2866 417 22 2097152
2770 446 24 2097152
2799 413 15 2097152
2872 410 23 2097152
2813 406 22 2097152
2864 442 22 2097152
2833 424 17 2097152
2852 395 22 2097152
2904 421 23 2097152
2764 406 16 2097152
2822 412 24 2097152
2833 428 23 2097152
2847 405 16 2097152
2857 391 23 2097152
2836 416 23 2097152
2834 395 15 2097152
2810 416 22 2097152
2862 435 24 2097152
2824 382 22 2097152
2872 397 22 2097152
3210 408 25 2097152
2825 402 18 2097152
2817 398 17 2097152
2825 423 23 2097152
2443 1805 31 2097152
2821 955 20 2097152
2917 766 18 2097152
2861 936 20 2097152
2801 786 17 2097152
2791 913 16 2097152
2820 795 17 2097152
2826 917 16 2097152
2848 792 16 2097152
2791 915 23 2097152
2832 802 22 2097152
2868 893 23 2097152
2856 777 22 2097152
2824 909 23 2097152
2841 780 23 2097152
2823 906 22 2097152
2906 822 23 2097152
2722 930 22 2097152
2793 797 23 2097152
2789 916 17 2097152
2802 787 23 2097152
2812 909 18 2097152
2849 824 22 2097152
2840 905 23 2097152
2909 438 28 2097152
2889 457 24 2097152
2896 421 24 2097152
2930 431 24 2097152
2923 413 24 2097152
2898 423 40 2097152
4912 436 27 2097152
2933 466 25 2097152
2901 49641 36 2097152
2896 455 22 2097152
2852 427 15 2097152
2837 463 22 2097152
2889 421 17 2097152
2865 453 16 2097152
2849 398 22 2097152
2846 418 22 2097152
2903 425 23 2097152
2842 412 23 2097152
2846 421 23 2097152
2851 416 22 2097152
2835 445 23 2097152
2882 403 23 2097152
2829 446 23 2097152
2870 436 22 2097152
2945 422 23 2097152
2788 426 23 2097152
2840 444 23 2097152
2826 439 23 2097152
2827 417 22 2097152
2841 469 22 2097152
2833 486 23 2097152
2863 916 23 2097152
2847 774 23 2097152
2880 900 22 2097152
2842 761 22 2097152
2880 905 22 2097152
2834 788 23 2097152
2834 925 23 2097152
2853 793 22 2097152
2794 939 23 2097152
2897 768 38 2097152
3036 431 25 2097152
2841 435 16 2097152
2867 421 17 2097152
2852 424 23 2097152
2845 397 22 2097152
2842 419 23 2097152
2827 416 22 2097152
2876 412 23 2097152
2816 455 25 2097152
2864 415 22 2097152
2847 434 23 2097152
2846 427 23 2097152
2905 395 23 2097152
2870 419 24 2097152
2867 414 23 2097152
2939 426 23 2097152
2792 397 23 2097152
2883 423 23 2097152
2871 446 22 2097152
2871 411 22 2097152
2850 477 23 2097152
2903 403 23 2097152
2858 496 24 2097152
2829 425 19 2097152
2881 407 23 2097152
2852 395 23 2097152
2862 426 23 2097152
2826 416 23 2097152
2879 396 23 2097152
2862 416 23 2097152
2804 443 22 2097152
3054 1375 29 2097152
2979 953 25 2097152
2959 811 24 2097152
2929 958 21 2097152
2954 812 20 2097152
2869 955 19 2097152
2839 772 16 2097152
2809 950 17 2097152
2860 762 16 2097152
2787 968 16 2097152
2817 785 16 2097152
2833 922 23 2097152
2862 797 23 2097152
2869 939 23 2097152
2870 791 24 2097152
2866 922 23 2097152
2972 761 23 2097152
2727 959 17 2097152
2821 802 17 2097152
2867 928 22 2097152
2856 770 22 2097152
2857 924 17 2097152
2785 805 22 2097152
2830 955 23 2097152
2863 762 18 2097152
2851 955 22 2097152
2845 775 23 2097152
2859 928 23 2097152
2820 821 23 2097152
2850 962 22 2097152
2818 792 22 2097152
2909 916 23 2097152
2981 915 43 2097152
2848 444 17 2097152
2822 446 16 2097152
2803 470 17 2097152
2865 443 23 2097152
2839 437 22 2097152
2873 404 24 2097152
2859 433 17 2097152
2871 414 17 2097152
2787 445 18 2097152
2862 398 17 2097152
2812 468 18 2097152
2834 425 18 2097152
2865 420 17 2097152
2812 417 17 2097152
2847 464 17 2097152
2916 409 17 2097152
2744 440 17 2097152
2838 435 17 2097152
2836 442 17 2097152
2803 420 17 2097152
2848 440 18 2097152
2856 409 18 2097152
2857 439 25 2097152
2811 49009 17 2097152
2842 445 18 2097152
2822 425 16 2097152
2830 417 22 2097152
2852 418 17 2097152
2831 451 18 2097152
2833 437 18 2097152
2825 424 24 2097152
2872 1136 39 2097152
2864 947 23 2097152
2883 784 17 2097152
2835 931 23 2097152
2887 799 23 2097152
2849 966 25 2097152
2849 757 17 2097152
2848 930 16 2097152
2874 791 16 2097152
2786 964 18 2097152
2842 790 17 2097152
2866 931 23 2097152
2823 796 23 2097152
2826 940 23 2097152
2811 810 18 2097152
2883 940 25 2097152
3068 771 25 2097152
2745 937 22 2097152
2810 775 16 2097152
2849 947 23 2097152
2842 812 24 2097152
2850 915 18 2097152
2882 778 22 2097152
2861 939 22 2097152
2829 786 18 2097152
2911 898 22 2097152
2889 783 24 2097152
2812 947 18 2097152
2796 778 17 2097152
2922 927 24 2097152
2806 769 23 2097152
2853 928 23 2097152
2909 1086 30 2097152
2856 445 20 2097152
2836 438 17 2097152
2827 446 18 2097152
2852 450 17 2097152
2843 433 16 2097152
2847 568 19 2097152
2819 440 19 2097152
2879 426 16 2097152
2832 428 16 2097152
2922 800 30 2097152
2937 951 25 2097152
2847 821 18 2097152
2848 906 17 2097152
2862 827 22 2097152
2824 948 17 2097152
2920 808 17 2097152
2759 941 17 2097152
2849 786 17 2097152
2879 932 17 2097152
2869 805 17 2097152
2869 924 16 2097152
2810 811 16 2097152
2809 930 16 2097152
2820 807 16 2097152
2886 945 17 2097152
2856 836 16 2097152
2867 941 16 2097152
2848 801 17 2097152
2852 933 16 2097152
2816 822 16 2097152
2909 936 17 2097152
2901 1293 38 2097152
2845 431 17 2097152
2865 424 16 2097152
2824 460 17 2097152
2890 413 17 2097152
2870 444 23 2097152
2859 408 18 2097152
2797 465 16 2097152
2893 427 16 2097152
2824 439 16 2097152
2860 396 16 2097152
2833 444 16 2097152
2842 425 16 2097152
2796 437 16 2097152
2837 424 16 2097152
2827 434 16 2097152
2921 408 16 2097152
2773 429 16 2097152
2829 417 16 2097152
2815 436 16 2097152
2838 406 16 2097152
2822 425 17 2097152
2828 434 16 2097152
2830 448 16 2097152
2859 423 16 2097152
2795 441 15 2097152
2833 414 16 2097152
2839 436 24 2097152
2811 442 16 2097152
2813 446 17 2097152
2806 427 16 2097152
2832 401 16 2097152
3073 962 33 2097152
2882 424 24 2097152
2831 436 17 2097152
2840 469 16 2097152
2911 435 24 2097152
2783 450 18 2097152
2820 429 22 2097152
2823 436 18 2097152
2883 418 17 2097152
2801 437 16 2097152
2828 422 16 2097152
2812 453 28 2097152
2813 418 15 2097152
2838 420 16 2097152
2834 410 15 2097152
2823 441 16 2097152
2956 413 16 2097152
2760 446 23 2097152
2836 403 16 2097152
2834 434 16 2097152
2817 433 16 2097152
2819 439 16 2097152
2846 420 16 2097152
2866 443 17 2097152
2846 428 16 2097152
2855 426 16 2097152
2876 419 17 2097152
2864 435 16 2097152
2848 426 15 2097152
2824 431 18 2097152
2821 401 16 2097152
2850 430 16 2097152
2922 727 36 2097152
2882 455 24 2097152
2827 438 23 2097152
2835 458 19 2097152
2890 436 23 2097152
2833 447 20 2097152
2826 434 17 2097152
2834 448 17 2097152
2861 427 17 2097152
2784 438 15 2097152
2823 421 16 2097152
2840 459 16 2097152
2829 428 16 2097152
2859 423 16 2097152
2852 396 15 2097152
2808 441 15 2097152
2874 442 16 2097152
2790 423 16 2097152
2861 422 16 2097152
2827 441 17 2097152
2838 414 15 2097152
2822 426 16 2097152
2847 414 15 2097152
2855 417 16 2097152
2820 429 16 2097152
2805 469 16 2097152
2832 413 16 2097152
2843 415 15 2097152
2840 414 16 2097152
2809 435 16 2097152
2840 437 17 2097152
2836 443 20 2097152
2943 1433 36 2097152
2826 439 23 2097152
2831 444 22 2097152
2849 448 23 2097152
2891 401 17 2097152
2865 419 17 2097152
2829 449 18 2097152
2819 431 44 2097152
2873 413 22 2097152
2780 464 17 2097152
2824 446 16 2097152
2857 420 16 2097152
2813 456 15 2097152
2829 435 16 2097152
2816 449 15 2097152
2824 455 17 2097152
2916 439 17 2097152
2762 440 17 2097152
2871 417 17 2097152
2857 447 17 2097152
2835 425 16 2097152
2852 432 16 2097152
2831 447 16 2097152
2832 447 16 2097152
2837 422 16 2097152
2845 416 16 2097152
2802 426 15 2097152
2844 421 16 2097152
2834 442 17 2097152
2791 427 16 2097152
2810 445 16 2097152
2860 451 17 2097152
2996 813 27 2097152
2883 428 23 2097152
2820 430 16 2097152
2821 413 15 2097152
2873 424 16 2097152
2816 417 17 2097152
2862 397 22 2097152
2853 416 23 2097152
2923 394 22 2097152
2805 429 22 2097152
2819 405 22 2097152
3038 401 24 2097152
2847 376 16 2097152
2861 441 23 2097152
2849 423 23 2097152
2814 427 22 2097152
2937 423 22 2097152
2776 438 22 2097152
2858 424 16 2097152
2835 402 22 2097152
2867 418 23 2097152
2845 435 23 2097152
2828 443 23 2097152
2834 459 22 2097152
2881 423 20 2097152
2925 415 26 2097152
2823 438 23 2097152
2799 425 22 2097152
2816 425 23 2097152
2838 425 22 2097152
2831 420 23 2097152
2838 402 23 2097152
2975 988 36 2097152
2850 433 22 2097152
2840 409 23 2097152
2837 422 23 2097152
2853 392 23 2097152
2833 418 25 2097152
2831 435 23 2097152
2838 397 23 2097152
2896 411 22 2097152
2807 411 23 2097152
2861 411 22 2097152
2794 434 17 2097152
2845 418 23 2097152
2827 389 17 2097152
2823 425 23 2097152
2806 444 17 2097152
2956 383 23 2097152
3162 434 28 2097152
2861 403 20 2097152
2830 394 16 2097152
2821 397 22 2097152
2818 443 23 2097152
2840 410 19 2097152
2851 407 22 2097152
2795 416 22 2097152
2851 412 40 2097152
2813 410 22 2097152
2836 430 22 2097152
2812 393 23 2097152
2830 428 38 2097152
2840 384 17 2097152
2839 403 23 2097152
2880 1357 39 2097152
2835 926 23 2097152
2834 754 18 2097152
2830 946 22 2097152
2829 784 22 2097152
2814 925 23 2097152
2829 755 22 2097152
2865 920 23 2097152
2910 831 22 2097152
2798 932 23 2097152
2808 804 16 2097152
2864 919 23 2097152
2884 791 25 2097152
2796 961 18 2097152
2826 814 23 2097152
2845 926 18 2097152
2941 758 22 2097152
2757 958 23 2097152
2841 788 23 2097152
2878 910 22 2097152
2843 767 22 2097152
2859 925 22 2097152
2827 794 23 2097152
2871 923 23 2097152
2841 794 22 2097152
2830 966 22 2097152
2846 780 23 2097152
2862 921 22 2097152
2817 775 23 2097152
2928 940 23 2097152
2842 811 23 2097152
2887 926 22 2097152
2909 1370 30 2097152
2850 937 23 2097152
3152 822 21 2097152
4104 977 20 2097152
3583 815 20 2097152
3462 950 19 2097152
3130 789 19 2097152
2863 929 17 2097152
2894 799 18 2097152
2837 931 33 2097152
2848 826 23 2097152
2920 939 23 2097152
2868 808 22 2097152
2847 966 23 2097152
2911 813 23 2097152
2835 968 23 2097152
2978 793 23 2097152
2759 983 24 2097152
2893 822 23 2097152
2883 982 24 2097152
2818 834 23 2097152
2893 936 23 2097152
2886 807 23 2097152
2899 929 23 2097152
2891 788 23 2097152
2837 928 23 2097152
2829 819 22 2097152
2821 957 23 2097152
2821 800 23 2097152
2827 927 23 2097152
2841 812 22 2097152
2843 926 23 2097152
3079 694 36 2097152
51449 433 17 2097152
2844 426 17 2097152
2815 418 16 2097152
2830 394 16 2097152
2799 433 16 2097152
2840 401 16 2097152
2886 385 23 2097152
2885 436 23 2097152
2781 439 16 2097152
3021 445 27 2097152
2849 422 17 2097152
2827 436 23 2097152
2819 407 39 2097152
2870 426 22 2097152
2820 420 16 2097152
2940 422 23 2097152
2740 425 16 2097152
2828 438 22 2097152
2827 429 17 2097152
2869 404 23 2097152
2838 439 17 2097152
4590 671 70 2097152
4246 659 30 2097152
3752 530 25 2097152
3043 578 32 2097152
4069 812 26 2097152
3492 958 19 2097152
2901 764 18 2097152
3205 948 17 2097152
2965 755 17 2097152
2908 911 16 2097152
2998 1111 33 2097152
2860 428 24 2097152
2831 448 17 2097152
2819 471 17 2097152
2857 455 17 2097152
2825 441 16 2097152
2834 414 17 2097152
2846 451 16 2097152
2883 436 16 2097152
2848 421 16 2097152
2830 439 17 2097152
2864 414 17 2097152
2824 421 16 2097152
2818 465 16 2097152
2827 433 17 2097152
2905 426 17 2097152
2915 452 23 2097152
2759 459 17 2097152
2834 417 16 2097152
2826 422 17 2097152
2850 423 16 2097152
2866 432 16 2097152
2820 429 16 2097152
2833 444 16 2097152
2818 446 16 2097152
2812 443 21 2097152
2860 410 16 2097152
2794 443 18 2097152
2854 435 16 2097152
2808 473 16 2097152
2986 435 20 2097152
2804 437 16 2097152
2933 1375 43 2097152
2845 927 18 2097152
2871 805 23 2097152
2832 939 22 2097152
2877 789 24 2097152
2823 942 23 2097152
2856 799 23 2097152
2897 905 22 2097152
2919 779 23 2097152
2805 947 23 2097152
2844 794 17 2097152
2807 954 16 2097152
2824 791 17 2097152
2813 939 16 2097152
2830 787 16 2097152
2820 957 18 2097152
2932 822 23 2097152
2786 924 23 2097152
2862 789 22 2097152
2848 931 22 2097152
2888 818 23 2097152
2838 948 18 2097152
2655 814 23 2097152
2869 954 22 2097152
2864 822 23 2097152
2850 927 19 2097152
2868 803 18 2097152
2856 928 23 2097152
2855 856 23 2097152
2829 988 23 2097152
2850 822 22 2097152
4079 639 114 2097152
4645 1619 46 2097152
4316 678 29 2097152
3251 520 25 2097152
2843 428 23 2097152
2869 461 20 2097152
2829 445 18 2097152
2929 468 21 2097152
2971 490 21 2097152
2907 460 20 2097152
2813 442 17 2097152
2808 426 16 2097152
2809 427 16 2097152
2838 434 16 2097152
2850 439 16 2097152
2850 427 16 2097152
2828 433 17 2097152
2911 416 16 2097152
2755 442 16 2097152
2826 440 16 2097152
2847 444 16 2097152
2853 419 16 2097152
2845 454 17 2097152
2805 431 15 2097152
2863 422 16 2097152
2843 421 17 2097152
2829 436 16 2097152
2840 429 17 2097152
2833 427 18 2097152
2831 430 15 2097152
2786 456 16 2097152
2855 418 16 2097152
2997 448 19 2097152
2914 1414 33 2097152
2890 911 20 2097152
2843 783 23 2097152
2804 936 16 2097152
2889 799 23 2097152
2815 933 23 2097152
2817 806 22 2097152
2846 932 22 2097152
3061 809 20 2097152
3012 942 25 2097152
2816 811 18 2097152
2857 925 17 2097152
2841 784 16 2097152
2968 937 20 2097152
2919 783 20 2097152
2868 930 19 2097152
3038 839 20 2097152
2834 953 27 2097152
2918 787 24 2097152
3005 945 25 2097152
2932 841 24 2097152
2946 929 20 2097152
2962 835 25 2097152
2943 922 25 2097152
2855 792 23 2097152
2858 934 22 2097152
2827 789 23 2097152
2865 918 24 2097152
2852 799 23 2097152
2849 938 23 2097152
2836 771 17 2097152
2832 911 16 2097152
2943 1139 38 2097152
2891 452 23 2097152
2846 456 23 2097152
2808 469 16 2097152
2897 463 23 2097152
2817 475 18 2097152
2844 483 16 2097152
2868 454 23 2097152
2926 434 23 2097152
2841 472 23 2097152
2810 463 17 2097152
2859 480 17 2097152
2858 429 17 2097152
2873 443 17 2097152
2849 437 23 2097152
2833 477 19 2097152
2922 451 23 2097152
2764 487 23 2097152
2865 454 23 2097152
2851 453 18 2097152
2827 440 17 2097152
2847 463 16 2097152
2845 443 17 2097152
2820 458 16 2097152
2834 440 15 2097152
2826 469 23 2097152
2897 474 22 2097152
2904 486 20 2097152
2975 481 21 2097152
2838 450 16 2097152
2821 456 17 2097152
2830 437 17 2097152
2858 979 39 2097152
2878 442 23 2097152
2833 431 19 2097152
2837 435 23 2097152
2868 437 17 2097152
2819 438 15 2097152
2808 409 16 2097152
2817 462 16 2097152
2934 423 17 2097152
2868 428 17 2097152
2856 427 17 2097152
2846 438 16 2097152
2864 419 17 2097152
2864 428 17 2097152
2800 446 16 2097152
2855 433 16 2097152
2938 415 16 2097152
2809 419 17 2097152
2819 446 16 2097152
2784 445 15 2097152
2862 431 16 2097152
2827 423 16 2097152
2814 426 16 2097152
2841 426 17 2097152
2856 432 17 2097152
2796 431 16 2097152
2902 458 20 2097152
2833 448 16 2097152
2899 431 17 2097152
2853 446 16 2097152
2861 421 17 2097152
2856 412 16 2097152
3200 1219 30 2097152
2954 502 24 2097152
2925 467 22 2097152
2981 437 23 2097152
2974 446 22 2097152
2929 464 24 2097152
2946 440 25 2097152
2969 444 24 2097152
2994 449 25 2097152
2886 453 24 2097152
2945 438 21 2097152
2938 466 21 2097152
2928 449 20 2097152
2943 467 25 2097152
2967 438 22 2097152
2959 429 24 2097152
3037 449 21 2097152
2825 457 20 2097152
2931 431 20 2097152
2957 460 21 2097152
2934 451 24 2097152
2926 479 24 2097152
4191 462 25 2097152
2706 503 23 2097152
2889 430 21 2097152
2941 439 29 2097152
2901 425 22 2097152
2936 462 22 2097152
2944 425 21 2097152
2952 457 20 2097152
2943 434 20 2097152
2965 429 25 2097152
3146 897 38 2097152
2885 420 23 2097152
3378 432 31 2097152
3158 466 19 2097152
2991 425 17 2097152
2942 477 18 2097152
2853 427 17 2097152
2812 462 21 2097152
2900 425 16 2097152
2828 429 17 2097152
2833 408 16 2097152
2809 830 32 2097152
2744 778 23 2097152
2818 927 17 2097152
2838 794 17 2097152
2830 942 23 2097152
2927 804 23 2097152
2780 937 22 2097152
2862 777 18 2097152
2832 956 22 2097152
2829 789 18 2097152
2836 954 23 2097152
2828 800 23 2097152
2854 908 18 2097152
2972 796 20 2097152
3082 953 19 2097152
2824 803 16 2097152
2816 930 16 2097152
2829 778 17 2097152
2904 882 21 2097152
2874 407 23 2097152
2857 409 23 2097152
3031 1092 29 2097152
2833 460 22 2097152
2964 410 17 2097152
2871 403 16 2097152
2872 424 23 2097152
2829 426 16 2097152
2819 435 17 2097152
2821 427 16 2097152
2910 433 16 2097152
2795 439 16 2097152
2884 400 17 2097152
2853 427 16 2097152
2836 449 16 2097152
2824 443 16 2097152
2817 447 16 2097152
2829 445 16 2097152
2925 455 17 2097152
2753 457 16 2097152
2854 413 16 2097152
2837 436 15 2097152
2840 405 16 2097152
2827 436 16 2097152
2817 429 15 2097152
2812 441 16 2097152
2856 449 16 2097152
2804 444 17 2097152
2826 421 16 2097152
2864 406 18 2097152
2860 429 15 2097152
2847 431 22 2097152
2832 438 22 2097152
2870 398 22 2097152
3210 1138 38 2097152
2909 449 17 2097152
2936 430 17 2097152
2869 412 16 2097152
2855 418 17 2097152
2880 470 17 2097152
2870 437 15 2097152
2917 450 15 2097152
2938 446 16 2097152
2831 427 16 2097152
3010 446 17 2097152
2835 435 16 2097152
2892 442 16 2097152
2852 446 16 2097152
2836 423 15 2097152
3017 456 16 2097152
2919 437 16 2097152
2907 454 19 2097152
2795 446 15 2097152
2831 441 16 2097152
2839 418 16 2097152
2894 453 16 2097152
2846 435 16 2097152
2838 452 16 2097152
2813 438 15 2097152
2791 455 15 2097152
2857 407 15 2097152
2845 441 16 2097152
2821 449 16 2097152
2849 438 16 2097152
2835 417 16 2097152
2832 407 15 2097152
3216 886 39 2097152
2869 435 24 2097152
2845 415 19 2097152
2831 432 18 2097152
2841 418 17 2097152
2800 455 17 2097152
2841 420 16 2097152
2858 431 16 2097152
2910 416 17 2097152
2824 438 17 2097152
2843 420 16 2097152
2837 436 17 2097152
2840 418 17 2097152
2843 438 17 2097152
2844 407 16 2097152
2832 434 16 2097152
2921 405 16 2097152
2751 430 16 2097152
2805 425 16 2097152
2836 431 16 2097152
2840 409 17 2097152
2827 435 16 2097152
2812 429 17 2097152
2815 456 17 2097152
2841 448 17 2097152
2764 452 17 2097152
2834 421 18 2097152
2823 441 17 2097152
2812 426 15 2097152
2861 412 16 2097152
2828 411 16 2097152
2867 410 17 2097152
3044 936 28 2097152
2867 458 23 2097152
2873 417 17 2097152
2866 420 22 2097152
2911 396 22 2097152
2814 426 21 2097152
2854 459 18 2097152
2870 460 23 2097152
2861 425 17 2097152
2779 431 17 2097152
2841 424 22 2097152
2920 441 22 2097152
2853 404 22 2097152
2888 424 18 2097152
2900 418 22 2097152
2837 448 22 2097152
2938 418 22 2097152
2734 435 18 2097152
2870 402 16 2097152
2824 422 23 2097152
2847 418 22 2097152
2865 413 22 2097152
2866 409 22 2097152
2861 416 22 2097152
2821 438 21 2097152
2842 430 22 2097152
2829 413 17 2097152
2810 435 17 2097152
2829 420 16 2097152
2810 426 16 2097152
2837 426 16 2097152
2864 430 16 2097152
2925 1144 37 2097152
2876 418 16 2097152
2836 430 15 2097152
2856 440 17 2097152
2858 441 16 2097152
2843 436 16 2097152
2867 411 16 2097152
2849 455 22 2097152
2882 439 22 2097152
2807 428 23 2097152
2876 425 23 2097152
2853 441 23 2097152
2837 436 18 2097152
2867 436 17 2097152
2883 413 23 2097152
2848 434 23 2097152
2900 441 17 2097152
2798 427 16 2097152
2830 464 23 2097152
2862 420 17 2097152
2865 433 23 2097152
2829 448 18 2097152
2859 415 23 2097152
2844 441 22 2097152
2843 444 22 2097152
2832 466 22 2097152
2870 421 23 2097152
2873 418 22 2097152
2836 413 17 2097152
2872 426 16 2097152
2812 426 16 2097152
2828 456 16 2097152
2959 1138 39 2097152
2878 427 22 2097152
2871 424 23 2097152
2825 446 23 2097152
2844 418 23 2097152
2851 438 23 2097152
2863 402 23 2097152
2838 434 23 2097152
2878 440 23 2097152
2857 425 23 2097152
2850 405 23 2097152
2861 440 22 2097152
2877 419 23 2097152
2860 442 23 2097152
51436 405 23 2097152
2834 444 23 2097152
2943 420 23 2097152
2758 413 22 2097152
2863 411 23 2097152
4827 430 28 2097152
2959 422 18 2097152
2877 418 17 2097152
2977 410 17 2097152
2858 425 16 2097152
2832 428 23 2097152
2881 423 23 2097152
2858 419 23 2097152
2824 450 22 2097152
2841 439 23 2097152
2847 454 23 2097152
2889 429 23 2097152
2856 427 23 2097152
2935 1420 29 2097152
2827 434 17 2097152
2875 436 23 2097152
2849 426 22 2097152
2843 410 22 2097152
2798 422 16 2097152
2866 407 22 2097152
2814 421 16 2097152
2870 430 22 2097152
2782 395 18 2097152
2831 453 23 2097152
2845 401 22 2097152
2843 415 22 2097152
2796 400 16 2097152
2835 416 22 2097152
2870 400 24 2097152
2904 423 17 2097152
2770 427 22 2097152
2821 384 16 2097152
2844 429 21 2097152
2831 403 16 2097152
2831 443 30 2097152
2825 403 19 2097152
2847 400 22 2097152
2838 421 23 2097152
2870 414 23 2097152
2854 416 17 2097152
2841 410 14 2097152
2838 426 15 2097152
2821 444 14 2097152
2829 421 16 2097152
2868 411 17 2097152
2916 430 34 2097152
2855 442 23 2097152
2818 472 17 2097152
2831 463 23 2097152
2887 439 23 2097152
2810 443 22 2097152
2942 433 27 2097152
2884 411 18 2097152
2899 419 18 2097152
2815 437 17 2097152
2808 435 17 2097152
2851 437 17 2097152
2836 416 16 2097152
2853 429 19 2097152
2854 418 16 2097152
2841 439 16 2097152
2940 421 16 2097152
2743 443 16 2097152
2801 462 17 2097152
2852 451 16 2097152
2831 447 16 2097152
2875 450 17 2097152
2834 413 15 2097152
2832 437 16 2097152
2802 418 23 2097152
2864 421 16 2097152
2820 426 18 2097152
2847 454 16 2097152
2840 435 16 2097152
2820 457 16 2097152
2806 421 15 2097152
2858 408 20 2097152
2824 456 25 2097152
2854 422 19 2097152
2849 433 16 2097152
2869 435 23 2097152
51443 431 23 2097152
2856 417 22 2097152
2828 445 23 2097152
2846 434 23 2097152
2889 441 18 2097152
2801 440 23 2097152
2883 393 23 2097152
2859 419 18 2097152
2794 432 17 2097152
2817 448 17 2097152
2877 393 17 2097152
2824 436 16 2097152
2937 422 16 2097152
2753 440 17 2097152
2855 411 16 2097152
2882 411 16 2097152
2831 423 16 2097152
2851 431 24 2097152
2842 425 16 2097152
2834 446 25 2097152
2824 437 31 2097152
2804 423 16 2097152
2841 428 17 2097152
2839 435 23 2097152
2888 411 23 2097152
2875 421 23 2097152
2851 413 23 2097152
2805 420 40 2097152
2962 428 35 2097152
2842 462 23 2097152
2959 439 20 2097152
2845 418 22 2097152
2852 429 17 2097152
2816 447 17 2097152
2879 436 23 2097152
2837 442 17 2097152
2918 431 23 2097152
2846 416 23 2097152
2819 431 17 2097152
2849 450 22 2097152
2839 439 18 2097152
2868 427 17 2097152
2858 418 17 2097152
2851 439 25 2097152
2894 434 16 2097152
2752 449 15 2097152
2807 452 16 2097152
2807 460 16 2097152
2850 420 16 2097152
2872 418 16 2097152
2848 422 16 2097152
2768 447 16 2097152
2838 425 16 2097152
2838 431 23 2097152
2859 412 22 2097152
2846 446 16 2097152
2802 433 15 2097152
2775 460 16 2097152
2841 440 16 2097152
2821 424 16 2097152
2879 403 34 2097152
2902 407 23 2097152
2842 423 18 2097152
2832 449 23 2097152
2861 441 16 2097152
2822 438 16 2097152
2803 435 17 2097152
2810 444 16 2097152
2895 434 16 2097152
2788 441 16 2097152
2846 416 16 2097152
2831 444 16 2097152
2795 437 16 2097152
2827 437 15 2097152
2839 432 16 2097152
2825 447 16 2097152
3048 449 18 2097152
2754 439 16 2097152
2921 444 18 2097152
3009 436 16 2097152
2897 434 16 2097152
2823 451 16 2097152
2819 438 17 2097152
2929 418 17 2097152
2862 445 18 2097152
2843 438 16 2097152
2811 425 15 2097152
2828 427 17 2097152
2851 427 16 2097152
2822 440 16 2097152
2896 395 23 2097152
2833 418 22 2097152
2909 788 24 2097152
2849 930 18 2097152
2843 800 23 2097152
2859 920 16 2097152
2843 833 18 2097152
2808 951 17 2097152
2830 809 17 2097152
2845 917 17 2097152
2945 756 17 2097152
2834 929 16 2097152
2856 768 17 2097152
2857 942 17 2097152
2841 781 16 2097152
2854 953 15 2097152
2821 776 16 2097152
2846 938 23 2097152
2915 787 22 2097152
2771 935 23 2097152
2829 778 18 2097152
2875 931 23 2097152
2827 756 41 2097152
2839 943 18 2097152
2722 793 20 2097152
2641 966 17 2097152
2892 834 17 2097152
2855 918 17 2097152
2876 755 17 2097152
2840 916 16 2097152
2800 786 16 2097152
2846 935 23 2097152
2934 788 17 2097152
2816 963 167 2097152
2963 814 34 2097152
2863 936 24 2097152
2849 792 23 2097152
2857 933 23 2097152
2873 780 23 2097152
2813 947 22 2097152
2852 803 18 2097152
2824 938 17 2097152
2902 781 16 2097152
2787 943 16 2097152
2809 781 16 2097152
2806 941 16 2097152
2835 794 17 2097152
2836 949 16 2097152
2850 791 23 2097152
2871 947 22 2097152
2906 795 22 2097152
2745 965 33 2097152
2855 830 23 2097152
2854 940 22 2097152
2852 832 22 2097152
2859 933 22 2097152
2791 847 19 2097152
2852 937 23 2097152
2915 691 32 2097152
2824 460 24 2097152
2874 430 22 2097152
2818 446 17 2097152
2849 449 23 2097152
2809 452 22 2097152
2833 447 23 2097152
2815 445 23 2097152
2929 403 34 2097152
2829 467 23 2097152
2861 423 23 2097152
2827 453 22 2097152
2988 447 21 2097152
2781 435 15 2097152
2812 421 16 2097152
2829 452 16 2097152
2888 423 16 2097152
2799 428 16 2097152
2828 427 16 2097152
2814 445 28 2097152
2834 418 16 2097152
2823 453 15 2097152
2834 439 17 2097152
2807 442 17 2097152
2877 453 16 2097152
2763 435 15 2097152
2804 425 16 2097152
2845 417 17 2097152
2854 426 23 2097152
2930 415 21 2097152
2818 419 17 2097152
2833 439 16 2097152
2823 422 15 2097152
2851 464 16 2097152
2863 425 16 2097152
2855 437 16 2097152
2851 404 16 2097152
2834 436 16 2097152
2826 428 16 2097152
2824 397 16 2097152
2918 430 26 2097152
2818 438 23 2097152
2879 439 17 2097152
2815 466 17 2097152
2884 429 16 2097152
2826 456 16 2097152
2863 427 17 2097152
2811 438 16 2097152
2955 486 21 2097152
2816 460 16 2097152
2841 446 17 2097152
2832 456 16 2097152
2832 419 16 2097152
2830 436 16 2097152
2811 450 19 2097152
2846 417 16 2097152
2923 443 16 2097152
2851 451 20 2097152
2843 443 15 2097152
2832 435 16 2097152
2811 434 16 2097152
2833 443 17 2097152
2838 438 23 2097152
2818 460 16 2097152
2811 453 23 2097152
2932 424 17 2097152
2799 434 16 2097152
2851 438 16 2097152
2842 439 15 2097152
2819 456 22 2097152
2879 408 16 2097152
2851 438 18 2097152
2892 838 33 2097152
2828 971 23 2097152
2846 819 18 2097152
2877 960 23 2097152
2898 807 23 2097152
2846 940 22 2097152
2883 793 23 2097152
2875 928 23 2097152
2911 779 23 2097152
2815 930 23 2097152
2807 822 18 2097152
2810 977 17 2097152
2861 785 23 2097152
2836 945 23 2097152
2841 811 22 2097152
2851 944 23 2097152
2929 785 18 2097152
2746 967 23 2097152
2827 798 23 2097152
2848 939 22 2097152
2845 782 22 2097152
2830 912 22 2097152
2842 783 18 2097152
2857 906 17 2097152
2823 788 22 2097152
2841 930 22 2097152
2833 801 22 2097152
2893 912 22 2097152
51435 780 23 2097152
2851 930 22 2097152
2838 798 22 2097152
2904 925 23 2097152
2927 442 31 2097152
2832 492 22 2097152
2862 443 18 2097152
2786 489 15 2097152
2879 448 16 2097152
2824 475 16 2097152
2840 450 17 2097152
2843 466 16 2097152
2866 480 16 2097152
2840 459 16 2097152
3052 474 37 2097152
3963 674 23 2097152
3909 631 30 2097152
3847 657 21 2097152
3340 515 21 2097152
3227 506 20 2097152
3392 524 20 2097152
3155 515 19 2097152
3310 508 25 2097152
3303 528 20 2097152
3331 520 18 2097152
3165 522 20 2097152
3243 513 19 2097152
3509 583 22 2097152
3804 591 22 2097152
3614 630 21 2097152
3938 640 22 2097152
2818 423 21 2097152
2894 402 22 2097152
2901 419 32 2097152
3895 635 25 2097152
3040 453 22 2097152
2903 420 30 2097152
2860 452 24 2097152
2901 409 18 2097152
2812 461 17 2097152
2920 406 22 2097152
2852 453 17 2097152
2821 434 22 2097152
2803 456 17 2097152
2916 441 17 2097152
2825 436 17 2097152
2850 421 23 2097152
2834 468 22 2097152
2856 438 23 2097152
2835 441 22 2097152
2860 418 23 2097152
2884 416 18 2097152
3646 430 19 2097152
2762 470 17 2097152
2863 425 17 2097152
2890 426 24 2097152
2855 426 22 2097152
2823 443 23 2097152
2839 404 22 2097152
2827 462 16 2097152
2837 453 23 2097152
2876 463 29 2097152
2846 448 21 2097152
2878 430 17 2097152
2865 403 17 2097152
2808 459 16 2097152
2811 420 18 2097152
2887 436 23 2097152
2907 430 33 2097152
2855 455 23 2097152
2832 448 18 2097152
2872 441 24 2097152
2877 429 17 2097152
2801 459 16 2097152
2865 430 19 2097152
2815 466 18 2097152
2903 420 19 2097152
2853 429 25 2097152
2857 413 22 2097152
2836 456 17 2097152
2810 445 16 2097152
2914 444 19 2097152
2809 459 16 2097152
2848 463 19 2097152
2941 445 17 2097152
2790 453 20 2097152
2792 459 16 2097152
2849 463 17 2097152
2806 457 17 2097152
2855 441 17 2097152
2882 432 16 2097152
2866 421 17 2097152
2823 430 39 2097152
2983 441 20 2097152
2866 445 16 2097152
2911 747 24 2097152
2880 681 16 2097152
2886 779 17 2097152
2870 687 23 2097152
2925 779 25 2097152
2904 415 25 2097152
2838 469 23 2097152
2841 440 17 2097152
2817 434 17 2097152
2872 441 16 2097152
2819 452 16 2097152
2850 411 17 2097152
2816 450 16 2097152
2867 423 16 2097152
2796 438 16 2097152
2803 438 16 2097152
2835 449 16 2097152
2849 414 16 2097152
2821 470 16 2097152
2851 421 16 2097152
2807 439 16 2097152
2902 448 16 2097152
2757 446 23 2097152
2831 436 23 2097152
2836 462 19 2097152
2832 441 17 2097152
2860 479 18 2097152
2829 432 22 2097152
2833 454 18 2097152
2829 431 22 2097152
2828 458 18 2097152
2842 423 16 2097152
2865 422 16 2097152
2827 416 16 2097152
2832 451 16 2097152
2850 437 18 2097152
2822 441 17 2097152
2845 437 34 2097152
2847 464 23 2097152
2818 447 17 2097152
2821 454 17 2097152
2847 441 19 2097152
2837 439 16 2097152
2861 432 19 2097152
2898 477 25 2097152
3620 462 29 2097152
2778 463 19 2097152
2849 428 17 2097152
2823 459 22 2097152
2830 436 17 2097152
2847 452 22 2097152
2842 433 22 2097152
2835 439 22 2097152
2960 426 23 2097152
2759 466 23 2097152
2850 429 16 2097152
2857 435 22 2097152
2803 462 19 2097152
2807 469 17 2097152
2807 440 22 2097152
2822 462 19 2097152
2826 451 22 2097152
2838 464 22 2097152
2853 413 23 2097152
2840 468 22 2097152
4516 461 27 2097152
2836 476 22 2097152
2846 424 23 2097152
2861 433 24 2097152
2926 419 33 2097152
2874 426 23 2097152
2833 437 19 2097152
2817 444 23 2097152
2849 422 22 2097152
2853 423 23 2097152
2832 433 16 2097152
2843 455 17 2097152
2898 416 18 2097152
2814 436 17 2097152
2859 411 16 2097152
2843 435 16 2097152
2814 450 16 2097152
2868 433 17 2097152
2860 428 16 2097152
2854 438 24 2097152
2918 422 16 2097152
2721 458 16 2097152
2809 450 17 2097152
2874 419 17 2097152
2797 457 16 2097152
2853 429 16 2097152
2811 436 16 2097152
2850 437 15 2097152
2869 421 16 2097152
2859 430 16 2097152
2854 417 16 2097152
2848 439 16 2097152
2824 429 16 2097152
2829 431 16 2097152
2843 414 16 2097152
2813 411 16 2097152
2862 434 24 2097152
2867 440 23 2097152
2866 413 16 2097152
2863 412 22 2097152
2869 426 17 2097152
2808 441 15 2097152
2863 435 17 2097152
2828 421 16 2097152
2892 413 17 2097152
2815 446 16 2097152
2858 436 17 2097152
2812 470 16 2097152
2829 436 16 2097152
2795 438 16 2097152
2810 435 15 2097152
2835 464 17 2097152
2931 424 17 2097152
2761 440 18 2097152
2851 422 15 2097152
2845 456 17 2097152
2820 414 16 2097152
2836 445 24 2097152
2865 431 23 2097152
2858 438 23 2097152
2866 436 23 2097152
2845 465 22 2097152
2860 433 23 2097152
2833 451 23 2097152
2808 442 22 2097152
2854 440 17 2097152
2857 432 17 2097152
2829 453 23 2097152
2915 816 31 2097152
2960 937 21 2097152
2820 806 16 2097152
2818 939 23 2097152
2875 797 22 2097152
2842 934 23 2097152
2878 800 22 2097152
2834 930 18 2097152
2890 806 23 2097152
2822 957 23 2097152
2848 830 22 2097152
2887 928 22 2097152
2880 816 22 2097152
2891 934 23 2097152
2896 821 23 2097152
2853 929 23 2097152
2938 795 17 2097152
2807 924 22 2097152
2827 800 18 2097152
2833 923 23 2097152
2883 814 23 2097152
2917 988 22 2097152
2855 809 18 2097152
2872 932 23 2097152
2864 794 23 2097152
2937 940 25 2097152
2867 834 23 2097152
2896 932 23 2097152
2896 793 22 2097152
3078 695 30 2097152
3048 436 21 2097152
2872 416 17 2097152
2954 455 27 2097152
2866 451 23 2097152
2853 473 17 2097152
2836 474 22 2097152
2894 461 22 2097152
2859 443 22 2097152
2828 430 22 2097152
2856 446 22 2097152
2897 433 23 2097152
2838 447 23 2097152
2849 437 18 2097152
2837 474 22 2097152
2826 467 17 2097152
2824 443 16 2097152
2826 460 27 2097152
2836 455 17 2097152
2933 475 23 2097152
2766 468 22 2097152
2848 431 19 2097152
2839 452 23 2097152
2838 427 18 2097152
2846 467 22 2097152
2860 439 17 2097152
2900 427 23 2097152
2886 435 24 2097152
2849 450 18 2097152
2859 414 23 2097152
2857 427 22 2097152
2870 458 23 2097152
2860 430 18 2097152
2841 434 17 2097152
2855 428 22 2097152
2920 817 33 2097152
2845 951 23 2097152
2843 830 16 2097152
2838 947 22 2097152
2875 832 23 2097152
2837 932 22 2097152
2872 801 23 2097152
2854 958 23 2097152
2872 815 17 2097152
2803 936 22 2097152
2807 818 18 2097152
2859 946 23 2097152
2868 809 22 2097152
2842 940 23 2097152
2849 789 22 2097152
2840 941 18 2097152
2950 799 22 2097152
2797 913 23 2097152
2825 826 23 2097152
2818 925 23 2097152
5058 623 30 2097152
2880 443 22 2097152
2839 424 17 2097152
2845 453 24 2097152
2823 480 22 2097152
2893 444 23 2097152
2810 436 22 2097152
2869 427 22 2097152
2885 422 17 2097152
2848 462 15 2097152
2855 429 15 2097152
2830 417 15 2097152
3056 457 34 2097152
2865 437 18 2097152
2819 456 17 2097152
2836 467 23 2097152
2853 479 17 2097152
2846 458 18 2097152
2854 463 17 2097152
2853 445 16 2097152
2897 439 16 2097152
2793 477 16 2097152
2890 459 20 2097152
2951 459 20 2097152
2898 444 19 2097152
2924 472 18 2097152
2846 468 16 2097152
2836 459 15 2097152
2925 439 16 2097152
2776 454 16 2097152
2846 447 17 2097152
3064 444 17 2097152
2871 434 16 2097152
2849 470 17 2097152
2827 443 15 2097152
2837 450 16 2097152
2863 448 16 2097152
2854 470 16 2097152
2813 479 17 2097152
2843 449 17 2097152
2839 468 16 2097152
2845 446 16 2097152
2810 455 17 2097152
2842 420 26 2097152
2988 417 26 2097152
2828 437 18 2097152
2830 432 23 2097152
2840 445 16 2097152
2873 409 18 2097152
2833 424 18 2097152
2824 431 16 2097152
2837 428 16 2097152
2862 445 17 2097152
2791 466 16 2097152
2824 436 17 2097152
2829 442 16 2097152
51427 425 21 2097152
2859 464 16 2097152
2792 433 16 2097152
2864 476 16 2097152
2926 459 16 2097152
2787 440 16 2097152
2840 431 16 2097152
2846 469 17 2097152
2845 434 16 2097152
2858 440 16 2097152
2849 438 16 2097152
2879 422 16 2097152
2856 423 16 2097152
2826 451 16 2097152
2850 425 16 2097152
2853 445 24 2097152
4478 446 21 2097152
2819 430 16 2097152
2830 463 16 2097152
2825 422 15 2097152
2923 419 35 2097152
2869 431 23 2097152
2869 440 19 2097152
2854 424 16 2097152
2856 445 16 2097152
2810 429 23 2097152
4221 443 27 2097152
2809 432 22 2097152
2878 412 22 2097152
2815 422 22 2097152
2841 427 23 2097152
2827 470 24 2097152
2843 415 23 2097152
2831 459 22 2097152
2856 431 23 2097152
2814 433 22 2097152
2963 429 24 2097152
2784 434 22 2097152
2834 471 24 2097152
2849 447 22 2097152
2835 440 22 2097152
2849 441 23 2097152
2884 428 23 2097152
2835 453 23 2097152
2854 426 22 2097152
2833 431 23 2097152
2809 467 22 2097152
2872 437 24 2097152
2974 429 25 2097152
2846 439 22 2097152
2859 443 24 2097152
2868 418 24 2097152
2941 816 34 2097152
2819 935 19 2097152
2867 798 23 2097152
2826 959 23 2097152
2862 824 23 2097152
2856 942 22 2097152
2832 818 22 2097152
2846 931 23 2097152
2879 811 23 2097152
2844 906 23 2097152
2851 802 16 2097152
2824 923 16 2097152
2861 798 23 2097152
5324 506 222 2097152
3149 427 19 2097152
2863 428 16 2097152
2887 448 16 2097152
3198 919 29 2097152
2763 856 18 2097152
2848 927 18 2097152
2826 819 17 2097152
2828 941 17 2097152
2824 851 17 2097152
2826 969 16 2097152
2800 836 16 2097152
2874 919 16 2097152
2906 815 16 2097152
2832 923 16 2097152
2837 819 16 2097152
2818 955 16 2097152
2878 786 15 2097152
2914 916 23 2097152
2958 429 29 2097152
2859 434 23 2097152
2831 458 17 2097152
2869 465 24 2097152
2929 442 24 2097152
2827 467 16 2097152
2816 455 22 2097152
2847 454 18 2097152
2886 464 22 2097152
2816 459 18 2097152
2849 423 17 2097152
2844 458 23 2097152
2842 468 22 2097152
2833 451 22 2097152
3017 610 29 2097152
2845 932 24 2097152
2932 487 23 2097152
2783 479 23 2097152
2867 478 23 2097152
2849 480 23 2097152
2871 455 22 2097152
2855 480 17 2097152
2857 437 16 2097152
2850 460 17 2097152
3003 459 18 2097152
2889 467 30 2097152
2873 476 24 2097152
3023 449 25 2097152
2851 464 23 2097152
2841 460 22 2097152
2827 465 39 2097152
2819 439 24 2097152
3807 434 34 2097152
3041 457 22 2097152
2823 424 18 2097152
2840 447 18 2097152
2873 426 17 2097152
2780 474 16 2097152
2893 411 17 2097152
2831 451 16 2097152
2926 423 19 2097152
2802 445 16 2097152
2845 422 15 2097152
2837 433 15 2097152
2833 440 19 2097152
2858 439 16 2097152
2834 444 18 2097152
2855 425 17 2097152
2904 445 16 2097152
2705 446 15 2097152
2854 449 16 2097152
2829 454 15 2097152
2874 408 15 2097152
2877 424 23 2097152
2858 419 17 2097152
2862 432 17 2097152
2845 432 16 2097152
2834 449 16 2097152
2834 433 15 2097152
2826 455 16 2097152
2819 447 16 2097152
2862 439 16 2097152
2783 439 16 2097152
2835 437 18 2097152
2912 806 24 2097152
2860 932 23 2097152
2873 824 23 2097152
2811 987 19 2097152
2882 808 17 2097152
2808 940 15 2097152
2833 804 17 2097152
2852 915 17 2097152
2895 799 16 2097152
2803 931 16 2097152
2866 769 16 2097152
2830 943 16 2097152
2832 759 16 2097152
2825 942 15 2097152
2899 743 23 2097152
2955 944 18 2097152
2911 775 17 2097152
2762 934 23 2097152
2856 842 22 2097152
2847 954 18 2097152
2882 789 18 2097152
2885 972 17 2097152
2818 829 16 2097152
2838 941 16 2097152
2818 807 16 2097152
2840 928 16 2097152
2864 793 15 2097152
2791 944 16 2097152
2814 807 15 2097152
2824 969 23 2097152
2840 787 22 2097152
2792 934 17 2097152
2922 828 32 2097152
2899 933 19 2097152
2874 811 18 2097152
2861 1011 23 2097152
2887 840 19 2097152
2853 972 23 2097152
2869 822 23 2097152
2836 979 18 2097152
2948 862 18 2097152
2872 923 16 2097152
2878 802 16 2097152
2903 912 16 2097152
2883 807 16 2097152
2895 945 16 2097152
2912 803 17 2097152
2897 939 23 2097152
2974 807 23 2097152
2875 962 25 2097152
2870 824 23 2097152
2896 937 17 2097152
2874 817 24 2097152
3206 973 22 2097152
3739 797 26 2097152
3142 518 37 2097152
2810 451 18 2097152
2876 456 20 2097152
2821 452 17 2097152
2857 436 17 2097152
2840 463 17 2097152
2853 456 17 2097152
2863 463 24 2097152
2850 442 23 2097152
2912 429 34 2097152
2900 429 23 2097152
2847 437 17 2097152
2857 425 20 2097152
2849 448 19 2097152
2833 443 24 2097152
2869 430 24 2097152
2838 459 19 2097152
2902 444 20 2097152
2831 459 20 2097152
2837 462 18 2097152
2843 443 16 2097152
2864 418 16 2097152
2852 457 19 2097152
2850 412 16 2097152
2841 442 19 2097152
2939 436 18 2097152
2800 452 17 2097152
2821 442 16 2097152
2864 445 17 2097152
2852 444 17 2097152
2870 461 18 2097152
2851 459 17 2097152
2914 438 17 2097152
2867 451 16 2097152
2830 467 16 2097152
2862 445 16 2097152
2845 447 17 2097152
2868 445 17 2097152
2858 466 17 2097152
2825 465 17 2097152
2833 427 19 2097152
2905 435 26 2097152
2880 431 23 2097152
2867 436 20 2097152
2846 452 23 2097152
2864 445 23 2097152
2859 452 23 2097152
2836 452 22 2097152
2845 459 23 2097152
2897 456 23 2097152
2837 447 18 2097152
2868 460 22 2097152
2869 437 23 2097152
2869 427 23 2097152
2844 428 17 2097152
2826 434 22 2097152
2884 432 22 2097152
2928 438 18 2097152
2798 446 22 2097152
2888 435 23 2097152
2885 447 22 2097152
2858 454 18 2097152
2858 454 20 2097152
2887 472 23 2097152
2861 454 17 2097152
2850 441 16 2097152
2887 445 22 2097152
2890 458 22 2097152
2887 452 15 2097152
2897 432 15 2097152
2891 445 15 2097152
51470 439 16 2097152
2810 450 15 2097152
2946 414 34 2097152
2875 418 23 2097152
2853 431 17 2097152
2857 407 16 2097152
2861 424 15 2097152
2810 463 16 2097152
2841 437 17 2097152
2832 444 17 2097152
2901 436 17 2097152
2818 424 16 2097152
2803 439 15 2097152
2854 448 16 2097152
2887 404 16 2097152
2874 449 16 2097152
2871 416 16 2097152
2833 432 16 2097152
2892 449 18 2097152
2738 447 15 2097152
2870 416 16 2097152
2863 415 16 2097152
2842 443 17 2097152
2832 437 16 2097152
2857 408 15 2097152
2829 440 17 2097152
2818 439 16 2097152
2863 422 16 2097152
2822 435 16 2097152
2833 442 17 2097152
2821 418 16 2097152
2851 437 16 2097152
2823 431 16 2097152
2871 419 17 2097152
2956 812 33 2097152
2820 980 23 2097152
2854 808 17 2097152
2880 921 24 2097152
2884 796 23 2097152
2948 937 21 2097152
2847 804 24 2097152
2827 955 22 2097152
2879 800 18 2097152
2817 942 23 2097152
2819 806 23 2097152
2870 902 24 2097152
2836 796 22 2097152
2848 944 22 2097152
2888 804 23 2097152
2854 931 18 2097152
3063 841 24 2097152
2796 948 23 2097152
2963 821 21 2097152
2877 952 19 2097152
2925 823 19 2097152
2916 948 24 2097152
2971 823 21 2097152
2957 960 19 2097152
3018 797 32 2097152
2992 954 25 2097152
2867 843 17 2097152
2862 954 16 2097152
2859 798 23 2097152
2856 931 17 2097152
2862 812 22 2097152
2871 922 23 2097152
2928 832 27 2097152
2903 936 23 2097152
2882 810 18 2097152
2871 943 23 2097152
2885 817 23 2097152
2822 949 22 2097152
2828 844 23 2097152
4895 576 99 2097152
3411 436 21 2097152
2846 456 17 2097152
2831 453 16 2097152
2857 419 17 2097152
2853 432 15 2097152
2853 433 17 2097152
2837 448 16 2097152
2843 452 16 2097152
3171 455 20 2097152
2957 887 32 2097152
2904 807 24 2097152
2845 515 22 2097152
2844 440 23 2097152
2851 521 23 2097152
2883 488 22 2097152
2875 502 23 2097152
2885 460 17 2097152
2876 472 16 2097152
2896 465 17 2097152
2902 441 16 2097152
2845 484 16 2097152
2857 475 16 2097152
2867 484 15 2097152
2837 447 16 2097152
2990 425 34 2097152
2841 467 16 2097152
2932 420 24 2097152
2863 449 20 2097152
2878 431 16 2097152
2833 455 19 2097152
2868 429 18 2097152
2863 458 17 2097152
2930 442 19 2097152
2823 453 16 2097152
2856 455 18 2097152
2861 469 19 2097152
2892 412 23 2097152
2844 442 16 2097152
2878 426 24 2097152
2807 441 16 2097152
2949 419 16 2097152
2766 465 16 2097152
2840 438 15 2097152
2847 443 16 2097152
2909 452 27 2097152
2891 448 16 2097152
2921 446 16 2097152
2901 476 17 2097152
3094 631 30 2097152
2874 927 18 2097152
2857 768 17 2097152
2859 922 17 2097152
2842 770 16 2097152
2827 953 17 2097152
2875 805 16 2097152
2869 949 16 2097152
2931 448 28 2097152
4693 541 31 2097152
3865 560 21 2097152
2839 738 15 2097152
2874 675 18 2097152
2815 457 16 2097152
2845 439 16 2097152
2881 454 15 2097152
3510 724 29 2097152
2848 935 17 2097152
2904 761 16 2097152
2886 927 15 2097152
2880 786 15 2097152
2861 944 16 2097152
2862 780 16 2097152
2901 903 18 2097152
2926 774 16 2097152
2801 898 15 2097152
2817 766 15 2097152
2805 929 16 2097152
2849 778 15 2097152
2851 921 16 2097152
2861 764 16 2097152
2877 930 23 2097152
2890 780 22 2097152
2904 921 23 2097152
51458 760 17 2097152
2903 894 16 2097152
2889 769 15 2097152
2873 917 16 2097152
2837 768 16 2097152
2880 902 17 2097152
2422 434 38 2097152
2829 423 22 2097152
2828 415 17 2097152
2776 431 16 2097152
2829 442 25 2097152
2771 430 17 2097152
2782 398 22 2097152
2820 399 22 2097152
2863 424 23 2097152
2765 424 23 2097152
2802 445 22 2097152
2825 418 23 2097152
2803 409 23 2097152
2809 441 22 2097152
2815 430 23 2097152
2816 448 22 2097152
2896 418 23 2097152
2751 423 23 2097152
2810 418 23 2097152
2974 445 24 2097152
2948 643 31 2097152
2580 993 24 2097152
2814 784 23 2097152
2885 915 23 2097152
2847 783 24 2097152
2855 937 23 2097152
2875 807 23 2097152
2924 914 23 2097152
2903 803 23 2097152
3307 497 28 2097152
2783 410 18 2097152
2791 433 16 2097152
2915 420 33 2097152
2854 449 23 2097152
2858 445 18 2097152
2823 439 16 2097152
2889 411 15 2097152
2833 429 15 2097152
2871 435 18 2097152
3370 476 20 2097152
2932 448 17 2097152
2843 437 16 2097152
2822 449 16 2097152
2799 439 17 2097152
2804 431 15 2097152
2868 428 16 2097152
2821 438 16 2097152
2828 462 17 2097152
2894 438 16 2097152
2759 411 27 2097152
2810 434 16 2097152
2849 461 17 2097152
2831 432 17 2097152
2824 465 16 2097152
2856 443 16 2097152
3080 430 19 2097152
2802 448 16 2097152
2791 463 23 2097152
2832 432 16 2097152
2850 431 16 2097152
2871 423 16 2097152
2844 452 18 2097152
2813 447 17 2097152
2852 413 16 2097152
2843 412 28 2097152
2920 407 24 2097152
2923 420 17 2097152
2995 452 23 2097152
2962 424 23 2097152
2920 446 23 2097152
2889 425 18 2097152
2897 449 16 2097152
2927 415 18 2097152
2853 422 23 2097152
2877 408 18 2097152
2872 433 16 2097152
2823 427 16 2097152
2886 428 16 2097152
2830 443 15 2097152
2831 439 16 2097152
2934 425 17 2097152
2787 424 17 2097152
2850 433 16 2097152
2845 436 15 2097152
2843 436 16 2097152
2871 421 16 2097152
2846 397 18 2097152
2845 382 16 2097152
2854 381 17 2097152
2848 414 16 2097152
2883 390 23 2097152
2878 406 23 2097152
2873 396 22 2097152
2857 427 22 2097152
2840 382 23 2097152
2854 428 24 2097152
2838 419 34 2097152
2879 433 23 2097152
2884 430 21 2097152
2892 425 22 2097152
2873 396 16 2097152
2852 405 23 2097152
2882 396 22 2097152
2843 449 23 2097152
2963 378 147 2097152
2871 399 22 2097152
2910 390 23 2097152
2812 464 22 2097152
2902 396 22 2097152
2894 420 23 2097152
2877 388 23 2097152
2951 370 22 2097152
2995 391 24 2097152
2745 405 24 2097152
2895 390 23 2097152
2898 398 23 2097152
2811 396 22 2097152
2905 399 23 2097152
2861 408 23 2097152
2914 393 22 2097152
2860 408 23 2097152
2842 431 29 2097152
2861 392 23 2097152
2853 390 23 2097152
2832 420 23 2097152
2896 427 23 2097152
2826 437 23 2097152
2852 415 22 2097152
2921 799 34 2097152
2885 911 23 2097152
2861 807 24 2097152
2837 919 23 2097152
2873 795 16 2097152
2848 936 23 2097152
2824 797 17 2097152
2836 915 23 2097152
2937 832 23 2097152
2846 915 23 2097152
2911 775 23 2097152
2892 897 23 2097152
2891 803 23 2097152
2886 910 23 2097152
2890 789 23 2097152
2858 914 23 2097152
2991 781 24 2097152
2762 931 23 2097152
2865 775 23 2097152
2839 925 23 2097152
2861 821 23 2097152
2870 904 24 2097152
2862 793 23 2097152
2878 913 23 2097152
2841 784 22 2097152
2878 926 22 2097152
2816 776 23 2097152
2814 945 23 2097152
2908 791 23 2097152
2878 911 23 2097152
2863 867 23 2097152
2824 950 23 2097152
2939 405 25 2097152
2913 420 23 2097152
2868 420 18 2097152
2831 425 16 2097152
2877 418 23 2097152
2820 475 18 2097152
2876 406 23 2097152
2897 424 23 2097152
3032 705 29 2097152
2900 924 32 2097152
2926 807 24 2097152
2911 965 25 2097152
2965 819 25 2097152
2959 917 26 2097152
2935 804 21 2097152
2935 965 25 2097152
3020 819 25 2097152
2891 932 26 2097152
2958 816 25 2097152
2976 927 25 2097152
2916 804 22 2097152
2965 922 25 2097152
2953 798 24 2097152
2936 946 25 2097152
2906 849 25 2097152
2946 927 25 2097152
2886 812 25 2097152
2985 906 25 2097152
2970 794 24 2097152
2974 908 26 2097152
2975 797 24 2097152
2976 940 22 2097152
2911 775 32 2097152
2862 929 23 2097152
2810 811 16 2097152
2831 934 23 2097152
2882 799 24 2097152
2809 967 23 2097152
2919 413 38 2097152
2907 392 24 2097152
2952 419 24 2097152
2853 434 23 2097152
2899 423 18 2097152
2899 439 23 2097152
2858 453 23 2097152
2875 440 19 2097152
2890 442 19 2097152
2879 420 17 2097152
2944 412 23 2097152
2754 463 18 2097152
2868 412 23 2097152
2864 448 18 2097152
2913 420 22 2097152
2835 452 18 2097152
2840 423 17 2097152
2817 447 17 2097152
2813 428 17 2097152
2867 423 17 2097152
2852 441 16 2097152
2855 436 17 2097152
2838 424 18 2097152
2789 461 18 2097152
2827 432 18 2097152
2847 411 19 2097152
2888 790 26 2097152
2861 927 22 2097152
2842 422 45 2097152
2807 441 22 2097152
2902 409 23 2097152
2877 426 23 2097152
2903 404 23 2097152
2886 449 26 2097152
2903 465 23 2097152
2810 461 19 2097152
2836 430 16 2097152
2837 435 16 2097152
3416 436 29 2097152
4325 542 22 2097152
3479 458 19 2097152
3993 527 19 2097152
3241 467 26 2097152
3648 469 20 2097152
3060 421 20 2097152
2950 416 19 2097152
2966 436 19 2097152
2836 427 15 2097152
2834 434 16 2097152
2848 430 16 2097152
2840 419 16 2097152
2838 431 24 2097152
2839 423 23 2097152
2850 413 22 2097152
2854 422 17 2097152
2843 404 18 2097152
2818 451 17 2097152
2916 421 19 2097152
2982 770 34 2097152
2863 976 21 2097152
2852 767 18 2097152
2801 948 15 2097152
2871 772 16 2097152
2821 935 17 2097152
2807 751 16 2097152
2800 937 17 2097152
2857 770 17 2097152
2784 931 16 2097152
2829 803 16 2097152
2797 955 16 2097152
2833 772 16 2097152
2805 928 17 2097152
2852 762 16 2097152
2819 919 16 2097152
2926 776 16 2097152
2764 927 15 2097152
2804 773 16 2097152
2822 948 16 2097152
2845 744 16 2097152
51430 913 16 2097152
2867 757 16 2097152
2859 927 16 2097152
2817 767 16 2097152
2821 943 16 2097152
2803 794 16 2097152
2885 924 16 2097152
2811 776 16 2097152
2824 916 16 2097152
2849 764 16 2097152
2822 923 17 2097152
2995 805 34 2097152
2905 934 20 2097152
2873 797 17 2097152
2895 944 23 2097152
2921 811 23 2097152
2889 928 18 2097152
2887 808 41 2097152
2877 926 23 2097152
2924 801 22 2097152
2848 953 23 2097152
2870 767 23 2097152
2901 931 23 2097152
2865 812 17 2097152
2885 945 23 2097152
2851 812 22 2097152
2868 953 22 2097152
3018 784 23 2097152
2806 986 23 2097152
2889 797 17 2097152
2901 933 23 2097152
2926 788 23 2097152
2929 920 18 2097152
2921 810 23 2097152
2921 947 23 2097152
3686 453 31 2097152
2930 460 17 2097152
3304 479 19 2097152
2919 487 18 2097152
2820 428 17 2097152
2833 441 16 2097152
2871 422 17 2097152
2792 415 15 2097152
2918 412 26 2097152
2852 440 18 2097152
2823 460 16 2097152
2848 423 16 2097152
2847 429 15 2097152
2808 456 17 2097152
2863 412 16 2097152
2830 443 16 2097152
2912 429 16 2097152
2793 393 16 2097152
2834 403 16 2097152
2862 392 23 2097152
2832 412 16 2097152
2812 421 23 2097152
2890 402 23 2097152
2855 410 23 2097152
2950 394 23 2097152
2774 411 23 2097152
2861 408 23 2097152
2902 402 24 2097152
2867 404 23 2097152
2859 429 22 2097152
2845 423 23 2097152
2883 438 23 2097152
2791 414 18 2097152
2871 400 23 2097152
2858 403 22 2097152
2848 404 23 2097152
2827 428 22 2097152
2835 420 22 2097152
2827 441 25 2097152
2827 442 23 2097152
2996 766 42 2097152
2850 961 19 2097152
2888 782 23 2097152
2868 926 18 2097152
2898 787 17 2097152
2875 906 16 2097152
2866 774 16 2097152
2864 917 23 2097152
2945 893 26 2097152
2804 934 23 2097152
2842 809 22 2097152
2846 930 22 2097152
2873 769 23 2097152
2854 948 23 2097152
2858 801 22 2097152
2874 936 24 2097152
2949 782 18 2097152
2757 951 17 2097152
2847 783 17 2097152
2849 923 16 2097152
2876 767 16 2097152
2857 935 16 2097152
2900 797 20 2097152
2842 965 16 2097152
2915 799 19 2097152
2951 941 20 2097152
2967 801 19 2097152
2934 954 20 2097152
2859 771 24 2097152
2842 913 23 2097152
2856 784 23 2097152
2871 919 17 2097152
2891 451 38 2097152
2889 421 23 2097152
2909 411 22 2097152
2830 467 22 2097152
2882 441 22 2097152
2865 463 23 2097152
2844 429 39 2097152
2874 433 22 2097152
2924 423 24 2097152
2837 415 22 2097152
2855 406 22 2097152
2839 439 24 2097152
2861 409 23 2097152
2851 450 22 2097152
2871 437 22 2097152
2867 423 22 2097152
2950 393 23 2097152
2812 394 23 2097152
2863 410 22 2097152
2820 425 23 2097152
2873 381 22 2097152
2863 381 22 2097152
2884 392 22 2097152
2883 414 22 2097152
2843 424 22 2097152
2858 447 22 2097152
2855 430 22 2097152
2783 443 22 2097152
2882 418 23 2097152
2856 445 23 2097152
2884 428 23 2097152
2864 428 23 2097152
2936 840 26 2097152
2805 957 18 2097152
2871 809 17 2097152
2813 940 17 2097152
2887 816 22 2097152
2876 901 23 2097152
2871 829 23 2097152
2861 941 23 2097152
2921 817 22 2097152
2834 943 23 2097152
2865 799 23 2097152
2874 965 25 2097152
2837 803 17 2097152
2867 961 17 2097152
2850 809 16 2097152
2884 960 16 2097152
2945 793 16 2097152
2793 940 16 2097152
2850 786 16 2097152
2828 945 16 2097152
2851 802 23 2097152
2843 930 18 2097152
2868 903 19 2097152
2886 930 23 2097152
2835 824 22 2097152
2870 914 18 2097152
2901 799 23 2097152
2877 965 22 2097152
2840 834 18 2097152
2863 945 22 2097152
2868 841 23 2097152
2930 947 23 2097152
2965 415 37 2097152
2819 427 17 2097152
2857 455 17 2097152
2843 456 22 2097152
2904 436 19 2097152
2839 486 17 2097152
2876 456 23 2097152
2881 435 23 2097152
2915 407 22 2097152
2794 450 22 2097152
2866 425 30 2097152
2862 451 23 2097152
2878 417 22 2097152
2883 444 22 2097152
2868 429 17 2097152
2883 422 16 2097152
2934 435 16 2097152
2824 447 16 2097152
2880 421 17 2097152
2846 432 16 2097152
2858 448 16 2097152
2832 445 15 2097152
2843 439 16 2097152
2844 421 16 2097152
2831 443 16 2097152
2855 419 16 2097152
2834 449 23 2097152
2828 445 17 2097152
2856 430 16 2097152
2837 427 16 2097152
2859 415 16 2097152
2856 399 15 2097152
2925 779 24 2097152
2872 935 19 2097152
2888 803 17 2097152
2836 935 16 2097152
2929 798 16 2097152
2892 930 23 2097152
2908 771 23 2097152
2852 947 22 2097152
2946 795 23 2097152
2845 954 23 2097152
2912 792 23 2097152
2899 940 24 2097152
51407 800 47 2097152
2871 897 17 2097152
2888 798 16 2097152
2842 952 16 2097152
2995 788 24 2097152
2801 934 23 2097152
2896 822 18 2097152
2921 931 16 2097152
2903 794 17 2097152
2858 961 16 2097152
2867 789 16 2097152
2835 970 16 2097152
2894 790 16 2097152
2882 933 15 2097152
2873 828 15 2097152
2821 942 17 2097152
2877 834 15 2097152
2882 931 15 2097152
2828 807 16 2097152
2855 928 16 2097152
3067 426 43 2097152
2922 449 17 2097152
3165 444 19 2097152
2828 452 16 2097152
2876 430 16 2097152
2815 466 16 2097152
2855 432 16 2097152
2853 441 16 2097152
2872 430 16 2097152
2795 452 15 2097152
2853 437 17 2097152
2904 427 16 2097152
2844 476 16 2097152
2843 442 16 2097152
2852 429 16 2097152
2838 463 16 2097152
2959 436 16 2097152
2769 477 19 2097152
2858 424 16 2097152
2838 442 15 2097152
2845 426 21 2097152
2822 450 15 2097152
2859 418 16 2097152
2845 466 16 2097152
2841 427 16 2097152
2884 424 15 2097152
2785 461 16 2097152
2826 458 16 2097152
2834 438 16 2097152
2828 462 16 2097152
2890 427 16 2097152
2877 432 26 2097152
2913 447 34 2097152
2885 449 25 2097152
2870 437 23 2097152
2908 449 25 2097152
2914 427 19 2097152
2816 443 16 2097152
2865 432 23 2097152
2863 435 18 2097152
2898 425 17 2097152
2872 433 25 2097152
2896 426 18 2097152
2882 442 18 2097152
2836 459 16 2097152
2813 437 16 2097152
2837 445 19 2097152
2834 448 17 2097152
2951 440 18 2097152
2730 466 17 2097152
2858 452 16 2097152
2852 452 16 2097152
2838 433 15 2097152
2886 434 16 2097152
2852 429 16 2097152
2852 446 16 2097152
2808 477 16 2097152
2828 438 16 2097152
2827 438 17 2097152
2848 437 16 2097152
2903 414 16 2097152
2848 442 16 2097152
2830 451 16 2097152
2835 429 19 2097152
2921 799 25 2097152
2867 967 21 2097152
2859 775 17 2097152
2834 953 16 2097152
2863 765 47 2097152
2812 942 40 2097152
2812 780 23 2097152
2857 937 18 2097152
2941 817 23 2097152
2812 926 23 2097152
2835 790 25 2097152
2857 934 17 2097152
2830 771 17 2097152
2829 941 17 2097152
2832 784 23 2097152
2854 935 23 2097152
2935 787 23 2097152
2833 909 23 2097152
2860 782 23 2097152
2830 953 18 2097152
2870 834 17 2097152
2887 909 17 2097152
2822 794 16 2097152
2842 948 24 2097152
2840 802 18 2097152
2882 922 22 2097152
2925 784 24 2097152
2843 935 23 2097152
2858 752 19 2097152
2710 924 18 2097152
2734 755 17 2097152
2873 918 16 2097152
2927 444 39 2097152
2855 446 23 2097152
2854 444 23 2097152
2825 445 16 2097152
2847 436 17 2097152
2987 729 29 2097152
2831 743 18 2097152
2831 922 17 2097152
2882 783 17 2097152
2791 935 17 2097152
2880 771 16 2097152
2856 923 17 2097152
2846 772 17 2097152
2825 938 16 2097152
2844 749 16 2097152
2809 935 16 2097152
2926 765 16 2097152
2756 932 15 2097152
2819 810 17 2097152
2811 951 16 2097152
2845 757 17 2097152
2885 898 17 2097152
2824 792 16 2097152
2849 921 16 2097152
2822 753 16 2097152
2833 942 17 2097152
2808 783 17 2097152
2812 947 17 2097152
2843 799 16 2097152
2870 953 17 2097152
2835 804 16 2097152
2831 910 24 2097152
2937 824 34 2097152
2843 936 19 2097152
2857 760 17 2097152
2851 915 17 2097152
2836 774 17 2097152
2802 940 16 2097152
2858 745 15 2097152
2880 934 16 2097152
2904 808 16 2097152
2805 944 16 2097152
2839 764 17 2097152
2868 911 16 2097152
2861 760 16 2097152
2851 927 16 2097152
2842 767 16 2097152
2854 931 17 2097152
2927 769 16 2097152
2766 49517 16 2097152
2853 760 16 2097152
2882 908 16 2097152
2858 762 17 2097152
2824 951 16 2097152
2844 783 17 2097152
2844 940 16 2097152
2848 758 15 2097152
2801 959 17 2097152
2835 763 23 2097152
2834 935 16 2097152
2841 767 16 2097152
2862 943 15 2097152
2836 764 16 2097152
2860 907 16 2097152
2876 490 28 2097152
2948 451 22 2097152
2872 449 23 2097152
2822 419 22 2097152
2876 431 23 2097152
2838 435 23 2097152
2824 423 22 2097152
2834 421 22 2097152
2920 427 23 2097152
2844 438 23 2097152
2842 445 24 2097152
2863 425 23 2097152
2836 415 22 2097152
2886 413 23 2097152
2876 418 22 2097152
2851 417 23 2097152
2901 401 23 2097152
2773 443 23 2097152
2842 422 17 2097152
2872 381 23 2097152
2815 410 22 2097152
2871 415 24 2097152
2888 405 24 2097152
2899 415 24 2097152
2816 413 23 2097152
2889 421 33 2097152
2879 400 19 2097152
2881 447 24 2097152
2813 416 22 2097152
2840 453 22 2097152
2873 434 25 2097152
2874 416 23 2097152
2966 784 33 2097152
2833 953 19 2097152
2892 762 18 2097152
2875 928 23 2097152
2881 782 23 2097152
2872 934 23 2097152
2881 804 22 2097152
2850 946 24 2097152
2871 787 18 2097152
2845 940 23 2097152
2870 776 23 2097152
2829 952 24 2097152
2841 771 23 2097152
2869 935 23 2097152
2869 764 23 2097152
2875 945 24 2097152
3002 853 24 2097152
2806 945 18 2097152
2842 797 16 2097152
2825 943 16 2097152
2848 763 16 2097152
2840 938 24 2097152
2884 819 23 2097152
2852 939 23 2097152
2859 770 23 2097152
2840 942 23 2097152
2828 847 23 2097152
2863 929 23 2097152
2853 834 23 2097152
2857 950 17 2097152
2838 771 16 2097152
2804 926 16 2097152
2912 740 33 2097152
2885 936 23 2097152
2886 831 23 2097152
2927 939 25 2097152
2866 843 23 2097152
2852 928 17 2097152
2877 797 17 2097152
2833 949 16 2097152
2902 809 17 2097152
2810 964 16 2097152
2837 773 16 2097152
2805 973 16 2097152
2827 830 16 2097152
2921 944 17 2097152
2867 755 16 2097152
2837 952 16 2097152
2914 827 16 2097152
2742 969 17 2097152
2830 797 18 2097152
2848 956 23 2097152
2862 798 17 2097152
2858 934 23 2097152
2862 741 23 2097152
2884 928 23 2097152
2880 800 23 2097152
2846 919 23 2097152
2879 757 23 2097152
2870 938 23 2097152
2894 757 22 2097152
2833 958 18 2097152
2863 772 16 2097152
2846 938 17 2097152
2928 417 35 2097152
2862 443 19 2097152
2832 441 16 2097152
2892 435 20 2097152
2883 456 23 2097152
2794 472 16 2097152
2814 436 17 2097152
2856 443 16 2097152
2873 439 17 2097152
2818 447 17 2097152
2847 437 17 2097152
2827 433 16 2097152
2859 437 16 2097152
2809 448 16 2097152
2838 424 16 2097152
2831 477 15 2097152
2945 422 16 2097152
2770 431 16 2097152
2853 455 20 2097152
2848 445 16 2097152
2845 444 17 2097152
2832 441 17 2097152
2850 431 17 2097152
2821 442 16 2097152
2803 447 16 2097152
2806 450 16 2097152
2823 451 16 2097152
2857 441 19 2097152
2812 453 16 2097152
2821 458 17 2097152
2814 441 16 2097152
2865 407 15 2097152
2923 830 34 2097152
2866 951 24 2097152
2898 769 17 2097152
2865 929 17 2097152
2913 808 18 2097152
2856 924 17 2097152
2905 760 24 2097152
2874 944 23 2097152
2941 795 23 2097152
2876 920 23 2097152
2897 786 23 2097152
2920 923 23 2097152
2887 799 23 2097152
2870 921 19 2097152
2890 790 23 2097152
2864 946 23 2097152
2966 760 22 2097152
2762 975 23 2097152
2874 747 23 2097152
2876 903 23 2097152
2840 768 22 2097152
2824 924 17 2097152
2831 755 23 2097152
2837 951 23 2097152
2864 771 23 2097152
2826 944 23 2097152
2877 786 23 2097152
2873 929 23 2097152
2838 805 23 2097152
2869 945 23 2097152
2865 826 18 2097152
2976 927 19 2097152
2920 426 31 2097152
2849 426 17 2097152
2831 416 15 2097152
2845 435 23 2097152
2855 441 18 2097152
2805 448 24 2097152
2837 425 17 2097152
2850 449 22 2097152
2839 451 17 2097152
2821 437 17 2097152
2854 413 23 2097152
2853 429 24 2097152
2814 411 18 2097152
2856 443 22 2097152
2857 403 18 2097152
2830 459 24 2097152
2934 421 18 2097152
2775 445 23 2097152
2874 401 22 2097152
2828 439 18 2097152
2908 396 23 2097152
2852 416 17 2097152
2862 422 23 2097152
2806 455 18 2097152
2825 434 17 2097152
2813 450 16 2097152
2860 409 16 2097152
2901 419 16 2097152
2824 433 16 2097152
2835 474 20 2097152
2863 445 17 2097152
2792 417 16 2097152
2943 784 33 2097152
2856 933 18 2097152
2865 795 17 2097152
2854 934 23 2097152
2874 788 23 2097152
2865 902 23 2097152
2864 768 23 2097152
2852 907 23 2097152
2901 821 23 2097152
2823 934 23 2097152
2858 805 23 2097152
2875 923 17 2097152
2821 785 16 2097152
2847 911 16 2097152
2813 789 18 2097152
2832 913 24 2097152
2918 780 23 2097152
2737 944 23 2097152
2810 785 23 2097152
51405 920 18 2097152
2835 800 17 2097152
2862 941 23 2097152
2865 845 22 2097152
2831 957 23 2097152
2782 784 17 2097152
2857 909 23 2097152
2878 771 23 2097152
2871 919 23 2097152
2873 802 23 2097152
2846 922 23 2097152
2860 816 23 2097152
2848 966 23 2097152
2935 412 34 2097152
2839 429 23 2097152
2849 442 17 2097152
2848 456 23 2097152
2886 438 24 2097152
2840 439 23 2097152
2848 406 22 2097152
2840 446 18 2097152
2884 432 17 2097152
2822 426 21 2097152
2843 421 16 2097152
2908 437 23 2097152
2856 436 16 2097152
2813 446 16 2097152
2844 445 20 2097152
2833 428 17 2097152
3067 437 21 2097152
2766 464 16 2097152
2857 420 16 2097152
2842 453 16 2097152
2829 437 16 2097152
2850 448 18 2097152
2846 431 15 2097152
2788 463 16 2097152
2844 417 17 2097152
2876 401 15 2097152
2851 421 16 2097152
2848 442 16 2097152
2832 427 16 2097152
2821 452 16 2097152
2826 434 16 2097152
2812 435 15 2097152
3982 478 27 2097152
3518 463 25 2097152
2912 430 17 2097152
2940 450 20 2097152
3439 521 27 2097152
3839 613 24 2097152
3931 622 23 2097152
3952 641 22 2097152
3890 609 21 2097152
3825 639 22 2097152
4037 633 21 2097152
3879 612 22 2097152
3907 640 21 2097152
3923 634 22 2097152
3957 612 22 2097152
3757 620 22 2097152
3899 583 22 2097152
3864 635 21 2097152
3987 639 22 2097152
3791 619 21 2097152
3874 581 21 2097152
3943 634 28 2097152
3814 624 21 2097152
3787 606 21 2097152
4083 620 21 2097152
3816 597 23 2097152
3773 599 27 2097152
3882 599 21 2097152
3840 590 20 2097152
3787 606 21 2097152
3423 551 21 2097152
3033 429 22 2097152
2920 812 34 2097152
2799 918 19 2097152
2853 762 24 2097152
2833 945 23 2097152
2854 788 24 2097152
2829 930 19 2097152
4847 432 32 2097152
2833 427 16 2097152
2864 432 23 2097152
2814 428 24 2097152
2847 422 23 2097152
2857 434 23 2097152
2852 420 23 2097152
2859 417 24 2097152
2875 382 17 2097152
2816 428 16 2097152
2914 405 16 2097152
2758 429 17 2097152
2831 414 16 2097152
2862 393 22 2097152
2828 415 23 2097152
2809 424 18 2097152
2820 405 18 2097152
2776 446 16 2097152
2838 420 17 2097152
2823 434 16 2097152
2817 415 16 2097152
2855 398 16 2097152
2829 393 16 2097152
51414 429 16 2097152
2857 397 17 2097152
2811 429 16 2097152
2948 835 26 2097152
2798 944 18 2097152
2830 776 17 2097152
2843 911 23 2097152
2882 790 23 2097152
2830 937 24 2097152
2833 801 22 2097152
2826 923 23 2097152
2897 781 23 2097152
2805 934 18 2097152
2835 770 17 2097152
2844 928 23 2097152
2843 782 17 2097152
2856 939 23 2097152
2845 782 19 2097152
2830 958 24 2097152
2957 757 18 2097152
2734 951 17 2097152
2852 808 24 2097152
2849 945 23 2097152
2843 813 23 2097152
2854 972 20 2097152
2866 788 23 2097152
2837 941 18 2097152
2853 767 23 2097152
2810 974 23 2097152
2825 808 24 2097152
2851 935 18 2097152
2851 785 23 2097152
2876 927 24 2097152
2847 767 24 2097152
2909 902 23 2097152
2958 428 34 2097152
2833 456 24 2097152
2883 423 20 2097152
2832 467 23 2097152
2878 441 23 2097152
2844 442 23 2097152
2861 424 23 2097152
2838 478 23 2097152
2894 437 22 2097152
2825 440 23 2097152
2818 429 18 2097152
2858 560 19 2097152
2835 428 40 2097152
2793 445 18 2097152
2846 439 23 2097152
2829 444 18 2097152
2906 432 17 2097152
2791 444 23 2097152
2882 406 23 2097152
2878 438 22 2097152
2824 412 18 2097152
2863 437 22 2097152
2818 436 18 2097152
2852 434 17 2097152
2829 435 17 2097152
2814 465 17 2097152
2831 420 17 2097152
2854 432 16 2097152
2872 411 16 2097152
2861 426 16 2097152
2819 437 17 2097152
2813 437 16 2097152
2894 428 30 2097152
2864 462 24 2097152
2871 396 18 2097152
2841 444 23 2097152
2828 425 16 2097152
2822 445 17 2097152
51434 420 16 2097152
2859 436 23 2097152
2891 440 23 2097152
2805 434 16 2097152
2827 438 17 2097152
2811 443 15 2097152
2840 440 16 2097152
2833 433 15 2097152
2866 411 16 2097152
2816 470 23 2097152
2973 404 22 2097152
2786 418 18 2097152
2850 434 23 2097152
2865 430 22 2097152
2859 431 23 2097152
2878 429 17 2097152
2864 416 23 2097152
2858 437 23 2097152
2832 436 18 2097152
2841 411 16 2097152
2882 416 17 2097152
2857 426 16 2097152
2834 435 19 2097152
2869 417 19 2097152
2821 441 16 2097152
2780 419 16 2097152
2962 795 26 2097152
2836 913 22 2097152
2872 757 23 2097152
2848 927 17 2097152
2834 799 15 2097152
2865 936 17 2097152
2855 785 17 2097152
2814 932 17 2097152
2917 801 17 2097152
2831 917 17 2097152
2821 792 17 2097152
2849 960 16 2097152
2888 781 15 2097152
2857 927 23 2097152
2876 804 23 2097152
2835 936 22 2097152
2955 775 23 2097152
2753 945 22 2097152
2849 777 23 2097152
2848 918 18 2097152
2845 801 16 2097152
2823 936 16 2097152
3376 500 28 2097152
3578 1012 23 2097152
3886 801 23 2097152
3538 883 18 2097152
5452 683 25 2097152
3438 995 23 2097152
3954 721 23 2097152
3339 1040 19 2097152
2856 705 17 2097152
2869 802 17 2097152
2942 792 34 2097152
2841 906 24 2097152
2846 790 24 2097152
3702 666 28 2097152
3696 1035 21 2097152
3495 1043 24 2097152
3625 911 19 2097152
3691 850 18 2097152
3846 796 24 2097152
3524 1085 19 2097152
3607 890 24 2097152
3663 1005 20 2097152
3837 803 19 2097152
3471 989 18 2097152
3592 755 18 2097152
3599 1061 18 2097152
3738 905 18 2097152
3510 887 17 2097152
3489 985 18 2097152
3640 1086 18 2097152
3578 813 17 2097152
3560 1044 19 2097152
4784 1132 20 2097152
3432 1232 18 2097152
3625 1174 17 2097152
3507 925 18 2097152
3492 989 18 2097152
3476 1051 21 2097152
3465 1082 19 2097152
3390 910 17 2097152
2828 693 16 2097152
2949 811 19 2097152
2993 792 32 2097152
2846 948 19 2097152
2885 809 17 2097152
2888 912 23 2097152
2870 799 24 2097152
2847 930 23 2097152
2855 799 23 2097152
2876 898 23 2097152
2961 781 23 2097152
2837 950 23 2097152
2842 791 29 2097152
2847 936 17 2097152
2856 786 16 2097152
2808 948 17 2097152
2849 791 15 2097152
2863 906 16 2097152
2918 783 16 2097152
2777 932 16 2097152
2829 796 16 2097152
2833 926 16 2097152
2849 769 16 2097152
2785 954 17 2097152
2868 800 16 2097152
2846 934 16 2097152
2881 778 16 2097152
2812 937 16 2097152
2850 785 15 2097152
2845 941 16 2097152
2848 779 15 2097152
2865 937 16 2097152
2872 778 16 2097152
2897 898 16 2097152
4024 840 21 2097152
3061 958 20 2097152
2836 789 16 2097152
2853 900 15 2097152
2874 779 16 2097152
2853 920 16 2097152
2849 802 16 2097152
2809 939 16 2097152
2885 800 16 2097152
2803 941 16 2097152
2828 799 16 2097152
2851 911 16 2097152
2820 791 15 2097152
2809 914 23 2097152
2977 790 24 2097152
2826 930 22 2097152
2921 793 22 2097152
2790 920 22 2097152
2846 793 22 2097152
2864 905 18 2097152
2890 819 25 2097152
2853 913 18 2097152
2827 789 17 2097152
2823 935 23 2097152
2874 777 23 2097152
2855 920 22 2097152
2854 823 22 2097152
2808 957 23 2097152
2851 781 22 2097152
2840 941 23 2097152
2879 793 23 2097152
2861 901 18 2097152
2906 410 38 2097152
2867 442 23 2097152
2868 419 17 2097152
2808 460 16 2097152
2874 419 23 2097152
2825 451 17 2097152
2897 434 22 2097152
2835 453 23 2097152
2912 416 18 2097152
2797 442 17 2097152
2860 418 18 2097152
2844 430 22 2097152
2864 405 18 2097152
3000 450 34 2097152
2857 671 22 2097152
2866 764 23 2097152
2946 714 23 2097152
2825 770 32 2097152
2882 672 23 2097152
2854 766 23 2097152
2869 675 23 2097152
2825 774 23 2097152
2846 682 18 2097152
2822 774 17 2097152
2853 687 17 2097152
2824 758 17 2097152
2839 677 16 2097152
2815 783 16 2097152
2847 698 17 2097152
2874 776 16 2097152
2873 689 24 2097152
2791 796 17 2097152
2871 799 27 2097152
2900 899 19 2097152
2863 812 17 2097152
2824 941 17 2097152
2855 827 23 2097152
2871 910 23 2097152
2853 794 23 2097152
2836 949 23 2097152
2939 790 24 2097152
2829 955 23 2097152
2953 794 23 2097152
2972 920 26 2097152
2952 837 23 2097152
2872 926 24 2097152
2865 792 23 2097152
2924 949 23 2097152
3010 819 24 2097152
2826 907 23 2097152
2858 809 24 2097152
2894 960 19 2097152
2996 865 25 2097152
2900 964 23 2097152
2855 805 23 2097152
2837 943 23 2097152
2907 801 23 2097152
2907 962 23 2097152
2849 802 16 2097152
2884 913 23 2097152
2885 789 23 2097152
2860 917 23 2097152
2826 768 23 2097152
2855 946 23 2097152
2902 425 34 2097152
2947 441 18 2097152
2877 425 17 2097152
2921 425 23 2097152
2898 440 23 2097152
2873 457 23 2097152
2876 435 17 2097152
2848 462 23 2097152
2900 469 24 2097152
2884 438 23 2097152
2886 400 22 2097152
2899 401 23 2097152
2882 413 23 2097152
2939 439 22 2097152
2870 421 19 2097152
2850 410 23 2097152
3019 387 23 2097152
2819 477 24 2097152
2883 431 16 2097152
2863 426 22 2097152
2879 431 22 2097152
2860 438 17 2097152
3013 440 25 2097152
2899 442 23 2097152
2882 416 23 2097152
2901 432 23 2097152
2943 401 23 2097152
2869 438 17 2097152
2875 413 23 2097152
2897 419 24 2097152
2866 430 23 2097152
2844 441 23 2097152
2923 422 31 2097152
2890 439 23 2097152
2912 424 18 2097152
2856 