4057 1058 410 4194304
5762 944 32 4194304
5717 1016 23 4194304
54315 971 32 4194304
5982 990 27 4194304
5824 1474 24 4194304
5727 968 27 4194304
5698 953 23 4194304
5778 965 23 4194304
5591 907 24 4194304
5717 935 27 4194304
5651 943 25 4194304
5681 1000 24 4194304
5812 965 26 4194304
5876 969 26 4194304
5890 894 18 4194304
5935 1429 47 4194304
5762 917 32 4194304
5763 920 32 4194304
5789 884 27 4194304
5801 973 23 4194304
5710 988 24 4194304
5791 974 24 4194304
5773 966 22 4194304
5818 972 22 4194304
5661 933 23 4194304
5773 968 23 4194304
5714 1002 25 4194304
5771 959 23 4194304
5722 966 26 4194304
5750 1000 26 4194304
5756 899 18 4194304
6061 1591 51 4194304
5857 932 31 4194304
5864 1000 36 4194304
5733 938 31 4194304
5857 938 31 4194304
5803 916 33 4194304
5756 1010 29 4194304
5774 952 32 4194304
5825 1031 30 4194304
5694 947 28 4194304
5744 989 29 4194304
5769 949 31 4194304
5761 1007 27 4194304
5721 1017 27 4194304
5770 1019 31 4194304
5800 922 23 4194304
5990 2053 41 4194304
5835 1330 25 4194304
5802 1385 20 4194304
5786 1644 23 4194304
5821 1367 19 4194304
5749 1536 19 4194304
5754 1364 19 4194304
5730 1561 24 4194304
5877 1449 25 4194304
5686 1546 24 4194304
5740 1374 20 4194304
5773 1504 19 4194304
5883 1501 22 4194304
5763 1632 19 4194304
5751 1356 18 4194304
6495 968 48 4194304
5926 2431 41 4194304
5834 1116 29 4194304
5754 1045 26 4194304
5721 1058 27 4194304
5738 1008 28 4194304
5717 1045 28 4194304
5721 1023 27 4194304
5733 1086 28 4194304
5799 982 30 4194304
5646 1075 23 4194304
5714 1031 24 4194304
5768 1035 20 4194304
5672 959 17 4194304
5691 1487 17 4194304
5671 1457 19 4194304
5840 1523 29 4194304
5940 2106 37 4194304
5741 1584 19 4194304
5772 1369 19 4194304
5739 1526 18 4194304
5816 1384 19 4194304
5801 1593 21 4194304
5742 1363 18 4194304
5770 1532 18 4194304
5853 1369 17 4194304
5655 1514 18 4194304
5779 1391 18 4194304
5834 1591 18 4194304
5777 1395 18 4194304
5726 1530 18 4194304
5706 1495 17 4194304
5803 1692 20 4194304
5781 1954 32 4194304
5723 1377 17 4194304
5746 1341 18 4194304
5676 1597 17 4194304
5750 1382 18 4194304
5790 1614 21 4194304
5795 1407 22 4194304
5737 1707 24 4194304
5879 1403 23 4194304
5660 1580 18 4194304
5756 1453 22 4194304
5737 1634 18 4194304
5740 1518 17 4194304
5766 1728 23 4194304
5696 1372 18 4194304
5755 1717 24 4194304
5891 2047 31 4194304
5717 1487 24 4194304
5720 1449 22 4194304
5719 1690 17 4194304
5734 1403 18 4194304
5657 1546 17 4194304
5728 1431 22 4194304
5839 1589 21 4194304
5820 1375 17 4194304
5757 1528 18 4194304
5697 1398 17 4194304
5765 1502 16 4194304
5753 1373 18 4194304
5750 1562 18 4194304
5728 1392 17 4194304
5725 1570 19 4194304
5801 1778 35 4194304
5754 1565 19 4194304
5787 1429 19 4194304
5659 1647 25 4194304
5770 1390 24 4194304
5686 1520 24 4194304
5743 1382 23 4194304
5719 1664 17 4194304
5805 1413 43 4194304
5675 1540 23 4194304
5719 1361 23 4194304
5747 1493 23 4194304
5693 1351 23 4194304
5757 1614 24 4194304
5657 1435 19 4194304
5725 1540 23 4194304
5889 2483 31 4194304
5762 1552 19 4194304
5701 1442 18 4194304
5692 1559 18 4194304
5749 1422 24 4194304
5650 1657 17 4194304
5754 1529 17 4194304
5705 1599 17 4194304
5858 1393 24 4194304
5704 1640 24 4194304
5841 1431 24 4194304
5729 1680 23 4194304
5767 1514 23 4194304
5765 1616 24 4194304
5743 1430 23 4194304
5801 1664 23 4194304
5945 2080 38 4194304
5762 1248 20 4194304
5888 1397 21 4194304
5719 1486 23 4194304
5786 1420 23 4194304
5762 1478 23 4194304
5744 1380 22 4194304
5746 1500 23 4194304
5798 1366 23 4194304
5623 1549 18 4194304
5703 1378 17 4194304
5725 1515 17 4194304
5724 1390 23 4194304
5710 1577 22 4194304
5735 1375 23 4194304
5759 1768 24 4194304
5858 1836 37 4194304
5761 1499 23 4194304
5769 1413 24 4194304
5748 1578 26 4194304
5782 1455 24 4194304
5696 1557 23 4194304
5693 1570 23 4194304
8789 1651 28 4194304
54348 1371 24 4194304
5631 1567 23 4194304
5717 1423 23 4194304
5733 1506 23 4194304
5671 1355 23 4194304
5741 1544 23 4194304
5714 1343 22 4194304
5725 1457 23 4194304
5794 1802 59 4194304
5666 988 22 4194304
5678 962 31 4194304
5616 1020 28 4194304
5736 978 33 4194304
5666 978 29 4194304
5652 1004 25 4194304
5687 955 29 4194304
5754 982 29 4194304
5583 997 24 4194304
5676 972 28 4194304
5644 1002 31 4194304
5632 963 26 4194304
5668 976 24 4194304
5651 982 26 4194304
5772 1297 30 4194304
5786 1406 48 4194304
5757 913 27 4194304
5802 922 28 4194304
5633 920 24 4194304
5732 930 24 4194304
5715 928 30 4194304
5675 911 24 4194304
5664 930 30 4194304
5806 926 31 4194304
5716 1013 30 4194304
5700 980 31 4194304
5698 958 29 4194304
5655 970 29 4194304
5671 960 29 4194304
5709 949 31 4194304
5673 896 24 4194304
5733 1861 38 4194304
5650 1167 24 4194304
5726 1005 25 4194304
5647 1125 25 4194304
5759 994 25 4194304
5612 1057 24 4194304
5697 998 26 4194304
5687 1050 20 4194304
5777 983 21 4194304
5565 1070 20 4194304
5662 957 19 4194304
5709 1065 21 4194304
5712 995 22 4194304
5727 1066 23 4194304
5689 992 22 4194304
5722 957 19 4194304
5701 1739 32 4194304
5733 1610 25 4194304
5706 1426 23 4194304
5766 1590 24 4194304
5731 1383 23 4194304
5682 1526 23 4194304
5679 1397 23 4194304
5739 1512 21 4194304
5772 1369 18 4194304
5669 1505 19 4194304
5752 1478 24 4194304
5660 1517 23 4194304
5671 1416 23 4194304
5712 1514 18 4194304
5682 1389 18 4194304
5797 1555 25 4194304
5763 1364 53 4194304
5677 888 30 4194304
5680 980 28 4194304
5620 933 29 4194304
5708 945 28 4194304
5561 965 30 4194304
5649 971 28 4194304
5672 908 22 4194304
5793 914 28 4194304
5574 906 26 4194304
5621 966 28 4194304
5609 945 24 4194304
5639 951 23 4194304
5658 956 23 4194304
5662 966 24 4194304
5640 885 18 4194304
5753 1300 42 4194304
5685 942 28 4194304
5729 996 28 4194304
5630 925 28 4194304
5708 966 22 4194304
5615 936 27 4194304
54243 922 25 4194304
5649 890 22 4194304
5790 929 23 4194304
5549 916 22 4194304
5634 955 25 4194304
5642 937 28 4194304
5671 955 32 4194304
5675 892 22 4194304
5699 945 27 4194304
5622 883 18 4194304
5757 1594 50 4194304
5736 911 22 4194304
5743 985 27 4194304
5680 933 29 4194304
5737 986 23 4194304
5612 961 27 4194304
5703 990 29 4194304
5624 948 29 4194304
5797 916 23 4194304
5655 931 26 4194304
5637 997 29 4194304
5637 956 28 4194304
5684 937 26 4194304
5683 959 23 4194304
5664 964 25 4194304
5680 883 24 4194304
5784 2101 49 4194304
5667 916 26 4194304
5679 1017 31 4194304
5719 928 22 4194304
5756 1019 23 4194304
5670 972 22 4194304
5625 964 23 4194304
5626 925 21 4194304
5774 943 23 4194304
5535 933 22 4194304
5656 965 25 4194304
5616 902 21 4194304
5670 954 33 4194304
5630 936 22 4194304
5721 960 27 4194304
5688 881 16 4194304
5822 1303 54 4194304
5687 942 24 4194304
5681 980 35 4194304
5686 963 32 4194304
5713 950 24 4194304
5649 924 29 4194304
5657 967 22 4194304
5649 921 22 4194304
5747 956 23 4194304
5601 906 23 4194304
5657 951 22 4194304
5707 932 24 4194304
5678 940 23 4194304
5641 956 24 4194304
5636 949 25 4194304
5717 877 17 4194304
5824 1523 47 4194304
5681 824 27 4194304
5715 932 27 4194304
5649 872 25 4194304
5816 923 28 4194304
5671 870 26 4194304
5788 877 28 4194304
5949 892 37 4194304
5732 885 28 4194304
5641 857 27 4194304
5656 907 28 4194304
5681 868 27 4194304
5662 855 27 4194304
5690 855 27 4194304
5647 860 24 4194304
5688 821 26 4194304
5894 1385 44 4194304
5674 899 22 4194304
5638 944 23 4194304
5688 909 28 4194304
5750 932 30 4194304
5635 940 24 4194304
5701 947 25 4194304
5763 940 28 4194304
5762 968 28 4194304
5600 958 29 4194304
5613 1009 30 4194304
5721 998 32 4194304
5690 985 34 4194304
5714 1021 31 4194304
5721 963 28 4194304
5697 886 19 4194304
5749 1471 45 4194304
5719 873 30 4194304
5652 913 19 4194304
5661 858 30 4194304
5755 946 23 4194304
5669 903 23 4194304
5666 928 24 4194304
5662 928 22 4194304
5789 926 32 4194304
5569 922 23 4194304
5626 961 24 4194304
5664 921 25 4194304
5640 941 23 4194304
5660 929 24 4194304
5652 966 24 4194304
5636 842 17 4194304
5787 1300 49 4194304
5716 954 31 4194304
5646 971 22 4194304
5666 971 28 4194304
5714 984 23 4194304
5615 956 24 4194304
5648 977 23 4194304
5629 958 23 4194304
5737 960 23 4194304
5601 931 23 4194304
5639 969 24 4194304
5781 951 27 4194304
5646 957 27 4194304
5669 927 22 4194304
5761 990 35 4194304
5739 884 21 4194304
5794 1216 41 4194304
5699 898 21 4194304
5709 919 20 4194304
5658 907 20 4194304
5739 982 28 4194304
5617 906 25 4194304
5652 965 23 4194304
5661 958 21 4194304
5784 947 27 4194304
5605 917 22 4194304
5636 957 28 4194304
5655 888 21 4194304
5669 966 28 4194304
5662 936 28 4194304
5622 962 23 4194304
5747 853 24 4194304
5813 1302 52 4194304
5625 902 28 4194304
5680 895 26 4194304
5642 912 28 4194304
5684 921 29 4194304
5592 920 24 4194304
5631 935 20 4194304
5618 932 20 4194304
5799 934 22 4194304
5601 950 25 4194304
5610 998 29 4194304
5708 937 24 4194304
5643 947 23 4194304
5652 947 24 4194304
5615 981 26 4194304
5653 873 16 4194304
5735 1221 61 4194304
5660 879 27 4194304
5669 925 29 4194304
5689 880 27 4194304
5782 935 29 4194304
5627 897 20 4194304
5840 970 28 4194304
5717 942 23 4194304
5716 959 22 4194304
5582 929 23 4194304
5709 966 24 4194304
5633 927 25 4194304
5615 962 23 4194304
5665 908 25 4194304
5645 943 24 4194304
5668 860 17 4194304
5819 1360 50 4194304
5696 898 24 4194304
5674 974 26 4194304
5628 921 22 4194304
5749 968 24 4194304
5672 951 24 4194304
5654 951 22 4194304
5660 928 21 4194304
5817 934 24 4194304
5584 908 24 4194304
5637 957 22 4194304
5654 924 22 4194304
5655 945 22 4194304
5669 920 23 4194304
5650 970 27 4194304
5719 808 17 4194304
5747 1994 55 4194304
5679 933 31 4194304
5722 943 25 4194304
5702 928 32 4194304
5764 959 28 4194304
5650 936 21 4194304
5699 940 28 4194304
5725 894 25 4194304
5725 966 24 4194304
5732 984 34 4194304
5708 956 27 4194304
5649 937 23 4194304
5662 922 23 4194304
5676 957 28 4194304
5680 936 24 4194304
5662 867 22 4194304
5796 1348 41 4194304
5688 965 29 4194304
5687 957 33 4194304
54213 1032 29 4194304
5681 1014 29 4194304
5638 1013 31 4194304
5695 1026 31 4194304
5670 1004 28 4194304
5730 965 24 4194304
5583 989 26 4194304
5709 1033 24 4194304
5664 927 22 4194304
5676 945 22 4194304
5737 956 24 4194304
6133 1059 33 4194304
5624 873 18 4194304
5863 2013 31 4194304
5753 1562 19 4194304
5716 1423 18 4194304
5697 1541 18 4194304
5802 1433 18 4194304
5671 1571 17 4194304
5727 1508 17 4194304
5728 1541 17 4194304
5855 1468 17 4194304
5581 1619 18 4194304
5739 1454 16 4194304
5679 1562 17 4194304
5696 1442 16 4194304
5718 1613 17 4194304
5713 1440 16 4194304
5815 1572 18 4194304
5796 1871 38 4194304
5679 1565 18 4194304
5737 1353 17 4194304
5674 1583 23 4194304
5681 1468 23 4194304
5651 1588 23 4194304
5686 1357 18 4194304
5704 1613 23 4194304
5774 1378 18 4194304
5538 1548 17 4194304
5708 1381 17 4194304
5664 1564 18 4194304
5688 1369 16 4194304
5651 1539 16 4194304
5644 1375 16 4194304
5720 1524 18 4194304
5773 1439 46 4194304
5745 919 31 4194304
5635 1032 25 4194304
5671 972 28 4194304
5696 959 28 4194304
5725 976 31 4194304
5614 1008 27 4194304
5691 950 25 4194304
5771 985 29 4194304
5540 972 26 4194304
5870 1017 31 4194304
5861 1030 30 4194304
5781 1024 33 4194304
5677 967 25 4194304
5700 946 27 4194304
5610 895 18 4194304
5869 2043 37 4194304
5810 1578 19 4194304
5791 1420 18 4194304
5774 1586 18 4194304
5842 1408 19 4194304
5772 1545 24 4194304
5875 1399 19 4194304
5755 1575 18 4194304
5887 1391 18 4194304
5734 1525 18 4194304
5806 1402 19 4194304
5771 1555 18 4194304
5812 1393 17 4194304
5764 1505 17 4194304
5797 1387 18 4194304
5805 1549 18 4194304
5860 1787 37 4194304
5775 1607 35 4194304
5704 1421 18 4194304
5812 1617 24 4194304
5819 1506 25 4194304
5692 1535 24 4194304
5715 1436 23 4194304
5741 1614 18 4194304
5764 1372 19 4194304
5622 1544 17 4194304
5645 1430 17 4194304
5680 1581 18 4194304
5719 1441 17 4194304
5732 1573 18 4194304
5763 1375 19 4194304
5786 1566 23 4194304
5778 1368 52 4194304
5643 912 23 4194304
5655 989 24 4194304
5629 952 23 4194304
5722 942 28 4194304
5638 937 28 4194304
5755 931 26 4194304
5627 907 23 4194304
5704 1024 24 4194304
5574 977 23 4194304
5652 935 21 4194304
5661 918 24 4194304
5703 923 26 4194304
5642 898 24 4194304
5678 966 24 4194304
5718 865 17 4194304
5770 1373 51 4194304
5690 945 23 4194304
5716 1033 31 4194304
5707 945 29 4194304
5757 976 24 4194304
5685 915 28 4194304
5717 976 29 4194304
5697 910 22 4194304
5773 947 26 4194304
5679 942 31 4194304
5734 944 30 4194304
5678 964 30 4194304
5777 972 24 4194304
5656 967 25 4194304
5636 996 26 4194304
5730 868 22 4194304
5824 1580 46 4194304
5679 944 25 4194304
5663 1002 24 4194304
5793 1437 30 4194304
54319 1407 24 4194304
5690 1552 23 4194304
5660 1420 23 4194304
5732 1578 24 4194304
5726 1452 24 4194304
5638 1569 18 4194304
5677 1434 18 4194304
5650 1571 17 4194304
5710 1431 17 4194304
5704 1525 23 4194304
5717 1458 18 4194304
5719 1786 25 4194304
5767 2009 47 4194304
5701 984 31 4194304
5699 961 24 4194304
5670 872 27 4194304
5661 943 24 4194304
5647 918 23 4194304
5672 986 34 4194304
5675 940 30 4194304
5845 949 26 4194304
5656 953 22 4194304
5704 949 20 4194304
5773 971 28 4194304
5688 941 25 4194304
5639 933 24 4194304
5706 953 25 4194304
5647 895 17 4194304
5753 853 42 4194304
5699 824 25 4194304
5728 917 26 4194304
5671 876 21 4194304
5755 886 20 4194304
5662 860 21 4194304
5723 942 27 4194304
5687 906 21 4194304
5761 959 25 4194304
5589 967 28 4194304
5719 964 24 4194304
5701 933 25 4194304
5698 966 30 4194304
5714 959 23 4194304
5724 975 23 4194304
5688 871 18 4194304
5815 1375 28 4194304
5674 1661 23 4194304
5812 1383 24 4194304
5661 1562 24 4194304
5713 1369 19 4194304
5768 1526 26 4194304
5683 1362 18 4194304
5632 1531 17 4194304
5769 1358 19 4194304
5547 1488 17 4194304
5724 1352 18 4194304
5636 1500 17 4194304
5677 1390 20 4194304
5728 1481 17 4194304
5757 1324 17 4194304
5769 1430 19 4194304
5727 892 48 4194304
5678 879 26 4194304
5742 964 28 4194304
5640 946 23 4194304
5732 946 29 4194304
5698 915 30 4194304
5853 973 29 4194304
5686 932 24 4194304
5780 953 23 4194304
5733 931 29 4194304
5710 943 24 4194304
5702 939 23 4194304
5637 949 22 4194304
5633 936 25 4194304
5683 954 26 4194304
5651 852 18 4194304
5734 841 45 4194304
5702 888 26 4194304
5659 1006 28 4194304
5662 927 27 4194304
5685 970 22 4194304
5647 913 22 4194304
5677 959 21 4194304
5682 931 23 4194304
5775 980 22 4194304
5581 924 22 4194304
5745 986 22 4194304
5688 1001 23 4194304
5691 1003 25 4194304
5682 947 23 4194304
5659 1010 26 4194304
5670 848 18 4194304
5694 824 44 4194304
5682 878 27 4194304
5675 965 28 4194304
5644 930 29 4194304
5726 980 29 4194304
5651 923 23 4194304
5679 965 27 4194304
5640 916 23 4194304
5717 942 28 4194304
5621 912 22 4194304
5659 958 28 4194304
5717 963 28 4194304
5782 996 33 4194304
5631 942 25 4194304
5641 938 24 4194304
5614 907 18 4194304
5844 928 47 4194304
5664 956 25 4194304
5724 994 22 4194304
5681 963 29 4194304
5786 1024 22 4194304
5719 942 27 4194304
5705 983 22 4194304
5656 973 22 4194304
5799 967 25 4194304
5588 972 22 4194304
5679 988 22 4194304
5654 956 21 4194304
5749 986 24 4194304
5682 954 22 4194304
5647 984 25 4194304
5857 916 22 4194304
5745 845 35 4194304
5786 919 30 4194304
5753 932 29 4194304
5685 845 25 4194304
5718 916 27 4194304
5642 890 25 4194304
5710 865 26 4194304
5644 859 26 4194304
5818 872 25 4194304
5348 1000 38 4194304
5677 1005 28 4194304
5723 1023 34 4194304
5812 1025 35 4194304
5685 1040 37 4194304
5708 1070 36 4194304
5652 890 17 4194304
5712 1378 25 4194304
5633 1536 23 4194304
5743 1350 23 4194304
5645 1526 22 4194304
5801 1439 23 4194304
5651 1522 23 4194304
5627 1388 18 4194304
5686 1529 18 4194304
5796 1359 16 4194304
5630 1535 16 4194304
5718 1382 17 4194304
5724 1573 16 4194304
5674 1395 17 4194304
5717 1549 16 4194304
5733 1374 16 4194304
5748 1543 17 4194304
5691 1359 29 4194304
5669 1568 23 4194304
5666 1364 18 4194304
5675 1539 17 4194304
5759 1370 23 4194304
5657 1540 24 4194304
5630 1392 23 4194304
5589 1568 18 4194304
5739 1420 19 4194304
5649 1663 18 4194304
5713 1385 18 4194304
5687 1681 17 4194304
5692 1517 17 4194304
5702 1643 16 4194304
5668 1406 15 4194304
5696 1671 17 4194304
5835 1329 24 4194304
5868 1510 24 4194304
5842 1363 26 4194304
5747 1551 22 4194304
5990 1412 24 4194304
5732 1552 23 4194304
5764 1399 23 4194304
5725 1550 24 4194304
5836 1343 23 4194304
5697 1491 24 4194304
5768 1418 23 4194304
5772 1598 24 4194304
5770 1387 23 4194304
5761 1590 24 4194304
5780 1346 23 4194304
5783 1544 24 4194304
5725 848 50 4194304
5723 1494 36 4194304
5688 960 30 4194304
5671 913 24 4194304
5689 988 25 4194304
5626 957 23 4194304
5682 960 22 4194304
5654 924 23 4194304
5773 946 22 4194304
5591 908 22 4194304
5659 940 22 4194304
5665 920 23 4194304
5680 937 22 4194304
5656 951 22 4194304
5681 932 25 4194304
5667 874 16 4194304
5829 1348 30 4194304
5757 1513 24 4194304
5815 1324 24 4194304
5748 1523 18 4194304
5850 1356 18 4194304
5752 1439 24 4194304
5777 1386 20 4194304
5815 1534 23 4194304
5883 1358 19 4194304
5617 1605 17 4194304
5711 1431 18 4194304
5664 1539 17 4194304
5705 1332 17 4194304
5844 1602 24 4194304
5854 1331 20 4194304
5740 1510 18 4194304
7470 956 54 4194304
5705 1020 31 4194304
5667 968 25 4194304
5666 956 21 4194304
5742 930 23 4194304
5652 917 29 4194304
5648 938 23 4194304
5657 924 22 4194304
5791 939 28 4194304
5643 950 27 4194304
5680 924 25 4194304
5605 930 23 4194304
5646 948 23 4194304
5664 922 23 4194304
5635 921 24 4194304
5686 868 17 4194304
5771 855 48 4194304
5628 968 24 4194304
5645 985 24 4194304
5709 971 24 4194304
5761 1007 24 4194304
5710 961 28 4194304
5694 955 23 4194304
5713 911 27 4194304
5743 944 24 4194304
5555 973 24 4194304
5660 948 23 4194304
5657 930 23 4194304
5629 967 21 4194304
5685 954 31 4194304
5780 988 30 4194304
5682 889 17 4194304
5413 1357 25 4194304
5696 1606 24 4194304
5725 1360 23 4194304
5645 1595 23 4194304
5755 1361 23 4194304
7154 1516 28 4194304
5640 1406 24 4194304
5651 1588 22 4194304
5831 1406 23 4194304
5649 1539 24 4194304
5726 1453 23 4194304
5754 1745 24 4194304
5678 1463 23 4194304
5726 1532 24 4194304
5736 1377 23 4194304
5696 1649 24 4194304
5714 859 41 4194304
5663 888 26 4194304
5713 954 28 4194304
5689 913 28 4194304
5759 961 27 4194304
5619 926 20 4194304
5669 963 20 4194304
5648 980 23 4194304
5694 964 24 4194304
5691 1000 27 4194304
5683 1013 27 4194304
5785 975 27 4194304
5657 1002 25 4194304
5677 944 24 4194304
5636 979 25 4194304
5687 901 17 4194304
5703 861 42 4194304
5707 927 29 4194304
5719 995 25 4194304
5650 958 22 4194304
5720 1037 31 4194304
5590 937 23 4194304
5657 978 28 4194304
5684 922 27 4194304
5768 948 29 4194304
5577 938 21 4194304
5639 942 23 4194304
5672 932 23 4194304
5697 955 24 4194304
5717 941 29 4194304
5607 995 28 4194304
7367 832 27 4194304
5864 1340 26 4194304
5846 1515 19 4194304
5776 1358 24 4194304
5682 1501 19 4194304
5778 1358 24 4194304
5783 1551 24 4194304
5687 1370 20 4194304
5643 1634 22 4194304
5706 1469 23 4194304
5581 1532 24 4194304
5704 1356 18 4194304
5625 1518 17 4194304
5708 1344 23 4194304
5753 1669 24 4194304
5689 1382 18 4194304
5739 1591 25 4194304
5843 921 48 4194304
5734 929 34 4194304
5623 985 32 4194304
5717 885 27 4194304
5761 856 26 4194304
5706 885 25 4194304
5704 870 26 4194304
5669 869 25 4194304
5756 917 27 4194304
5646 878 26 4194304
5811 856 24 4194304
5702 891 25 4194304
5665 914 25 4194304
5728 851 24 4194304
5719 862 24 4194304
5639 851 23 4194304
5900 1355 32 4194304
5819 1519 24 4194304
5853 1348 24 4194304
5810 1792 23 4194304
5848 1530 25 4194304
5704 1580 24 4194304
8084 1953 27 4194304
5740 1687 24 4194304
5817 1430 24 4194304
5695 1551 23 4194304
5794 1431 23 4194304
5838 1637 24 4194304
5755 1351 24 4194304
5675 1546 23 4194304
5749 1359 23 4194304
5715 1633 24 4194304
5766 1355 31 4194304
5735 1535 23 4194304
5819 1433 26 4194304
5665 1713 23 4194304
5827 1388 23 4194304
5634 1535 18 4194304
5682 1355 16 4194304
5671 1518 17 4194304
5787 1354 16 4194304
5612 1574 23 4194304
5725 1382 23 4194304
5680 1579 23 4194304
5704 1362 18 4194304
5727 1529 17 4194304
5727 1394 17 4194304
5775 1679 24 4194304
5700 902 49 4194304
5678 878 27 4194304
5675 936 29 4194304
5642 917 24 4194304
5756 974 29 4194304
5619 968 25 4194304
5684 986 25 4194304
5735 948 22 4194304
5786 984 26 4194304
5643 928 22 4194304
5743 980 26 4194304
5689 961 24 4194304
5634 991 26 4194304
5655 992 26 4194304
5651 984 27 4194304
5703 846 18 4194304
5846 1426 24 4194304
5731 1608 23 4194304
5735 1474 24 4194304
5715 1623 26 4194304
5721 1418 23 4194304
5693 1540 23 4194304
5701 1370 23 4194304
5897 1576 26 4194304
5825 1418 23 4194304
5629 1540 25 4194304
5696 1447 23 4194304
5708 1549 23 4194304
5702 1429 23 4194304
5737 1613 23 4194304
6643 1408 28 4194304
5746 1536 24 4194304
5769 911 45 4194304
5652 946 29 4194304
5730 1020 30 4194304
5638 1006 31 4194304
5730 1007 42 4194304
5610 988 27 4194304
5731 934 24 4194304
5711 967 23 4194304
5801 942 22 4194304
5582 918 22 4194304
5718 951 30 4194304
5714 929 26 4194304
5731 942 20 4194304
5742 922 22 4194304
5847 955 29 4194304
5712 886 17 4194304
5748 839 43 4194304
5768 871 26 4194304
5632 956 26 4194304
5681 841 24 4194304
5697 948 28 4194304
5560 861 24 4194304
5739 828 23 4194304
5696 837 25 4194304
5775 911 28 4194304
5546 860 24 4194304
5712 866 24 4194304
5720 861 27 4194304
5753 845 22 4194304
5780 854 27 4194304
5725 899 27 4194304
5767 883 26 4194304
5781 843 34 4194304
5713 893 29 4194304
5706 965 27 4194304
5662 890 20 4194304
5729 968 21 4194304
5696 954 23 4194304
5731 1172 26 4194304
5715 922 22 4194304
5731 967 22 4194304
5589 959 21 4194304
5728 954 23 4194304
5736 933 23 4194304
5700 982 22 4194304
5703 957 22 4194304
5671 940 25 4194304
5721 845 18 4194304
5696 841 45 4194304
5690 869 24 4194304
5702 933 25 4194304
5604 910 21 4194304
5758 935 23 4194304
5606 922 26 4194304
5694 923 20 4194304
5642 945 21 4194304
5736 952 21 4194304
5502 937 23 4194304
5678 966 24 4194304
5633 959 22 4194304
5643 981 24 4194304
5637 933 23 4194304
5625 973 24 4194304
5555 863 17 4194304
5766 849 45 4194304
5651 900 21 4194304
5851 985 32 4194304
5625 932 21 4194304
5709 943 19 4194304
5646 867 29 4194304
5613 886 25 4194304
5696 831 25 4194304
5737 873 24 4194304
5609 866 23 4194304
5683 876 24 4194304
5686 887 26 4194304
10963 967 36 4194304
5671 842 25 4194304
5736 961 30 4194304
5617 885 17 4194304
5822 1460 30 4194304
5819 1508 29 4194304
5760 993 24 4194304
5630 979 18 4194304
5670 1423 18 4194304
5551 1550 17 4194304
5687 1472 23 4194304
5675 1568 16 4194304
5753 1446 23 4194304
5574 1540 18 4194304
5701 1411 17 4194304
5656 1601 17 4194304
5777 1396 17 4194304
5755 1527 16 4194304
5753 1470 17 4194304
5743 1736 24 4194304
5798 1337 30 4194304
5756 1596 24 4194304
5744 1395 23 4194304
5712 1599 23 4194304
5754 1359 24 4194304
5669 1496 18 4194304
5807 1331 18 4194304
5708 1508 23 4194304
5787 1379 18 4194304
5609 1515 18 4194304
5720 1380 24 4194304
5721 1498 18 4194304
5735 1377 24 4194304
5696 1503 23 4194304
5717 1362 19 4194304
5704 1460 23 4194304
5720 901 41 4194304
5724 874 21 4194304
5674 955 27 4194304
5675 944 21 4194304
7050 1257 33 4194304
7663 1389 30 4194304
6568 1137 28 4194304
6716 1259 29 4194304
7719 1524 30 4194304
7662 1432 30 4194304
6876 1202 29 4194304
6532 1172 30 4194304
6917 1260 26 4194304
56243 1382 30 4194304
7366 1378 32 4194304
5858 889 23 4194304
5801 1374 25 4194304
5726 1481 18 4194304
5726 1384 17 4194304
5703 1498 18 4194304
5806 1382 23 4194304
5665 1569 17 4194304
5837 1395 22 4194304
5767 1567 18 4194304
5854 1505 17 4194304
5631 1545 17 4194304
5727 1537 17 4194304
5806 1510 17 4194304
5773 1353 17 4194304
5759 1505 16 4194304
5754 1333 16 4194304
5749 1609 21 4194304
5809 1363 30 4194304
5740 1575 23 4194304
5765 1341 23 4194304
5703 1571 22 4194304
5751 1438 23 4194304
5750 1607 17 4194304
5781 1355 17 4194304
5718 1564 23 4194304
5808 1381 23 4194304
5681 1587 21 4194304
5716 1336 17 4194304
5730 1627 22 4194304
5741 1349 18 4194304
5719 1536 17 4194304
5710 1342 17 4194304
5788 1698 23 4194304
5801 892 45 4194304
5665 897 23 4194304
5639 973 22 4194304
5620 959 22 4194304
5670 968 22 4194304
5660 875 26 4194304
5654 862 26 4194304
5639 912 28 4194304
5743 889 25 4194304
5535 851 24 4194304
5720 841 24 4194304
5703 860 28 4194304
5665 943 30 4194304
5734 907 35 4194304
5703 939 28 4194304
5772 896 30 4194304
5850 1345 30 4194304
5806 1566 25 4194304
5749 1377 24 4194304
5690 1672 24 4194304
5841 1354 24 4194304
5721 1518 23 4194304
5787 1366 23 4194304
54334 1499 24 4194304
5842 1433 24 4194304
5710 1496 24 4194304
5761 1381 23 4194304
5714 1607 23 4194304
5738 1384 23 4194304
5810 1555 23 4194304
5766 1388 23 4194304
5781 1584 23 4194304
5727 897 48 4194304
5676 926 23 4194304
7390 1040 35 4194304
5618 987 24 4194304
5713 993 22 4194304
5656 947 20 4194304
5728 952 21 4194304
5702 952 22 4194304
5812 955 21 4194304
5638 967 23 4194304
5693 971 22 4194304
5743 938 21 4194304
5730 1000 23 4194304
5693 941 22 4194304
5714 999 24 4194304
5700 890 16 4194304
5690 1410 31 4194304
5699 1654 24 4194304
5731 1420 24 4194304
5742 1542 24 4194304
5802 1445 25 4194304
5742 1552 24 4194304
5828 1473 24 4194304
805 1929 27 4194304
5924 1414 23 4194304
5760 1532 18 4194304
5951 1483 21 4194304
5806 1521 18 4194304
5773 1381 18 4194304
5791 1534 17 4194304
5865 986 51 4194304
5648 917 17 4194304
5734 894 42 4194304
5688 883 25 4194304
5681 989 27 4194304
5647 921 53 4194304
5746 926 26 4194304
5679 925 25 4194304
5706 973 24 4194304
5751 906 26 4194304
5768 918 24 4194304
5695 916 25 4194304
6730 1075 41 4194304
8245 1285 40 4194304
9453 1429 33 4194304
8294 1433 39 4194304
8174 1380 28 4194304
5878 877 25 4194304
5746 855 38 4194304
5845 834 27 4194304
5748 972 24 4194304
5649 915 20 4194304
5810 1077 30 4194304
5695 909 22 4194304
5768 931 24 4194304
7474 1330 47 4194304
7703 1475 33 4194304
7603 1433 30 4194304
6907 1228 30 4194304
7711 1357 28 4194304
5813 984 36 4194304
5707 930 26 4194304
5691 974 25 4194304
5633 860 15 4194304
6755 1504 28 4194304
5814 1580 24 4194304
5829 1402 23 4194304
5811 1722 25 4194304
5859 1388 22 4194304
5811 1552 23 4194304
5811 1400 22 4194304
5819 1527 22 4194304
6005 1428 21 4194304
5762 1537 22 4194304
5861 1400 22 4194304
5869 1565 21 4194304
5866 1482 21 4194304
5848 1551 22 4194304
5784 1480 21 4194304
5877 1505 22 4194304
5852 1361 30 4194304
5820 1477 24 4194304
5845 1430 23 4194304
5845 1596 23 4194304
5837 1540 23 4194304
5765 1599 24 4194304
5727 1386 24 4194304
5791 1480 23 4194304
5897 1446 22 4194304
5727 1511 23 4194304
5796 1471 23 4194304
5786 1603 24 4194304
5781 1380 23 4194304
5775 1503 23 4194304
5766 1505 23 4194304
5781 1484 23 4194304
5811 1357 24 4194304
5780 1517 18 4194304
5704 1376 18 4194304
5693 1635 17 4194304
5732 1382 17 4194304
5695 1514 16 4194304
5723 1375 17 4194304
5742 1560 17 4194304
5812 1379 17 4194304
5645 1564 16 4194304
5713 1345 17 4194304
5708 1463 17 4194304
5710 1367 17 4194304
5729 1488 17 4194304
5706 1373 17 4194304
5705 1520 18 4194304
5822 851 52 4194304
5732 909 31 4194304
5745 1027 30 4194304
5648 952 22 4194304
5728 994 23 4194304
5701 937 23 4194304
5696 948 25 4194304
5726 945 29 4194304
5800 952 25 4194304
5633 966 30 4194304
5897 956 30 4194304
5756 939 26 4194304
5725 960 24 4194304
5681 954 24 4194304
5725 960 27 4194304
5657 890 18 4194304
5688 1391 30 4194304
5708 1520 18 4194304
5701 1376 16 4194304
5695 1521 23 4194304
5773 1345 17 4194304
5667 1506 23 4194304
5673 1344 18 4194304
5736 1578 24 4194304
5833 1362 23 4194304
5669 1501 18 4194304
5715 1327 17 4194304
5681 1514 17 4194304
5664 1367 18 4194304
5683 1487 16 4194304
5706 1365 17 4194304
5704 1496 17 4194304
7507 1359 48 4194304
5849 1496 27 4194304
5827 1346 30 4194304
5786 1531 27 4194304
5794 1337 25 4194304
5733 1478 25 4194304
54300 1330 25 4194304
5686 1483 23 4194304
5802 1355 27 4194304
5652 1449 23 4194304
5740 1336 24 4194304
5760 1491 24 4194304
5740 1334 24 4194304
5709 1494 24 4194304
5716 1416 23 4194304
5691 1546 24 4194304
5823 1432 42 4194304
5802 1531 25 4194304
5770 1378 24 4194304
5718 1618 24 4194304
5824 1377 24 4194304
5728 1517 23 4194304
5712 1391 18 4194304
5706 1542 18 4194304
5860 1403 24 4194304
5662 1543 23 4194304
5696 1403 19 4194304
5726 1532 18 4194304
5737 1400 18 4194304
5787 1489 17 4194304
5773 1399 16 4194304
5774 1520 21 4194304
6412 973 46 4194304
5730 936 25 4194304
5729 973 28 4194304
5633 1008 22 4194304
5811 961 29 4194304
5670 928 30 4194304
5681 964 26 4194304
5686 908 24 4194304
5694 971 24 4194304
5614 967 24 4194304
5711 972 23 4194304
5732 956 25 4194304
5698 955 23 4194304
5673 971 26 4194304
5745 966 26 4194304
5688 909 18 4194304
5917 1390 27 4194304
5791 1574 19 4194304
5833 1397 24 4194304
5804 1632 23 4194304
5817 1435 22 4194304
5720 1527 24 419430